[0.271s] Invoking command in '/home/vodka/turtlebot3_ws/build/turtlebot3_msgs': CMAKE_PREFIX_PATH=/opt/ros/humble /usr/bin/cmake --build /home/vodka/turtlebot3_ws/build/turtlebot3_msgs -- -j4 -l4
[0.396s] [  1%] Built target turtlebot3_msgs__cpp
[0.418s] [ 12%] Built target turtlebot3_msgs__rosidl_generator_c
[0.446s] [ 12%] Built target ament_cmake_python_symlink_turtlebot3_msgs
[0.520s] [ 23%] Built target turtlebot3_msgs__rosidl_typesupport_fastrtps_cpp
[0.536s] [ 35%] Built target turtlebot3_msgs__rosidl_typesupport_introspection_c
[0.553s] [ 46%] Built target turtlebot3_msgs__rosidl_typesupport_c
[0.576s] [ 57%] Built target turtlebot3_msgs__rosidl_typesupport_cpp
[0.651s] [ 69%] Built target turtlebot3_msgs__rosidl_typesupport_fastrtps_c
[0.652s] [ 80%] Built target turtlebot3_msgs__rosidl_typesupport_introspection_cpp
[0.729s] [ 80%] Built target turtlebot3_msgs
[0.813s] [ 81%] Built target turtlebot3_msgs__py
[0.909s] [ 91%] Built target turtlebot3_msgs__rosidl_generator_py
[0.997s] [ 94%] Built target turtlebot3_msgs__rosidl_typesupport_introspection_c__pyext
[1.014s] [ 97%] Built target turtlebot3_msgs__rosidl_typesupport_c__pyext
[1.026s] [100%] Built target turtlebot3_msgs__rosidl_typesupport_fastrtps_c__pyext
[1.228s] running egg_info
[1.230s] writing turtlebot3_msgs.egg-info/PKG-INFO
[1.231s] writing dependency_links to turtlebot3_msgs.egg-info/dependency_links.txt
[1.231s] writing top-level names to turtlebot3_msgs.egg-info/top_level.txt
[1.236s] reading manifest file 'turtlebot3_msgs.egg-info/SOURCES.txt'
[1.238s] writing manifest file 'turtlebot3_msgs.egg-info/SOURCES.txt'
[1.297s] [100%] Built target ament_cmake_python_build_turtlebot3_msgs_egg
[1.536s] Invoked command in '/home/vodka/turtlebot3_ws/build/turtlebot3_msgs' returned '0': CMAKE_PREFIX_PATH=/opt/ros/humble /usr/bin/cmake --build /home/vodka/turtlebot3_ws/build/turtlebot3_msgs -- -j4 -l4
[1.927s] Invoking command in '/home/vodka/turtlebot3_ws/build/turtlebot3_msgs': CMAKE_PREFIX_PATH=/opt/ros/humble /usr/bin/cmake --install /home/vodka/turtlebot3_ws/build/turtlebot3_msgs
[1.940s] -- Install configuration: ""
[1.941s] -- Execute custom install script
[1.941s] -- Up-to-date symlink: /home/vodka/turtlebot3_ws/install/turtlebot3_msgs/share/ament_index/resource_index/rosidl_interfaces/turtlebot3_msgs
[1.943s] -- Up-to-date symlink: /home/vodka/turtlebot3_ws/install/turtlebot3_msgs/include/turtlebot3_msgs/turtlebot3_msgs/action/detail/patrol__functions.h
[1.943s] -- Up-to-date symlink: /home/vodka/turtlebot3_ws/install/turtlebot3_msgs/include/turtlebot3_msgs/turtlebot3_msgs/action/detail/patrol__struct.h
[1.943s] -- Up-to-date symlink: /home/vodka/turtlebot3_ws/install/turtlebot3_msgs/include/turtlebot3_msgs/turtlebot3_msgs/action/detail/patrol__type_support.h
[1.948s] -- Up-to-date symlink: /home/vodka/turtlebot3_ws/install/turtlebot3_msgs/include/turtlebot3_msgs/turtlebot3_msgs/action/patrol.h
[1.948s] -- Up-to-date symlink: /home/vodka/turtlebot3_ws/install/turtlebot3_msgs/include/turtlebot3_msgs/turtlebot3_msgs/msg/detail/sensor_state__functions.h
[1.948s] -- Up-to-date symlink: /home/vodka/turtlebot3_ws/install/turtlebot3_msgs/include/turtlebot3_msgs/turtlebot3_msgs/msg/detail/sensor_state__struct.h
[1.948s] -- Up-to-date symlink: /home/vodka/turtlebot3_ws/install/turtlebot3_msgs/include/turtlebot3_msgs/turtlebot3_msgs/msg/detail/sensor_state__type_support.h
[1.948s] -- Up-to-date symlink: /home/vodka/turtlebot3_ws/install/turtlebot3_msgs/include/turtlebot3_msgs/turtlebot3_msgs/msg/detail/sound__functions.h
[1.948s] -- Up-to-date symlink: /home/vodka/turtlebot3_ws/install/turtlebot3_msgs/include/turtlebot3_msgs/turtlebot3_msgs/msg/detail/sound__struct.h
[1.949s] -- Up-to-date symlink: /home/vodka/turtlebot3_ws/install/turtlebot3_msgs/include/turtlebot3_msgs/turtlebot3_msgs/msg/detail/sound__type_support.h
[1.949s] -- Up-to-date symlink: /home/vodka/turtlebot3_ws/install/turtlebot3_msgs/include/turtlebot3_msgs/turtlebot3_msgs/msg/detail/version_info__functions.h
[1.949s] -- Up-to-date symlink: /home/vodka/turtlebot3_ws/install/turtlebot3_msgs/include/turtlebot3_msgs/turtlebot3_msgs/msg/detail/version_info__struct.h
[1.949s] -- Up-to-date symlink: /home/vodka/turtlebot3_ws/install/turtlebot3_msgs/include/turtlebot3_msgs/turtlebot3_msgs/msg/detail/version_info__type_support.h
[1.950s] -- Up-to-date symlink: /home/vodka/turtlebot3_ws/install/turtlebot3_msgs/include/turtlebot3_msgs/turtlebot3_msgs/msg/rosidl_generator_c__visibility_control.h
[1.950s] -- Up-to-date symlink: /home/vodka/turtlebot3_ws/install/turtlebot3_msgs/include/turtlebot3_msgs/turtlebot3_msgs/msg/sensor_state.h
[1.950s] -- Up-to-date symlink: /home/vodka/turtlebot3_ws/install/turtlebot3_msgs/include/turtlebot3_msgs/turtlebot3_msgs/msg/sound.h
[1.950s] -- Up-to-date symlink: /home/vodka/turtlebot3_ws/install/turtlebot3_msgs/include/turtlebot3_msgs/turtlebot3_msgs/msg/version_info.h
[1.950s] -- Up-to-date symlink: /home/vodka/turtlebot3_ws/install/turtlebot3_msgs/include/turtlebot3_msgs/turtlebot3_msgs/srv/detail/dqn__functions.h
[1.950s] -- Up-to-date symlink: /home/vodka/turtlebot3_ws/install/turtlebot3_msgs/include/turtlebot3_msgs/turtlebot3_msgs/srv/detail/dqn__struct.h
[1.951s] -- Up-to-date symlink: /home/vodka/turtlebot3_ws/install/turtlebot3_msgs/include/turtlebot3_msgs/turtlebot3_msgs/srv/detail/dqn__type_support.h
[1.951s] -- Up-to-date symlink: /home/vodka/turtlebot3_ws/install/turtlebot3_msgs/include/turtlebot3_msgs/turtlebot3_msgs/srv/detail/sound__functions.h
[1.951s] -- Up-to-date symlink: /home/vodka/turtlebot3_ws/install/turtlebot3_msgs/include/turtlebot3_msgs/turtlebot3_msgs/srv/detail/sound__struct.h
[1.953s] -- Up-to-date symlink: /home/vodka/turtlebot3_ws/install/turtlebot3_msgs/include/turtlebot3_msgs/turtlebot3_msgs/srv/detail/sound__type_support.h
[1.953s] -- Up-to-date symlink: /home/vodka/turtlebot3_ws/install/turtlebot3_msgs/include/turtlebot3_msgs/turtlebot3_msgs/srv/dqn.h
[1.953s] -- Up-to-date symlink: /home/vodka/turtlebot3_ws/install/turtlebot3_msgs/include/turtlebot3_msgs/turtlebot3_msgs/srv/sound.h
[1.953s] -- Up-to-date symlink: /home/vodka/turtlebot3_ws/install/turtlebot3_msgs/share/turtlebot3_msgs/environment/library_path.sh
[1.954s] -- Up-to-date symlink: /home/vodka/turtlebot3_ws/install/turtlebot3_msgs/share/turtlebot3_msgs/environment/library_path.dsv
[1.954s] -- Up-to-date symlink: /home/vodka/turtlebot3_ws/install/turtlebot3_msgs/include/turtlebot3_msgs/turtlebot3_msgs/action/detail/patrol__rosidl_typesupport_fastrtps_c.h
[1.954s] -- Up-to-date symlink: /home/vodka/turtlebot3_ws/install/turtlebot3_msgs/include/turtlebot3_msgs/turtlebot3_msgs/msg/detail/sensor_state__rosidl_typesupport_fastrtps_c.h
[1.954s] -- Up-to-date symlink: /home/vodka/turtlebot3_ws/install/turtlebot3_msgs/include/turtlebot3_msgs/turtlebot3_msgs/msg/detail/sound__rosidl_typesupport_fastrtps_c.h
[1.954s] -- Up-to-date symlink: /home/vodka/turtlebot3_ws/install/turtlebot3_msgs/include/turtlebot3_msgs/turtlebot3_msgs/msg/detail/version_info__rosidl_typesupport_fastrtps_c.h
[1.954s] -- Up-to-date symlink: /home/vodka/turtlebot3_ws/install/turtlebot3_msgs/include/turtlebot3_msgs/turtlebot3_msgs/msg/rosidl_typesupport_fastrtps_c__visibility_control.h
[1.954s] -- Up-to-date symlink: /home/vodka/turtlebot3_ws/install/turtlebot3_msgs/include/turtlebot3_msgs/turtlebot3_msgs/srv/detail/dqn__rosidl_typesupport_fastrtps_c.h
[1.955s] -- Up-to-date symlink: /home/vodka/turtlebot3_ws/install/turtlebot3_msgs/include/turtlebot3_msgs/turtlebot3_msgs/srv/detail/sound__rosidl_typesupport_fastrtps_c.h
[1.955s] -- Up-to-date symlink: /home/vodka/turtlebot3_ws/install/turtlebot3_msgs/include/turtlebot3_msgs/turtlebot3_msgs/action/detail/patrol__builder.hpp
[1.955s] -- Up-to-date symlink: /home/vodka/turtlebot3_ws/install/turtlebot3_msgs/include/turtlebot3_msgs/turtlebot3_msgs/action/detail/patrol__struct.hpp
[1.958s] -- Up-to-date symlink: /home/vodka/turtlebot3_ws/install/turtlebot3_msgs/include/turtlebot3_msgs/turtlebot3_msgs/action/detail/patrol__traits.hpp
[1.958s] -- Up-to-date symlink: /home/vodka/turtlebot3_ws/install/turtlebot3_msgs/include/turtlebot3_msgs/turtlebot3_msgs/action/patrol.hpp
[1.958s] -- Up-to-date symlink: /home/vodka/turtlebot3_ws/install/turtlebot3_msgs/include/turtlebot3_msgs/turtlebot3_msgs/msg/detail/sensor_state__builder.hpp
[1.958s] -- Up-to-date symlink: /home/vodka/turtlebot3_ws/install/turtlebot3_msgs/include/turtlebot3_msgs/turtlebot3_msgs/msg/detail/sensor_state__struct.hpp
[1.959s] -- Up-to-date symlink: /home/vodka/turtlebot3_ws/install/turtlebot3_msgs/include/turtlebot3_msgs/turtlebot3_msgs/msg/detail/sensor_state__traits.hpp
[1.959s] -- Up-to-date symlink: /home/vodka/turtlebot3_ws/install/turtlebot3_msgs/include/turtlebot3_msgs/turtlebot3_msgs/msg/detail/sound__builder.hpp
[1.959s] -- Up-to-date symlink: /home/vodka/turtlebot3_ws/install/turtlebot3_msgs/include/turtlebot3_msgs/turtlebot3_msgs/msg/detail/sound__struct.hpp
[1.959s] -- Up-to-date symlink: /home/vodka/turtlebot3_ws/install/turtlebot3_msgs/include/turtlebot3_msgs/turtlebot3_msgs/msg/detail/sound__traits.hpp
[1.960s] -- Up-to-date symlink: /home/vodka/turtlebot3_ws/install/turtlebot3_msgs/include/turtlebot3_msgs/turtlebot3_msgs/msg/detail/version_info__builder.hpp
[1.960s] -- Up-to-date symlink: /home/vodka/turtlebot3_ws/install/turtlebot3_msgs/include/turtlebot3_msgs/turtlebot3_msgs/msg/detail/version_info__struct.hpp
[1.961s] -- Up-to-date symlink: /home/vodka/turtlebot3_ws/install/turtlebot3_msgs/include/turtlebot3_msgs/turtlebot3_msgs/msg/detail/version_info__traits.hpp
[1.961s] -- Up-to-date symlink: /home/vodka/turtlebot3_ws/install/turtlebot3_msgs/include/turtlebot3_msgs/turtlebot3_msgs/msg/sensor_state.hpp
[1.961s] -- Up-to-date symlink: /home/vodka/turtlebot3_ws/install/turtlebot3_msgs/include/turtlebot3_msgs/turtlebot3_msgs/msg/sound.hpp
[1.961s] -- Up-to-date symlink: /home/vodka/turtlebot3_ws/install/turtlebot3_msgs/include/turtlebot3_msgs/turtlebot3_msgs/msg/version_info.hpp
[1.961s] -- Up-to-date symlink: /home/vodka/turtlebot3_ws/install/turtlebot3_msgs/include/turtlebot3_msgs/turtlebot3_msgs/srv/detail/dqn__builder.hpp
[1.962s] -- Up-to-date symlink: /home/vodka/turtlebot3_ws/install/turtlebot3_msgs/include/turtlebot3_msgs/turtlebot3_msgs/srv/detail/dqn__struct.hpp
[1.962s] -- Up-to-date symlink: /home/vodka/turtlebot3_ws/install/turtlebot3_msgs/include/turtlebot3_msgs/turtlebot3_msgs/srv/detail/dqn__traits.hpp
[1.963s] -- Up-to-date symlink: /home/vodka/turtlebot3_ws/install/turtlebot3_msgs/include/turtlebot3_msgs/turtlebot3_msgs/srv/detail/sound__builder.hpp
[1.963s] -- Up-to-date symlink: /home/vodka/turtlebot3_ws/install/turtlebot3_msgs/include/turtlebot3_msgs/turtlebot3_msgs/srv/detail/sound__struct.hpp
[1.964s] -- Up-to-date symlink: /home/vodka/turtlebot3_ws/install/turtlebot3_msgs/include/turtlebot3_msgs/turtlebot3_msgs/srv/detail/sound__traits.hpp
[1.964s] -- Up-to-date symlink: /home/vodka/turtlebot3_ws/install/turtlebot3_msgs/include/turtlebot3_msgs/turtlebot3_msgs/srv/dqn.hpp
[1.965s] -- Up-to-date symlink: /home/vodka/turtlebot3_ws/install/turtlebot3_msgs/include/turtlebot3_msgs/turtlebot3_msgs/srv/sound.hpp
[1.965s] -- Up-to-date symlink: /home/vodka/turtlebot3_ws/install/turtlebot3_msgs/include/turtlebot3_msgs/turtlebot3_msgs/action/detail/patrol__rosidl_typesupport_fastrtps_cpp.hpp
[1.966s] -- Up-to-date symlink: /home/vodka/turtlebot3_ws/install/turtlebot3_msgs/include/turtlebot3_msgs/turtlebot3_msgs/msg/detail/sensor_state__rosidl_typesupport_fastrtps_cpp.hpp
[1.966s] -- Up-to-date symlink: /home/vodka/turtlebot3_ws/install/turtlebot3_msgs/include/turtlebot3_msgs/turtlebot3_msgs/msg/detail/sound__rosidl_typesupport_fastrtps_cpp.hpp
[1.967s] -- Up-to-date symlink: /home/vodka/turtlebot3_ws/install/turtlebot3_msgs/include/turtlebot3_msgs/turtlebot3_msgs/msg/detail/version_info__rosidl_typesupport_fastrtps_cpp.hpp
[1.967s] -- Up-to-date symlink: /home/vodka/turtlebot3_ws/install/turtlebot3_msgs/include/turtlebot3_msgs/turtlebot3_msgs/msg/rosidl_typesupport_fastrtps_cpp__visibility_control.h
[1.968s] -- Up-to-date symlink: /home/vodka/turtlebot3_ws/install/turtlebot3_msgs/include/turtlebot3_msgs/turtlebot3_msgs/srv/detail/dqn__rosidl_typesupport_fastrtps_cpp.hpp
[1.972s] -- Up-to-date symlink: /home/vodka/turtlebot3_ws/install/turtlebot3_msgs/include/turtlebot3_msgs/turtlebot3_msgs/srv/detail/sound__rosidl_typesupport_fastrtps_cpp.hpp
[1.973s] -- Up-to-date symlink: /home/vodka/turtlebot3_ws/install/turtlebot3_msgs/include/turtlebot3_msgs/turtlebot3_msgs/action/detail/patrol__rosidl_typesupport_introspection_c.h
[1.974s] -- Up-to-date symlink: /home/vodka/turtlebot3_ws/install/turtlebot3_msgs/include/turtlebot3_msgs/turtlebot3_msgs/msg/detail/sensor_state__rosidl_typesupport_introspection_c.h
[1.974s] -- Up-to-date symlink: /home/vodka/turtlebot3_ws/install/turtlebot3_msgs/include/turtlebot3_msgs/turtlebot3_msgs/msg/detail/sound__rosidl_typesupport_introspection_c.h
[1.975s] -- Up-to-date symlink: /home/vodka/turtlebot3_ws/install/turtlebot3_msgs/include/turtlebot3_msgs/turtlebot3_msgs/msg/detail/version_info__rosidl_typesupport_introspection_c.h
[1.976s] -- Up-to-date symlink: /home/vodka/turtlebot3_ws/install/turtlebot3_msgs/include/turtlebot3_msgs/turtlebot3_msgs/msg/rosidl_typesupport_introspection_c__visibility_control.h
[1.976s] -- Up-to-date symlink: /home/vodka/turtlebot3_ws/install/turtlebot3_msgs/include/turtlebot3_msgs/turtlebot3_msgs/srv/detail/dqn__rosidl_typesupport_introspection_c.h
[1.977s] -- Up-to-date symlink: /home/vodka/turtlebot3_ws/install/turtlebot3_msgs/include/turtlebot3_msgs/turtlebot3_msgs/srv/detail/sound__rosidl_typesupport_introspection_c.h
[1.978s] -- Up-to-date symlink: /home/vodka/turtlebot3_ws/install/turtlebot3_msgs/include/turtlebot3_msgs/turtlebot3_msgs/action/detail/patrol__rosidl_typesupport_introspection_cpp.hpp
[1.979s] -- Up-to-date symlink: /home/vodka/turtlebot3_ws/install/turtlebot3_msgs/include/turtlebot3_msgs/turtlebot3_msgs/msg/detail/sensor_state__rosidl_typesupport_introspection_cpp.hpp
[1.980s] -- Up-to-date symlink: /home/vodka/turtlebot3_ws/install/turtlebot3_msgs/include/turtlebot3_msgs/turtlebot3_msgs/msg/detail/sound__rosidl_typesupport_introspection_cpp.hpp
[1.981s] -- Up-to-date symlink: /home/vodka/turtlebot3_ws/install/turtlebot3_msgs/include/turtlebot3_msgs/turtlebot3_msgs/msg/detail/version_info__rosidl_typesupport_introspection_cpp.hpp
[1.981s] -- Up-to-date symlink: /home/vodka/turtlebot3_ws/install/turtlebot3_msgs/include/turtlebot3_msgs/turtlebot3_msgs/srv/detail/dqn__rosidl_typesupport_introspection_cpp.hpp
[1.982s] -- Up-to-date symlink: /home/vodka/turtlebot3_ws/install/turtlebot3_msgs/include/turtlebot3_msgs/turtlebot3_msgs/srv/detail/sound__rosidl_typesupport_introspection_cpp.hpp
[1.983s] -- Up-to-date symlink: /home/vodka/turtlebot3_ws/install/turtlebot3_msgs/share/turtlebot3_msgs/environment/pythonpath.sh
[1.984s] -- Up-to-date symlink: /home/vodka/turtlebot3_ws/install/turtlebot3_msgs/share/turtlebot3_msgs/environment/pythonpath.dsv
[1.985s] -- Up-to-date symlink: /home/vodka/turtlebot3_ws/install/turtlebot3_msgs/local/lib/python3.10/dist-packages/turtlebot3_msgs-2.2.3-py3.10.egg-info/PKG-INFO
[1.986s] -- Up-to-date symlink: /home/vodka/turtlebot3_ws/install/turtlebot3_msgs/local/lib/python3.10/dist-packages/turtlebot3_msgs-2.2.3-py3.10.egg-info/SOURCES.txt
[1.986s] -- Up-to-date symlink: /home/vodka/turtlebot3_ws/install/turtlebot3_msgs/local/lib/python3.10/dist-packages/turtlebot3_msgs-2.2.3-py3.10.egg-info/dependency_links.txt
[1.987s] -- Up-to-date symlink: /home/vodka/turtlebot3_ws/install/turtlebot3_msgs/local/lib/python3.10/dist-packages/turtlebot3_msgs-2.2.3-py3.10.egg-info/top_level.txt
[1.990s] -- Up-to-date symlink: /home/vodka/turtlebot3_ws/install/turtlebot3_msgs/local/lib/python3.10/dist-packages/turtlebot3_msgs/__init__.py
[1.990s] -- Up-to-date symlink: /home/vodka/turtlebot3_ws/install/turtlebot3_msgs/local/lib/python3.10/dist-packages/turtlebot3_msgs/_turtlebot3_msgs_s.ep.rosidl_typesupport_c.c
[1.991s] -- Up-to-date symlink: /home/vodka/turtlebot3_ws/install/turtlebot3_msgs/local/lib/python3.10/dist-packages/turtlebot3_msgs/_turtlebot3_msgs_s.ep.rosidl_typesupport_fastrtps_c.c
[1.991s] -- Up-to-date symlink: /home/vodka/turtlebot3_ws/install/turtlebot3_msgs/local/lib/python3.10/dist-packages/turtlebot3_msgs/_turtlebot3_msgs_s.ep.rosidl_typesupport_introspection_c.c
[1.993s] -- Up-to-date symlink: /home/vodka/turtlebot3_ws/install/turtlebot3_msgs/local/lib/python3.10/dist-packages/turtlebot3_msgs/action/__init__.py
[1.993s] -- Up-to-date symlink: /home/vodka/turtlebot3_ws/install/turtlebot3_msgs/local/lib/python3.10/dist-packages/turtlebot3_msgs/action/_patrol.py
[1.994s] -- Up-to-date symlink: /home/vodka/turtlebot3_ws/install/turtlebot3_msgs/local/lib/python3.10/dist-packages/turtlebot3_msgs/action/_patrol_s.c
[1.994s] -- Up-to-date symlink: /home/vodka/turtlebot3_ws/install/turtlebot3_msgs/local/lib/python3.10/dist-packages/turtlebot3_msgs/libturtlebot3_msgs__rosidl_generator_py.so
[1.995s] -- Up-to-date symlink: /home/vodka/turtlebot3_ws/install/turtlebot3_msgs/local/lib/python3.10/dist-packages/turtlebot3_msgs/msg/__init__.py
[1.997s] -- Up-to-date symlink: /home/vodka/turtlebot3_ws/install/turtlebot3_msgs/local/lib/python3.10/dist-packages/turtlebot3_msgs/msg/_sensor_state.py
[1.998s] -- Up-to-date symlink: /home/vodka/turtlebot3_ws/install/turtlebot3_msgs/local/lib/python3.10/dist-packages/turtlebot3_msgs/msg/_sensor_state_s.c
[1.998s] -- Up-to-date symlink: /home/vodka/turtlebot3_ws/install/turtlebot3_msgs/local/lib/python3.10/dist-packages/turtlebot3_msgs/msg/_sound.py
[1.999s] -- Up-to-date symlink: /home/vodka/turtlebot3_ws/install/turtlebot3_msgs/local/lib/python3.10/dist-packages/turtlebot3_msgs/msg/_sound_s.c
[2.000s] -- Up-to-date symlink: /home/vodka/turtlebot3_ws/install/turtlebot3_msgs/local/lib/python3.10/dist-packages/turtlebot3_msgs/msg/_version_info.py
[2.001s] -- Up-to-date symlink: /home/vodka/turtlebot3_ws/install/turtlebot3_msgs/local/lib/python3.10/dist-packages/turtlebot3_msgs/msg/_version_info_s.c
[2.001s] -- Up-to-date symlink: /home/vodka/turtlebot3_ws/install/turtlebot3_msgs/local/lib/python3.10/dist-packages/turtlebot3_msgs/srv/__init__.py
[2.002s] -- Up-to-date symlink: /home/vodka/turtlebot3_ws/install/turtlebot3_msgs/local/lib/python3.10/dist-packages/turtlebot3_msgs/srv/_dqn.py
[2.003s] -- Up-to-date symlink: /home/vodka/turtlebot3_ws/install/turtlebot3_msgs/local/lib/python3.10/dist-packages/turtlebot3_msgs/srv/_dqn_s.c
[2.003s] -- Up-to-date symlink: /home/vodka/turtlebot3_ws/install/turtlebot3_msgs/local/lib/python3.10/dist-packages/turtlebot3_msgs/srv/_sound.py
[2.005s] -- Up-to-date symlink: /home/vodka/turtlebot3_ws/install/turtlebot3_msgs/local/lib/python3.10/dist-packages/turtlebot3_msgs/srv/_sound_s.c
[2.005s] -- Up-to-date symlink: /home/vodka/turtlebot3_ws/install/turtlebot3_msgs/local/lib/python3.10/dist-packages/turtlebot3_msgs/turtlebot3_msgs_s__rosidl_typesupport_c.cpython-310-x86_64-linux-gnu.so
[2.006s] -- Up-to-date symlink: /home/vodka/turtlebot3_ws/install/turtlebot3_msgs/local/lib/python3.10/dist-packages/turtlebot3_msgs/turtlebot3_msgs_s__rosidl_typesupport_fastrtps_c.cpython-310-x86_64-linux-gnu.so
[2.010s] -- Up-to-date symlink: /home/vodka/turtlebot3_ws/install/turtlebot3_msgs/local/lib/python3.10/dist-packages/turtlebot3_msgs/turtlebot3_msgs_s__rosidl_typesupport_introspection_c.cpython-310-x86_64-linux-gnu.so
[2.011s] -- Up-to-date symlink: /home/vodka/turtlebot3_ws/install/turtlebot3_msgs/local/lib/python3.10/dist-packages/turtlebot3_msgs/turtlebot3_msgs_s__rosidl_typesupport_fastrtps_c.cpython-310-x86_64-linux-gnu.so
[2.012s] -- Up-to-date symlink: /home/vodka/turtlebot3_ws/install/turtlebot3_msgs/local/lib/python3.10/dist-packages/turtlebot3_msgs/turtlebot3_msgs_s__rosidl_typesupport_introspection_c.cpython-310-x86_64-linux-gnu.so
[2.014s] -- Up-to-date symlink: /home/vodka/turtlebot3_ws/install/turtlebot3_msgs/local/lib/python3.10/dist-packages/turtlebot3_msgs/turtlebot3_msgs_s__rosidl_typesupport_c.cpython-310-x86_64-linux-gnu.so
[2.014s] -- Up-to-date symlink: /home/vodka/turtlebot3_ws/install/turtlebot3_msgs/share/turtlebot3_msgs/msg/SensorState.idl
[2.015s] -- Up-to-date symlink: /home/vodka/turtlebot3_ws/install/turtlebot3_msgs/share/turtlebot3_msgs/msg/Sound.idl
[2.015s] -- Up-to-date symlink: /home/vodka/turtlebot3_ws/install/turtlebot3_msgs/share/turtlebot3_msgs/msg/VersionInfo.idl
[2.015s] -- Up-to-date symlink: /home/vodka/turtlebot3_ws/install/turtlebot3_msgs/share/turtlebot3_msgs/srv/Sound.idl
[2.016s] -- Up-to-date symlink: /home/vodka/turtlebot3_ws/install/turtlebot3_msgs/share/turtlebot3_msgs/srv/Dqn.idl
[2.017s] -- Up-to-date symlink: /home/vodka/turtlebot3_ws/install/turtlebot3_msgs/share/turtlebot3_msgs/action/Patrol.idl
[2.017s] -- Up-to-date symlink: /home/vodka/turtlebot3_ws/install/turtlebot3_msgs/share/turtlebot3_msgs/msg/SensorState.msg
[2.017s] -- Up-to-date symlink: /home/vodka/turtlebot3_ws/install/turtlebot3_msgs/share/turtlebot3_msgs/msg/Sound.msg
[2.017s] -- Up-to-date symlink: /home/vodka/turtlebot3_ws/install/turtlebot3_msgs/share/turtlebot3_msgs/msg/VersionInfo.msg
[2.017s] -- Up-to-date symlink: /home/vodka/turtlebot3_ws/install/turtlebot3_msgs/share/turtlebot3_msgs/srv/Sound.srv
[2.018s] -- Up-to-date symlink: /home/vodka/turtlebot3_ws/install/turtlebot3_msgs/share/turtlebot3_msgs/srv/Sound_Request.msg
[2.018s] -- Up-to-date symlink: /home/vodka/turtlebot3_ws/install/turtlebot3_msgs/share/turtlebot3_msgs/srv/Sound_Response.msg
[2.018s] -- Up-to-date symlink: /home/vodka/turtlebot3_ws/install/turtlebot3_msgs/share/turtlebot3_msgs/srv/Dqn.srv
[2.018s] -- Up-to-date symlink: /home/vodka/turtlebot3_ws/install/turtlebot3_msgs/share/turtlebot3_msgs/srv/Dqn_Request.msg
[2.018s] -- Up-to-date symlink: /home/vodka/turtlebot3_ws/install/turtlebot3_msgs/share/turtlebot3_msgs/srv/Dqn_Response.msg
[2.019s] -- Up-to-date symlink: /home/vodka/turtlebot3_ws/install/turtlebot3_msgs/share/turtlebot3_msgs/action/Patrol.action
[2.019s] -- Up-to-date symlink: /home/vodka/turtlebot3_ws/install/turtlebot3_msgs/share/ament_index/resource_index/package_run_dependencies/turtlebot3_msgs
[2.019s] -- Up-to-date symlink: /home/vodka/turtlebot3_ws/install/turtlebot3_msgs/share/ament_index/resource_index/parent_prefix_path/turtlebot3_msgs
[2.019s] -- Up-to-date symlink: /home/vodka/turtlebot3_ws/install/turtlebot3_msgs/share/turtlebot3_msgs/environment/ament_prefix_path.sh
[2.019s] -- Up-to-date symlink: /home/vodka/turtlebot3_ws/install/turtlebot3_msgs/share/turtlebot3_msgs/environment/ament_prefix_path.dsv
[2.020s] -- Up-to-date symlink: /home/vodka/turtlebot3_ws/install/turtlebot3_msgs/share/turtlebot3_msgs/environment/path.sh
[2.020s] -- Up-to-date symlink: /home/vodka/turtlebot3_ws/install/turtlebot3_msgs/share/turtlebot3_msgs/environment/path.dsv
[2.020s] -- Up-to-date symlink: /home/vodka/turtlebot3_ws/install/turtlebot3_msgs/share/turtlebot3_msgs/local_setup.bash
[2.021s] -- Up-to-date symlink: /home/vodka/turtlebot3_ws/install/turtlebot3_msgs/share/turtlebot3_msgs/local_setup.sh
[2.021s] -- Up-to-date symlink: /home/vodka/turtlebot3_ws/install/turtlebot3_msgs/share/turtlebot3_msgs/local_setup.zsh
[2.021s] -- Up-to-date symlink: /home/vodka/turtlebot3_ws/install/turtlebot3_msgs/share/turtlebot3_msgs/local_setup.dsv
[2.021s] -- Symlinking: /home/vodka/turtlebot3_ws/install/turtlebot3_msgs/share/turtlebot3_msgs/package.dsv
[2.027s] -- Up-to-date symlink: /home/vodka/turtlebot3_ws/install/turtlebot3_msgs/share/ament_index/resource_index/packages/turtlebot3_msgs
[2.027s] -- Up-to-date symlink: /home/vodka/turtlebot3_ws/install/turtlebot3_msgs/share/turtlebot3_msgs/cmake/rosidl_cmake-extras.cmake
[2.027s] -- Up-to-date symlink: /home/vodka/turtlebot3_ws/install/turtlebot3_msgs/share/turtlebot3_msgs/cmake/ament_cmake_export_dependencies-extras.cmake
[2.028s] -- Up-to-date symlink: /home/vodka/turtlebot3_ws/install/turtlebot3_msgs/share/turtlebot3_msgs/cmake/ament_cmake_export_include_directories-extras.cmake
[2.028s] -- Up-to-date symlink: /home/vodka/turtlebot3_ws/install/turtlebot3_msgs/share/turtlebot3_msgs/cmake/ament_cmake_export_libraries-extras.cmake
[2.028s] -- Up-to-date symlink: /home/vodka/turtlebot3_ws/install/turtlebot3_msgs/share/turtlebot3_msgs/cmake/ament_cmake_export_targets-extras.cmake
[2.028s] -- Up-to-date symlink: /home/vodka/turtlebot3_ws/install/turtlebot3_msgs/share/turtlebot3_msgs/cmake/rosidl_cmake_export_typesupport_targets-extras.cmake
[2.029s] -- Up-to-date symlink: /home/vodka/turtlebot3_ws/install/turtlebot3_msgs/share/turtlebot3_msgs/cmake/rosidl_cmake_export_typesupport_libraries-extras.cmake
[2.029s] -- Up-to-date symlink: /home/vodka/turtlebot3_ws/install/turtlebot3_msgs/share/turtlebot3_msgs/cmake/turtlebot3_msgsConfig.cmake
[2.029s] -- Up-to-date symlink: /home/vodka/turtlebot3_ws/install/turtlebot3_msgs/share/turtlebot3_msgs/cmake/turtlebot3_msgsConfig-version.cmake
[2.029s] -- Up-to-date symlink: /home/vodka/turtlebot3_ws/install/turtlebot3_msgs/share/turtlebot3_msgs/package.xml
[2.030s] -- Up-to-date: /home/vodka/turtlebot3_ws/install/turtlebot3_msgs/lib/libturtlebot3_msgs__rosidl_generator_c.so
[2.030s] -- Up-to-date: /home/vodka/turtlebot3_ws/install/turtlebot3_msgs/lib/libturtlebot3_msgs__rosidl_typesupport_fastrtps_c.so
[2.030s] -- Up-to-date: /home/vodka/turtlebot3_ws/install/turtlebot3_msgs/lib/libturtlebot3_msgs__rosidl_typesupport_fastrtps_cpp.so
[2.030s] -- Up-to-date: /home/vodka/turtlebot3_ws/install/turtlebot3_msgs/lib/libturtlebot3_msgs__rosidl_typesupport_introspection_c.so
[2.031s] -- Up-to-date: /home/vodka/turtlebot3_ws/install/turtlebot3_msgs/lib/libturtlebot3_msgs__rosidl_typesupport_c.so
[2.031s] -- Up-to-date: /home/vodka/turtlebot3_ws/install/turtlebot3_msgs/lib/libturtlebot3_msgs__rosidl_typesupport_introspection_cpp.so
[2.031s] -- Up-to-date: /home/vodka/turtlebot3_ws/install/turtlebot3_msgs/lib/libturtlebot3_msgs__rosidl_typesupport_cpp.so
[2.039s] Listing '/home/vodka/turtlebot3_ws/install/turtlebot3_msgs/local/lib/python3.10/dist-packages/turtlebot3_msgs'...
[2.040s] Listing '/home/vodka/turtlebot3_ws/install/turtlebot3_msgs/local/lib/python3.10/dist-packages/turtlebot3_msgs/action'...
[2.040s] Listing '/home/vodka/turtlebot3_ws/install/turtlebot3_msgs/local/lib/python3.10/dist-packages/turtlebot3_msgs/msg'...
[2.041s] Listing '/home/vodka/turtlebot3_ws/install/turtlebot3_msgs/local/lib/python3.10/dist-packages/turtlebot3_msgs/srv'...
[2.045s] -- Up-to-date: /home/vodka/turtlebot3_ws/install/turtlebot3_msgs/lib/libturtlebot3_msgs__rosidl_generator_py.so
[2.046s] -- Up-to-date: /home/vodka/turtlebot3_ws/install/turtlebot3_msgs/share/turtlebot3_msgs/cmake/export_turtlebot3_msgs__rosidl_generator_cExport.cmake
[2.046s] -- Up-to-date: /home/vodka/turtlebot3_ws/install/turtlebot3_msgs/share/turtlebot3_msgs/cmake/export_turtlebot3_msgs__rosidl_generator_cExport-noconfig.cmake
[2.046s] -- Up-to-date: /home/vodka/turtlebot3_ws/install/turtlebot3_msgs/share/turtlebot3_msgs/cmake/export_turtlebot3_msgs__rosidl_typesupport_fastrtps_cExport.cmake
[2.046s] -- Up-to-date: /home/vodka/turtlebot3_ws/install/turtlebot3_msgs/share/turtlebot3_msgs/cmake/export_turtlebot3_msgs__rosidl_typesupport_fastrtps_cExport-noconfig.cmake
[2.046s] -- Up-to-date: /home/vodka/turtlebot3_ws/install/turtlebot3_msgs/share/turtlebot3_msgs/cmake/export_turtlebot3_msgs__rosidl_generator_cppExport.cmake
[2.047s] -- Up-to-date: /home/vodka/turtlebot3_ws/install/turtlebot3_msgs/share/turtlebot3_msgs/cmake/export_turtlebot3_msgs__rosidl_typesupport_fastrtps_cppExport.cmake
[2.047s] -- Up-to-date: /home/vodka/turtlebot3_ws/install/turtlebot3_msgs/share/turtlebot3_msgs/cmake/export_turtlebot3_msgs__rosidl_typesupport_fastrtps_cppExport-noconfig.cmake
[2.047s] -- Up-to-date: /home/vodka/turtlebot3_ws/install/turtlebot3_msgs/share/turtlebot3_msgs/cmake/turtlebot3_msgs__rosidl_typesupport_introspection_cExport.cmake
[2.048s] -- Up-to-date: /home/vodka/turtlebot3_ws/install/turtlebot3_msgs/share/turtlebot3_msgs/cmake/turtlebot3_msgs__rosidl_typesupport_introspection_cExport-noconfig.cmake
[2.048s] -- Up-to-date: /home/vodka/turtlebot3_ws/install/turtlebot3_msgs/share/turtlebot3_msgs/cmake/turtlebot3_msgs__rosidl_typesupport_cExport.cmake
[2.048s] -- Up-to-date: /home/vodka/turtlebot3_ws/install/turtlebot3_msgs/share/turtlebot3_msgs/cmake/turtlebot3_msgs__rosidl_typesupport_cExport-noconfig.cmake
[2.049s] -- Up-to-date: /home/vodka/turtlebot3_ws/install/turtlebot3_msgs/share/turtlebot3_msgs/cmake/turtlebot3_msgs__rosidl_typesupport_introspection_cppExport.cmake
[2.049s] -- Up-to-date: /home/vodka/turtlebot3_ws/install/turtlebot3_msgs/share/turtlebot3_msgs/cmake/turtlebot3_msgs__rosidl_typesupport_introspection_cppExport-noconfig.cmake
[2.049s] -- Up-to-date: /home/vodka/turtlebot3_ws/install/turtlebot3_msgs/share/turtlebot3_msgs/cmake/turtlebot3_msgs__rosidl_typesupport_cppExport.cmake
[2.049s] -- Up-to-date: /home/vodka/turtlebot3_ws/install/turtlebot3_msgs/share/turtlebot3_msgs/cmake/turtlebot3_msgs__rosidl_typesupport_cppExport-noconfig.cmake
[2.050s] -- Up-to-date: /home/vodka/turtlebot3_ws/install/turtlebot3_msgs/share/turtlebot3_msgs/cmake/export_turtlebot3_msgs__rosidl_generator_pyExport.cmake
[2.050s] -- Up-to-date: /home/vodka/turtlebot3_ws/install/turtlebot3_msgs/share/turtlebot3_msgs/cmake/export_turtlebot3_msgs__rosidl_generator_pyExport-noconfig.cmake
[2.271s] Invoked command in '/home/vodka/turtlebot3_ws/build/turtlebot3_msgs' returned '0': CMAKE_PREFIX_PATH=/opt/ros/humble /usr/bin/cmake --install /home/vodka/turtlebot3_ws/build/turtlebot3_msgs
