[0.086s] Invoking command in '/home/vodka/turtlebot3_ws/build/turtlebot3_bringup': CMAKE_PREFIX_PATH=/home/vodka/turtlebot3_ws/install/turtlebot3_node:/home/vodka/turtlebot3_ws/install/turtlebot3_msgs:/home/vodka/turtlebot3_ws/install/turtlebot3_description:/home/vodka/turtlebot3_ws/install/dynamixel_sdk:/home/vodka/turtlebot3_ws/install/turtlebot3:/home/vodka/turtlebot3_ws/install/turtlebot3_simulations:/home/vodka/turtlebot3_ws/install/turtlebot3_bringup:/home/vodka/turtlebot3_ws/install/turtlebot3_navigation2:/home/vodka/turtlebot3_ws/install/turtlebot3_fake_node:/home/vodka/turtlebot3_ws/install/turtlebot3_gazebo:/home/vodka/turtlebot3_ws/install/turtlebot3_cartographer:/home/vodka/turtlebot3_ws/install/dynamixel_sdk_examples:/home/vodka/turtlebot3_ws/install/dynamixel_sdk_custom_interfaces:/home/vodka/turtlebot3_ws/install/turtlebot3_teleop:/home/vodka/turtlebot3_ws/install/turtlebot3_example:/opt/ros/humble LD_LIBRARY_PATH=/home/vodka/turtlebot3_ws/install/turtlebot3_msgs/lib:/home/vodka/turtlebot3_ws/install/dynamixel_sdk/lib:/home/vodka/turtlebot3_ws/install/dynamixel_sdk_custom_interfaces/lib:/usr/lib/x86_64-linux-gnu/gazebo-11/plugins:/opt/ros/humble/opt/rviz_ogre_vendor/lib:/opt/ros/humble/lib/x86_64-linux-gnu:/opt/ros/humble/lib /usr/bin/cmake /home/vodka/turtlebot3_ws/src/turtlebot3/turtlebot3_bringup -DAMENT_CMAKE_SYMLINK_INSTALL=1 -DCMAKE_INSTALL_PREFIX=/home/vodka/turtlebot3_ws/install/turtlebot3_bringup
[0.147s] -- The C compiler identification is GNU 11.4.0
[0.209s] -- The CXX compiler identification is GNU 11.4.0
[0.217s] -- Detecting C compiler ABI info
[0.292s] -- Detecting C compiler ABI info - done
[0.301s] -- Check for working C compiler: /usr/bin/cc - skipped
[0.301s] -- Detecting C compile features
[0.302s] -- Detecting C compile features - done
[0.305s] -- Detecting CXX compiler ABI info
[0.392s] -- Detecting CXX compiler ABI info - done
[0.401s] -- Check for working CXX compiler: /usr/bin/c++ - skipped
[0.401s] -- Detecting CXX compile features
[0.402s] -- Detecting CXX compile features - done
[0.406s] -- Found ament_cmake: 1.3.6 (/opt/ros/humble/share/ament_cmake/cmake)
[0.613s] -- Found Python3: /usr/bin/python3.10 (found version "3.10.12") found components: Interpreter 
[0.687s] -- Override CMake install command with custom implementation using symlinks instead of copying resources
[0.812s] -- Configuring done
[0.815s] -- Generating done
[0.816s] -- Build files have been written to: /home/vodka/turtlebot3_ws/build/turtlebot3_bringup
[0.821s] Invoked command in '/home/vodka/turtlebot3_ws/build/turtlebot3_bringup' returned '0': CMAKE_PREFIX_PATH=/home/vodka/turtlebot3_ws/install/turtlebot3_node:/home/vodka/turtlebot3_ws/install/turtlebot3_msgs:/home/vodka/turtlebot3_ws/install/turtlebot3_description:/home/vodka/turtlebot3_ws/install/dynamixel_sdk:/home/vodka/turtlebot3_ws/install/turtlebot3:/home/vodka/turtlebot3_ws/install/turtlebot3_simulations:/home/vodka/turtlebot3_ws/install/turtlebot3_bringup:/home/vodka/turtlebot3_ws/install/turtlebot3_navigation2:/home/vodka/turtlebot3_ws/install/turtlebot3_fake_node:/home/vodka/turtlebot3_ws/install/turtlebot3_gazebo:/home/vodka/turtlebot3_ws/install/turtlebot3_cartographer:/home/vodka/turtlebot3_ws/install/dynamixel_sdk_examples:/home/vodka/turtlebot3_ws/install/dynamixel_sdk_custom_interfaces:/home/vodka/turtlebot3_ws/install/turtlebot3_teleop:/home/vodka/turtlebot3_ws/install/turtlebot3_example:/opt/ros/humble LD_LIBRARY_PATH=/home/vodka/turtlebot3_ws/install/turtlebot3_msgs/lib:/home/vodka/turtlebot3_ws/install/dynamixel_sdk/lib:/home/vodka/turtlebot3_ws/install/dynamixel_sdk_custom_interfaces/lib:/usr/lib/x86_64-linux-gnu/gazebo-11/plugins:/opt/ros/humble/opt/rviz_ogre_vendor/lib:/opt/ros/humble/lib/x86_64-linux-gnu:/opt/ros/humble/lib /usr/bin/cmake /home/vodka/turtlebot3_ws/src/turtlebot3/turtlebot3_bringup -DAMENT_CMAKE_SYMLINK_INSTALL=1 -DCMAKE_INSTALL_PREFIX=/home/vodka/turtlebot3_ws/install/turtlebot3_bringup
[0.823s] Invoking command in '/home/vodka/turtlebot3_ws/build/turtlebot3_bringup': CMAKE_PREFIX_PATH=/home/vodka/turtlebot3_ws/install/turtlebot3_node:/home/vodka/turtlebot3_ws/install/turtlebot3_msgs:/home/vodka/turtlebot3_ws/install/turtlebot3_description:/home/vodka/turtlebot3_ws/install/dynamixel_sdk:/home/vodka/turtlebot3_ws/install/turtlebot3:/home/vodka/turtlebot3_ws/install/turtlebot3_simulations:/home/vodka/turtlebot3_ws/install/turtlebot3_bringup:/home/vodka/turtlebot3_ws/install/turtlebot3_navigation2:/home/vodka/turtlebot3_ws/install/turtlebot3_fake_node:/home/vodka/turtlebot3_ws/install/turtlebot3_gazebo:/home/vodka/turtlebot3_ws/install/turtlebot3_cartographer:/home/vodka/turtlebot3_ws/install/dynamixel_sdk_examples:/home/vodka/turtlebot3_ws/install/dynamixel_sdk_custom_interfaces:/home/vodka/turtlebot3_ws/install/turtlebot3_teleop:/home/vodka/turtlebot3_ws/install/turtlebot3_example:/opt/ros/humble LD_LIBRARY_PATH=/home/vodka/turtlebot3_ws/install/turtlebot3_msgs/lib:/home/vodka/turtlebot3_ws/install/dynamixel_sdk/lib:/home/vodka/turtlebot3_ws/install/dynamixel_sdk_custom_interfaces/lib:/usr/lib/x86_64-linux-gnu/gazebo-11/plugins:/opt/ros/humble/opt/rviz_ogre_vendor/lib:/opt/ros/humble/lib/x86_64-linux-gnu:/opt/ros/humble/lib /usr/bin/cmake --build /home/vodka/turtlebot3_ws/build/turtlebot3_bringup -- -j4 -l4
[0.865s] Invoked command in '/home/vodka/turtlebot3_ws/build/turtlebot3_bringup' returned '0': CMAKE_PREFIX_PATH=/home/vodka/turtlebot3_ws/install/turtlebot3_node:/home/vodka/turtlebot3_ws/install/turtlebot3_msgs:/home/vodka/turtlebot3_ws/install/turtlebot3_description:/home/vodka/turtlebot3_ws/install/dynamixel_sdk:/home/vodka/turtlebot3_ws/install/turtlebot3:/home/vodka/turtlebot3_ws/install/turtlebot3_simulations:/home/vodka/turtlebot3_ws/install/turtlebot3_bringup:/home/vodka/turtlebot3_ws/install/turtlebot3_navigation2:/home/vodka/turtlebot3_ws/install/turtlebot3_fake_node:/home/vodka/turtlebot3_ws/install/turtlebot3_gazebo:/home/vodka/turtlebot3_ws/install/turtlebot3_cartographer:/home/vodka/turtlebot3_ws/install/dynamixel_sdk_examples:/home/vodka/turtlebot3_ws/install/dynamixel_sdk_custom_interfaces:/home/vodka/turtlebot3_ws/install/turtlebot3_teleop:/home/vodka/turtlebot3_ws/install/turtlebot3_example:/opt/ros/humble LD_LIBRARY_PATH=/home/vodka/turtlebot3_ws/install/turtlebot3_msgs/lib:/home/vodka/turtlebot3_ws/install/dynamixel_sdk/lib:/home/vodka/turtlebot3_ws/install/dynamixel_sdk_custom_interfaces/lib:/usr/lib/x86_64-linux-gnu/gazebo-11/plugins:/opt/ros/humble/opt/rviz_ogre_vendor/lib:/opt/ros/humble/lib/x86_64-linux-gnu:/opt/ros/humble/lib /usr/bin/cmake --build /home/vodka/turtlebot3_ws/build/turtlebot3_bringup -- -j4 -l4
[0.890s] Invoking command in '/home/vodka/turtlebot3_ws/build/turtlebot3_bringup': CMAKE_PREFIX_PATH=/home/vodka/turtlebot3_ws/install/turtlebot3_node:/home/vodka/turtlebot3_ws/install/turtlebot3_msgs:/home/vodka/turtlebot3_ws/install/turtlebot3_description:/home/vodka/turtlebot3_ws/install/dynamixel_sdk:/home/vodka/turtlebot3_ws/install/turtlebot3:/home/vodka/turtlebot3_ws/install/turtlebot3_simulations:/home/vodka/turtlebot3_ws/install/turtlebot3_bringup:/home/vodka/turtlebot3_ws/install/turtlebot3_navigation2:/home/vodka/turtlebot3_ws/install/turtlebot3_fake_node:/home/vodka/turtlebot3_ws/install/turtlebot3_gazebo:/home/vodka/turtlebot3_ws/install/turtlebot3_cartographer:/home/vodka/turtlebot3_ws/install/dynamixel_sdk_examples:/home/vodka/turtlebot3_ws/install/dynamixel_sdk_custom_interfaces:/home/vodka/turtlebot3_ws/install/turtlebot3_teleop:/home/vodka/turtlebot3_ws/install/turtlebot3_example:/opt/ros/humble LD_LIBRARY_PATH=/home/vodka/turtlebot3_ws/install/turtlebot3_msgs/lib:/home/vodka/turtlebot3_ws/install/dynamixel_sdk/lib:/home/vodka/turtlebot3_ws/install/dynamixel_sdk_custom_interfaces/lib:/usr/lib/x86_64-linux-gnu/gazebo-11/plugins:/opt/ros/humble/opt/rviz_ogre_vendor/lib:/opt/ros/humble/lib/x86_64-linux-gnu:/opt/ros/humble/lib /usr/bin/cmake --install /home/vodka/turtlebot3_ws/build/turtlebot3_bringup
[0.899s] -- Install configuration: ""
[0.899s] -- Execute custom install script
[0.900s] -- Symlinking: /home/vodka/turtlebot3_ws/install/turtlebot3_bringup/share/turtlebot3_bringup/launch/robot.launch.py
[0.910s] -- Symlinking: /home/vodka/turtlebot3_ws/install/turtlebot3_bringup/share/turtlebot3_bringup/launch/rviz2.launch.py
[0.922s] -- Symlinking: /home/vodka/turtlebot3_ws/install/turtlebot3_bringup/share/turtlebot3_bringup/launch/turtlebot3_state_publisher.launch.py
[0.932s] -- Symlinking: /home/vodka/turtlebot3_ws/install/turtlebot3_bringup/share/turtlebot3_bringup/param/burger.yaml
[0.942s] -- Symlinking: /home/vodka/turtlebot3_ws/install/turtlebot3_bringup/share/turtlebot3_bringup/param/waffle.yaml
[0.953s] -- Symlinking: /home/vodka/turtlebot3_ws/install/turtlebot3_bringup/share/turtlebot3_bringup/param/waffle_pi.yaml
[0.963s] -- Symlinking: /home/vodka/turtlebot3_ws/install/turtlebot3_bringup/share/turtlebot3_bringup/script/99-turtlebot3-cdc.rules
[0.973s] -- Symlinking: /home/vodka/turtlebot3_ws/install/turtlebot3_bringup/share/turtlebot3_bringup/script/create_udev_rules
[0.983s] -- Symlinking: /home/vodka/turtlebot3_ws/install/turtlebot3_bringup/share/ament_index/resource_index/package_run_dependencies/turtlebot3_bringup
[0.993s] -- Symlinking: /home/vodka/turtlebot3_ws/install/turtlebot3_bringup/share/ament_index/resource_index/parent_prefix_path/turtlebot3_bringup
[1.003s] -- Symlinking: /home/vodka/turtlebot3_ws/install/turtlebot3_bringup/share/turtlebot3_bringup/environment/ament_prefix_path.sh
[1.013s] -- Symlinking: /home/vodka/turtlebot3_ws/install/turtlebot3_bringup/share/turtlebot3_bringup/environment/ament_prefix_path.dsv
[1.023s] -- Symlinking: /home/vodka/turtlebot3_ws/install/turtlebot3_bringup/share/turtlebot3_bringup/environment/path.sh
[1.033s] -- Symlinking: /home/vodka/turtlebot3_ws/install/turtlebot3_bringup/share/turtlebot3_bringup/environment/path.dsv
[1.044s] -- Symlinking: /home/vodka/turtlebot3_ws/install/turtlebot3_bringup/share/turtlebot3_bringup/local_setup.bash
[1.054s] -- Symlinking: /home/vodka/turtlebot3_ws/install/turtlebot3_bringup/share/turtlebot3_bringup/local_setup.sh
[1.065s] -- Symlinking: /home/vodka/turtlebot3_ws/install/turtlebot3_bringup/share/turtlebot3_bringup/local_setup.zsh
[1.075s] -- Symlinking: /home/vodka/turtlebot3_ws/install/turtlebot3_bringup/share/turtlebot3_bringup/local_setup.dsv
[1.085s] -- Symlinking: /home/vodka/turtlebot3_ws/install/turtlebot3_bringup/share/turtlebot3_bringup/package.dsv
[1.094s] -- Symlinking: /home/vodka/turtlebot3_ws/install/turtlebot3_bringup/share/ament_index/resource_index/packages/turtlebot3_bringup
[1.104s] -- Symlinking: /home/vodka/turtlebot3_ws/install/turtlebot3_bringup/share/turtlebot3_bringup/cmake/turtlebot3_bringupConfig.cmake
[1.114s] -- Symlinking: /home/vodka/turtlebot3_ws/install/turtlebot3_bringup/share/turtlebot3_bringup/cmake/turtlebot3_bringupConfig-version.cmake
[1.124s] -- Symlinking: /home/vodka/turtlebot3_ws/install/turtlebot3_bringup/share/turtlebot3_bringup/package.xml
[1.136s] Invoked command in '/home/vodka/turtlebot3_ws/build/turtlebot3_bringup' returned '0': CMAKE_PREFIX_PATH=/home/vodka/turtlebot3_ws/install/turtlebot3_node:/home/vodka/turtlebot3_ws/install/turtlebot3_msgs:/home/vodka/turtlebot3_ws/install/turtlebot3_description:/home/vodka/turtlebot3_ws/install/dynamixel_sdk:/home/vodka/turtlebot3_ws/install/turtlebot3:/home/vodka/turtlebot3_ws/install/turtlebot3_simulations:/home/vodka/turtlebot3_ws/install/turtlebot3_bringup:/home/vodka/turtlebot3_ws/install/turtlebot3_navigation2:/home/vodka/turtlebot3_ws/install/turtlebot3_fake_node:/home/vodka/turtlebot3_ws/install/turtlebot3_gazebo:/home/vodka/turtlebot3_ws/install/turtlebot3_cartographer:/home/vodka/turtlebot3_ws/install/dynamixel_sdk_examples:/home/vodka/turtlebot3_ws/install/dynamixel_sdk_custom_interfaces:/home/vodka/turtlebot3_ws/install/turtlebot3_teleop:/home/vodka/turtlebot3_ws/install/turtlebot3_example:/opt/ros/humble LD_LIBRARY_PATH=/home/vodka/turtlebot3_ws/install/turtlebot3_msgs/lib:/home/vodka/turtlebot3_ws/install/dynamixel_sdk/lib:/home/vodka/turtlebot3_ws/install/dynamixel_sdk_custom_interfaces/lib:/usr/lib/x86_64-linux-gnu/gazebo-11/plugins:/opt/ros/humble/opt/rviz_ogre_vendor/lib:/opt/ros/humble/lib/x86_64-linux-gnu:/opt/ros/humble/lib /usr/bin/cmake --install /home/vodka/turtlebot3_ws/build/turtlebot3_bringup
