[0.127s] Invoking command in '/home/vodka/turtlebot3_ws/build/turtlebot3_simulations': AMENT_PREFIX_PATH=/home/vodka/turtlebot3_ws/install/turtlebot3_fake_node:/home/vodka/turtlebot3_ws/install/turtlebot3_msgs:/home/vodka/turtlebot3_ws/install/turtlebot3_gazebo:${AMENT_PREFIX_PATH} CMAKE_PREFIX_PATH=/home/vodka/turtlebot3_ws/install/turtlebot3_fake_node:/home/vodka/turtlebot3_ws/install/turtlebot3_msgs:/home/vodka/turtlebot3_ws/install/turtlebot3_gazebo:/opt/ros/humble LD_LIBRARY_PATH=/home/vodka/turtlebot3_ws/install/turtlebot3_msgs/lib:${LD_LIBRARY_PATH} PYTHONPATH=/home/vodka/turtlebot3_ws/install/turtlebot3_msgs/local/lib/python3.10/dist-packages:${PYTHONPATH} /usr/bin/cmake --build /home/vodka/turtlebot3_ws/build/turtlebot3_simulations -- -j4 -l4
[0.290s] Invoked command in '/home/vodka/turtlebot3_ws/build/turtlebot3_simulations' returned '0': AMENT_PREFIX_PATH=/home/vodka/turtlebot3_ws/install/turtlebot3_fake_node:/home/vodka/turtlebot3_ws/install/turtlebot3_msgs:/home/vodka/turtlebot3_ws/install/turtlebot3_gazebo:${AMENT_PREFIX_PATH} CMAKE_PREFIX_PATH=/home/vodka/turtlebot3_ws/install/turtlebot3_fake_node:/home/vodka/turtlebot3_ws/install/turtlebot3_msgs:/home/vodka/turtlebot3_ws/install/turtlebot3_gazebo:/opt/ros/humble LD_LIBRARY_PATH=/home/vodka/turtlebot3_ws/install/turtlebot3_msgs/lib:${LD_LIBRARY_PATH} PYTHONPATH=/home/vodka/turtlebot3_ws/install/turtlebot3_msgs/local/lib/python3.10/dist-packages:${PYTHONPATH} /usr/bin/cmake --build /home/vodka/turtlebot3_ws/build/turtlebot3_simulations -- -j4 -l4
[0.484s] Invoking command in '/home/vodka/turtlebot3_ws/build/turtlebot3_simulations': AMENT_PREFIX_PATH=/home/vodka/turtlebot3_ws/install/turtlebot3_fake_node:/home/vodka/turtlebot3_ws/install/turtlebot3_msgs:/home/vodka/turtlebot3_ws/install/turtlebot3_gazebo:${AMENT_PREFIX_PATH} CMAKE_PREFIX_PATH=/home/vodka/turtlebot3_ws/install/turtlebot3_fake_node:/home/vodka/turtlebot3_ws/install/turtlebot3_msgs:/home/vodka/turtlebot3_ws/install/turtlebot3_gazebo:/opt/ros/humble LD_LIBRARY_PATH=/home/vodka/turtlebot3_ws/install/turtlebot3_msgs/lib:${LD_LIBRARY_PATH} PYTHONPATH=/home/vodka/turtlebot3_ws/install/turtlebot3_msgs/local/lib/python3.10/dist-packages:${PYTHONPATH} /usr/bin/cmake --install /home/vodka/turtlebot3_ws/build/turtlebot3_simulations
[0.498s] -- Install configuration: ""
[0.499s] -- Execute custom install script
[0.499s] -- Up-to-date symlink: /home/vodka/turtlebot3_ws/install/turtlebot3_simulations/share/ament_index/resource_index/package_run_dependencies/turtlebot3_simulations
[0.500s] -- Up-to-date symlink: /home/vodka/turtlebot3_ws/install/turtlebot3_simulations/share/ament_index/resource_index/parent_prefix_path/turtlebot3_simulations
[0.500s] -- Up-to-date symlink: /home/vodka/turtlebot3_ws/install/turtlebot3_simulations/share/turtlebot3_simulations/environment/ament_prefix_path.sh
[0.500s] -- Up-to-date symlink: /home/vodka/turtlebot3_ws/install/turtlebot3_simulations/share/turtlebot3_simulations/environment/ament_prefix_path.dsv
[0.501s] -- Up-to-date symlink: /home/vodka/turtlebot3_ws/install/turtlebot3_simulations/share/turtlebot3_simulations/environment/path.sh
[0.501s] -- Up-to-date symlink: /home/vodka/turtlebot3_ws/install/turtlebot3_simulations/share/turtlebot3_simulations/environment/path.dsv
[0.501s] -- Up-to-date symlink: /home/vodka/turtlebot3_ws/install/turtlebot3_simulations/share/turtlebot3_simulations/local_setup.bash
[0.502s] -- Up-to-date symlink: /home/vodka/turtlebot3_ws/install/turtlebot3_simulations/share/turtlebot3_simulations/local_setup.sh
[0.502s] -- Up-to-date symlink: /home/vodka/turtlebot3_ws/install/turtlebot3_simulations/share/turtlebot3_simulations/local_setup.zsh
[0.503s] -- Up-to-date symlink: /home/vodka/turtlebot3_ws/install/turtlebot3_simulations/share/turtlebot3_simulations/local_setup.dsv
[0.503s] -- Symlinking: /home/vodka/turtlebot3_ws/install/turtlebot3_simulations/share/turtlebot3_simulations/package.dsv
[0.519s] -- Up-to-date symlink: /home/vodka/turtlebot3_ws/install/turtlebot3_simulations/share/ament_index/resource_index/packages/turtlebot3_simulations
[0.519s] -- Up-to-date symlink: /home/vodka/turtlebot3_ws/install/turtlebot3_simulations/share/turtlebot3_simulations/cmake/turtlebot3_simulationsConfig.cmake
[0.520s] -- Up-to-date symlink: /home/vodka/turtlebot3_ws/install/turtlebot3_simulations/share/turtlebot3_simulations/cmake/turtlebot3_simulationsConfig-version.cmake
[0.520s] -- Up-to-date symlink: /home/vodka/turtlebot3_ws/install/turtlebot3_simulations/share/turtlebot3_simulations/package.xml
[0.523s] Invoked command in '/home/vodka/turtlebot3_ws/build/turtlebot3_simulations' returned '0': AMENT_PREFIX_PATH=/home/vodka/turtlebot3_ws/install/turtlebot3_fake_node:/home/vodka/turtlebot3_ws/install/turtlebot3_msgs:/home/vodka/turtlebot3_ws/install/turtlebot3_gazebo:${AMENT_PREFIX_PATH} CMAKE_PREFIX_PATH=/home/vodka/turtlebot3_ws/install/turtlebot3_fake_node:/home/vodka/turtlebot3_ws/install/turtlebot3_msgs:/home/vodka/turtlebot3_ws/install/turtlebot3_gazebo:/opt/ros/humble LD_LIBRARY_PATH=/home/vodka/turtlebot3_ws/install/turtlebot3_msgs/lib:${LD_LIBRARY_PATH} PYTHONPATH=/home/vodka/turtlebot3_ws/install/turtlebot3_msgs/local/lib/python3.10/dist-packages:${PYTHONPATH} /usr/bin/cmake --install /home/vodka/turtlebot3_ws/build/turtlebot3_simulations
