[2.268s] Invoking command in '/home/vodka/turtlebot3_ws/build/turtlebot3_example': CMAKE_PREFIX_PATH=/home/vodka/turtlebot3_ws/install/turtlebot3_msgs:/home/vodka/turtlebot3_ws/install/turtlebot3:/home/vodka/turtlebot3_ws/install/turtlebot3_solver:/home/vodka/turtlebot3_ws/install/turtlebot3_simulations:/home/vodka/turtlebot3_ws/install/turtlebot3_bringup:/home/vodka/turtlebot3_ws/install/turtlebot3_node:/home/vodka/turtlebot3_ws/install/turtlebot3_navigation2:/home/vodka/turtlebot3_ws/install/turtlebot3_fake_node:/home/vodka/turtlebot3_ws/install/turtlebot3_gazebo:/home/vodka/turtlebot3_ws/install/turtlebot3_description:/home/vodka/turtlebot3_ws/install/turtlebot3_cartographer:/home/vodka/turtlebot3_ws/install/dynamixel_sdk_examples:/home/vodka/turtlebot3_ws/install/dynamixel_sdk_custom_interfaces:/home/vodka/turtlebot3_ws/install/dynamixel_sdk PYTHONPATH=/home/vodka/turtlebot3_ws/build/turtlebot3_example/prefix_override:/home/vodka/turtlebot3_ws/install/turtlebot3_example/lib/python3.10/site-packages:${PYTHONPATH} /usr/bin/python3 setup.py develop --editable --build-directory /home/vodka/turtlebot3_ws/build/turtlebot3_example/build --no-deps install_data
[2.885s] running develop
[3.274s] running egg_info
[3.274s] writing turtlebot3_example.egg-info/PKG-INFO
[3.275s] writing dependency_links to turtlebot3_example.egg-info/dependency_links.txt
[3.275s] writing entry points to turtlebot3_example.egg-info/entry_points.txt
[3.275s] writing requirements to turtlebot3_example.egg-info/requires.txt
[3.275s] writing top-level names to turtlebot3_example.egg-info/top_level.txt
[3.277s] reading manifest file 'turtlebot3_example.egg-info/SOURCES.txt'
[3.278s] writing manifest file 'turtlebot3_example.egg-info/SOURCES.txt'
[3.280s] running build_ext
[3.280s] Creating /home/vodka/turtlebot3_ws/install/turtlebot3_example/lib/python3.10/site-packages/turtlebot3-example.egg-link (link to .)
[3.282s] Installing turtlebot3_obstacle_detection script to /home/vodka/turtlebot3_ws/install/turtlebot3_example/lib/turtlebot3_example
[3.282s] Installing turtlebot3_patrol_client script to /home/vodka/turtlebot3_ws/install/turtlebot3_example/lib/turtlebot3_example
[3.282s] Installing turtlebot3_patrol_server script to /home/vodka/turtlebot3_ws/install/turtlebot3_example/lib/turtlebot3_example
[3.283s] Installing turtlebot3_position_control script to /home/vodka/turtlebot3_ws/install/turtlebot3_example/lib/turtlebot3_example
[3.283s] 
[3.283s] Installed /home/vodka/turtlebot3_ws/build/turtlebot3_example
[3.283s] running install_data
[3.366s] Invoked command in '/home/vodka/turtlebot3_ws/build/turtlebot3_example' returned '0': CMAKE_PREFIX_PATH=/home/vodka/turtlebot3_ws/install/turtlebot3_msgs:/home/vodka/turtlebot3_ws/install/turtlebot3:/home/vodka/turtlebot3_ws/install/turtlebot3_solver:/home/vodka/turtlebot3_ws/install/turtlebot3_simulations:/home/vodka/turtlebot3_ws/install/turtlebot3_bringup:/home/vodka/turtlebot3_ws/install/turtlebot3_node:/home/vodka/turtlebot3_ws/install/turtlebot3_navigation2:/home/vodka/turtlebot3_ws/install/turtlebot3_fake_node:/home/vodka/turtlebot3_ws/install/turtlebot3_gazebo:/home/vodka/turtlebot3_ws/install/turtlebot3_description:/home/vodka/turtlebot3_ws/install/turtlebot3_cartographer:/home/vodka/turtlebot3_ws/install/dynamixel_sdk_examples:/home/vodka/turtlebot3_ws/install/dynamixel_sdk_custom_interfaces:/home/vodka/turtlebot3_ws/install/dynamixel_sdk PYTHONPATH=/home/vodka/turtlebot3_ws/build/turtlebot3_example/prefix_override:/home/vodka/turtlebot3_ws/install/turtlebot3_example/lib/python3.10/site-packages:${PYTHONPATH} /usr/bin/python3 setup.py develop --editable --build-directory /home/vodka/turtlebot3_ws/build/turtlebot3_example/build --no-deps install_data
