[1.617s] Invoking command in '/home/vodka/turtlebot3_ws/build/turtlebot3_teleop': PYTHONPATH=/home/vodka/turtlebot3_ws/build/turtlebot3_teleop/prefix_override:/home/vodka/turtlebot3_ws/install/turtlebot3_teleop/lib/python3.10/site-packages:${PYTHONPATH} /usr/bin/python3 setup.py develop --editable --build-directory /home/vodka/turtlebot3_ws/build/turtlebot3_teleop/build --no-deps install_data
[2.046s] running develop
[2.046s] /usr/lib/python3/dist-packages/setuptools/command/easy_install.py:158: EasyInstallDeprecationWarning: easy_install command is deprecated. Use build and pip and other standards-based tools.
[2.046s]   warnings.warn(
[2.049s] /usr/lib/python3/dist-packages/setuptools/command/install.py:34: SetuptoolsDeprecationWarning: setup.py install is deprecated. Use build and pip and other standards-based tools.
[2.049s]   warnings.warn(
[2.441s] running egg_info
[2.442s] writing turtlebot3_teleop.egg-info/PKG-INFO
[2.442s] writing dependency_links to turtlebot3_teleop.egg-info/dependency_links.txt
[2.442s] writing entry points to turtlebot3_teleop.egg-info/entry_points.txt
[2.443s] writing requirements to turtlebot3_teleop.egg-info/requires.txt
[2.443s] writing top-level names to turtlebot3_teleop.egg-info/top_level.txt
[2.446s] reading manifest file 'turtlebot3_teleop.egg-info/SOURCES.txt'
[2.448s] writing manifest file 'turtlebot3_teleop.egg-info/SOURCES.txt'
[2.450s] running build_ext
[2.451s] Creating /home/vodka/turtlebot3_ws/install/turtlebot3_teleop/lib/python3.10/site-packages/turtlebot3-teleop.egg-link (link to .)
[2.452s] Installing teleop_keyboard script to /home/vodka/turtlebot3_ws/install/turtlebot3_teleop/lib/turtlebot3_teleop
[2.454s] 
[2.455s] Installed /home/vodka/turtlebot3_ws/build/turtlebot3_teleop
[2.455s] running install_data
[2.606s] Invoked command in '/home/vodka/turtlebot3_ws/build/turtlebot3_teleop' returned '0': PYTHONPATH=/home/vodka/turtlebot3_ws/build/turtlebot3_teleop/prefix_override:/home/vodka/turtlebot3_ws/install/turtlebot3_teleop/lib/python3.10/site-packages:${PYTHONPATH} /usr/bin/python3 setup.py develop --editable --build-directory /home/vodka/turtlebot3_ws/build/turtlebot3_teleop/build --no-deps install_data
