[0.314s] Invoking command in '/home/vodka/turtlebot3_ws/build/turtlebot3_solver': CMAKE_PREFIX_PATH=${CMAKE_PREFIX_PATH}:/home/vodka/turtlebot3_ws/install/turtlebot3_teleop:/home/vodka/turtlebot3_ws/install/turtlebot3_example:/opt/ros/humble /usr/bin/cmake --build /home/vodka/turtlebot3_ws/build/turtlebot3_solver -- -j4 -l4
[0.905s] Invoked command in '/home/vodka/turtlebot3_ws/build/turtlebot3_solver' returned '0': CMAKE_PREFIX_PATH=${CMAKE_PREFIX_PATH}:/home/vodka/turtlebot3_ws/install/turtlebot3_teleop:/home/vodka/turtlebot3_ws/install/turtlebot3_example:/opt/ros/humble /usr/bin/cmake --build /home/vodka/turtlebot3_ws/build/turtlebot3_solver -- -j4 -l4
[1.099s] Invoking command in '/home/vodka/turtlebot3_ws/build/turtlebot3_solver': CMAKE_PREFIX_PATH=${CMAKE_PREFIX_PATH}:/home/vodka/turtlebot3_ws/install/turtlebot3_teleop:/home/vodka/turtlebot3_ws/install/turtlebot3_example:/opt/ros/humble /usr/bin/cmake --install /home/vodka/turtlebot3_ws/build/turtlebot3_solver
[1.117s] -- Install configuration: ""
[1.119s] -- Execute custom install script
[1.119s] -- Up-to-date symlink: /home/vodka/turtlebot3_ws/install/turtlebot3_solver/share/ament_index/resource_index/package_run_dependencies/turtlebot3_solver
[1.120s] -- Up-to-date symlink: /home/vodka/turtlebot3_ws/install/turtlebot3_solver/share/ament_index/resource_index/parent_prefix_path/turtlebot3_solver
[1.121s] -- Up-to-date symlink: /home/vodka/turtlebot3_ws/install/turtlebot3_solver/share/turtlebot3_solver/environment/ament_prefix_path.sh
[1.122s] -- Up-to-date symlink: /home/vodka/turtlebot3_ws/install/turtlebot3_solver/share/turtlebot3_solver/environment/ament_prefix_path.dsv
[1.123s] -- Up-to-date symlink: /home/vodka/turtlebot3_ws/install/turtlebot3_solver/share/turtlebot3_solver/environment/path.sh
[1.123s] -- Up-to-date symlink: /home/vodka/turtlebot3_ws/install/turtlebot3_solver/share/turtlebot3_solver/environment/path.dsv
[1.124s] -- Up-to-date symlink: /home/vodka/turtlebot3_ws/install/turtlebot3_solver/share/turtlebot3_solver/local_setup.bash
[1.125s] -- Up-to-date symlink: /home/vodka/turtlebot3_ws/install/turtlebot3_solver/share/turtlebot3_solver/local_setup.sh
[1.125s] -- Up-to-date symlink: /home/vodka/turtlebot3_ws/install/turtlebot3_solver/share/turtlebot3_solver/local_setup.zsh
[1.126s] -- Up-to-date symlink: /home/vodka/turtlebot3_ws/install/turtlebot3_solver/share/turtlebot3_solver/local_setup.dsv
[1.127s] -- Symlinking: /home/vodka/turtlebot3_ws/install/turtlebot3_solver/share/turtlebot3_solver/package.dsv
[1.150s] -- Up-to-date symlink: /home/vodka/turtlebot3_ws/install/turtlebot3_solver/share/ament_index/resource_index/packages/turtlebot3_solver
[1.150s] -- Up-to-date symlink: /home/vodka/turtlebot3_ws/install/turtlebot3_solver/share/turtlebot3_solver/cmake/turtlebot3_solverConfig.cmake
[1.150s] -- Up-to-date symlink: /home/vodka/turtlebot3_ws/install/turtlebot3_solver/share/turtlebot3_solver/cmake/turtlebot3_solverConfig-version.cmake
[1.150s] -- Up-to-date symlink: /home/vodka/turtlebot3_ws/install/turtlebot3_solver/share/turtlebot3_solver/package.xml
[1.370s] Invoked command in '/home/vodka/turtlebot3_ws/build/turtlebot3_solver' returned '0': CMAKE_PREFIX_PATH=${CMAKE_PREFIX_PATH}:/home/vodka/turtlebot3_ws/install/turtlebot3_teleop:/home/vodka/turtlebot3_ws/install/turtlebot3_example:/opt/ros/humble /usr/bin/cmake --install /home/vodka/turtlebot3_ws/build/turtlebot3_solver
