[0.216s] Invoking command in '/home/vodka/turtlebot3_ws/build/dynamixel_sdk': CMAKE_PREFIX_PATH=/opt/ros/humble /usr/bin/cmake --build /home/vodka/turtlebot3_ws/build/dynamixel_sdk -- -j4 -l4
[0.331s] [100%] Built target dynamixel_sdk
[0.405s] Invoked command in '/home/vodka/turtlebot3_ws/build/dynamixel_sdk' returned '0': CMAKE_PREFIX_PATH=/opt/ros/humble /usr/bin/cmake --build /home/vodka/turtlebot3_ws/build/dynamixel_sdk -- -j4 -l4
[0.984s] Invoking command in '/home/vodka/turtlebot3_ws/build/dynamixel_sdk': CMAKE_PREFIX_PATH=/opt/ros/humble /usr/bin/cmake --install /home/vodka/turtlebot3_ws/build/dynamixel_sdk
[1.015s] -- Install configuration: ""
[1.015s] -- Execute custom install script
[1.016s] -- Up-to-date symlink: /home/vodka/turtlebot3_ws/install/dynamixel_sdk/include//dynamixel_sdk/dynamixel_sdk.h
[1.017s] -- Up-to-date symlink: /home/vodka/turtlebot3_ws/install/dynamixel_sdk/include//dynamixel_sdk/group_bulk_read.h
[1.017s] -- Up-to-date symlink: /home/vodka/turtlebot3_ws/install/dynamixel_sdk/include//dynamixel_sdk/group_bulk_write.h
[1.017s] -- Up-to-date symlink: /home/vodka/turtlebot3_ws/install/dynamixel_sdk/include//dynamixel_sdk/group_sync_read.h
[1.018s] -- Up-to-date symlink: /home/vodka/turtlebot3_ws/install/dynamixel_sdk/include//dynamixel_sdk/group_sync_write.h
[1.018s] -- Up-to-date symlink: /home/vodka/turtlebot3_ws/install/dynamixel_sdk/include//dynamixel_sdk/packet_handler.h
[1.018s] -- Up-to-date symlink: /home/vodka/turtlebot3_ws/install/dynamixel_sdk/include//dynamixel_sdk/port_handler.h
[1.018s] -- Up-to-date symlink: /home/vodka/turtlebot3_ws/install/dynamixel_sdk/include//dynamixel_sdk/port_handler_arduino.h
[1.023s] -- Up-to-date symlink: /home/vodka/turtlebot3_ws/install/dynamixel_sdk/include//dynamixel_sdk/port_handler_linux.h
[1.023s] -- Up-to-date symlink: /home/vodka/turtlebot3_ws/install/dynamixel_sdk/include//dynamixel_sdk/port_handler_mac.h
[1.023s] -- Up-to-date symlink: /home/vodka/turtlebot3_ws/install/dynamixel_sdk/include//dynamixel_sdk/port_handler_windows.h
[1.023s] -- Up-to-date symlink: /home/vodka/turtlebot3_ws/install/dynamixel_sdk/include//dynamixel_sdk/protocol1_packet_handler.h
[1.023s] -- Up-to-date symlink: /home/vodka/turtlebot3_ws/install/dynamixel_sdk/include//dynamixel_sdk/protocol2_packet_handler.h
[1.024s] -- Up-to-date symlink: /home/vodka/turtlebot3_ws/install/dynamixel_sdk/lib/libdynamixel_sdk.so
[1.024s] -- Up-to-date symlink: /home/vodka/turtlebot3_ws/install/dynamixel_sdk/share/dynamixel_sdk/environment/library_path.sh
[1.024s] -- Up-to-date symlink: /home/vodka/turtlebot3_ws/install/dynamixel_sdk/share/dynamixel_sdk/environment/library_path.dsv
[1.024s] -- Up-to-date symlink: /home/vodka/turtlebot3_ws/install/dynamixel_sdk/share/ament_index/resource_index/package_run_dependencies/dynamixel_sdk
[1.024s] -- Up-to-date symlink: /home/vodka/turtlebot3_ws/install/dynamixel_sdk/share/ament_index/resource_index/parent_prefix_path/dynamixel_sdk
[1.025s] -- Up-to-date symlink: /home/vodka/turtlebot3_ws/install/dynamixel_sdk/share/dynamixel_sdk/environment/ament_prefix_path.sh
[1.025s] -- Up-to-date symlink: /home/vodka/turtlebot3_ws/install/dynamixel_sdk/share/dynamixel_sdk/environment/ament_prefix_path.dsv
[1.025s] -- Up-to-date symlink: /home/vodka/turtlebot3_ws/install/dynamixel_sdk/share/dynamixel_sdk/environment/path.sh
[1.027s] -- Up-to-date symlink: /home/vodka/turtlebot3_ws/install/dynamixel_sdk/share/dynamixel_sdk/environment/path.dsv
[1.028s] -- Up-to-date symlink: /home/vodka/turtlebot3_ws/install/dynamixel_sdk/share/dynamixel_sdk/local_setup.bash
[1.029s] -- Up-to-date symlink: /home/vodka/turtlebot3_ws/install/dynamixel_sdk/share/dynamixel_sdk/local_setup.sh
[1.030s] -- Up-to-date symlink: /home/vodka/turtlebot3_ws/install/dynamixel_sdk/share/dynamixel_sdk/local_setup.zsh
[1.031s] -- Up-to-date symlink: /home/vodka/turtlebot3_ws/install/dynamixel_sdk/share/dynamixel_sdk/local_setup.dsv
[1.033s] -- Symlinking: /home/vodka/turtlebot3_ws/install/dynamixel_sdk/share/dynamixel_sdk/package.dsv
[1.077s] -- Up-to-date symlink: /home/vodka/turtlebot3_ws/install/dynamixel_sdk/share/ament_index/resource_index/packages/dynamixel_sdk
[1.078s] -- Up-to-date symlink: /home/vodka/turtlebot3_ws/install/dynamixel_sdk/share/dynamixel_sdk/cmake/ament_cmake_export_include_directories-extras.cmake
[1.079s] -- Up-to-date symlink: /home/vodka/turtlebot3_ws/install/dynamixel_sdk/share/dynamixel_sdk/cmake/ament_cmake_export_libraries-extras.cmake
[1.080s] -- Up-to-date symlink: /home/vodka/turtlebot3_ws/install/dynamixel_sdk/share/dynamixel_sdk/cmake/dynamixel_sdkConfig.cmake
[1.081s] -- Up-to-date symlink: /home/vodka/turtlebot3_ws/install/dynamixel_sdk/share/dynamixel_sdk/cmake/dynamixel_sdkConfig-version.cmake
[1.081s] -- Up-to-date symlink: /home/vodka/turtlebot3_ws/install/dynamixel_sdk/share/dynamixel_sdk/package.xml
[1.091s] Invoked command in '/home/vodka/turtlebot3_ws/build/dynamixel_sdk' returned '0': CMAKE_PREFIX_PATH=/opt/ros/humble /usr/bin/cmake --install /home/vodka/turtlebot3_ws/build/dynamixel_sdk
