[1.694s] Invoking command in '/home/vodka/turtlebot3_ws/build/turtlebot3_example': CMAKE_PREFIX_PATH=/home/vodka/turtlebot3_ws/install/turtlebot3_msgs:/home/vodka/turtlebot3_ws/install/turtlebot3:/home/vodka/turtlebot3_ws/install/turtlebot3_simulations:/home/vodka/turtlebot3_ws/install/turtlebot3_bringup:/home/vodka/turtlebot3_ws/install/turtlebot3_node:/home/vodka/turtlebot3_ws/install/turtlebot3_navigation2:/home/vodka/turtlebot3_ws/install/turtlebot3_fake_node:/home/vodka/turtlebot3_ws/install/turtlebot3_gazebo:/home/vodka/turtlebot3_ws/install/turtlebot3_description:/home/vodka/turtlebot3_ws/install/turtlebot3_cartographer:/home/vodka/turtlebot3_ws/install/dynamixel_sdk_examples:/home/vodka/turtlebot3_ws/install/dynamixel_sdk_custom_interfaces:/home/vodka/turtlebot3_ws/install/dynamixel_sdk PYTHONPATH=/home/vodka/turtlebot3_ws/build/turtlebot3_example/prefix_override:/home/vodka/turtlebot3_ws/install/turtlebot3_example/lib/python3.10/site-packages:${PYTHONPATH} /usr/bin/python3 setup.py develop --editable --build-directory /home/vodka/turtlebot3_ws/build/turtlebot3_example/build --no-deps install_data
[2.101s] running develop
[2.102s] /usr/lib/python3/dist-packages/setuptools/command/easy_install.py:158: EasyInstallDeprecationWarning: easy_install command is deprecated. Use build and pip and other standards-based tools.
[2.102s]   warnings.warn(
[2.106s] /usr/lib/python3/dist-packages/setuptools/command/install.py:34: SetuptoolsDeprecationWarning: setup.py install is deprecated. Use build and pip and other standards-based tools.
[2.106s]   warnings.warn(
[2.346s] running egg_info
[2.347s] writing turtlebot3_example.egg-info/PKG-INFO
[2.347s] writing dependency_links to turtlebot3_example.egg-info/dependency_links.txt
[2.347s] writing entry points to turtlebot3_example.egg-info/entry_points.txt
[2.348s] writing requirements to turtlebot3_example.egg-info/requires.txt
[2.348s] writing top-level names to turtlebot3_example.egg-info/top_level.txt
[2.352s] reading manifest file 'turtlebot3_example.egg-info/SOURCES.txt'
[2.354s] writing manifest file 'turtlebot3_example.egg-info/SOURCES.txt'
[2.357s] running build_ext
[2.357s] Creating /home/vodka/turtlebot3_ws/install/turtlebot3_example/lib/python3.10/site-packages/turtlebot3-example.egg-link (link to .)
[2.359s] Installing turtlebot3_obstacle_detection script to /home/vodka/turtlebot3_ws/install/turtlebot3_example/lib/turtlebot3_example
[2.359s] Installing turtlebot3_patrol_client script to /home/vodka/turtlebot3_ws/install/turtlebot3_example/lib/turtlebot3_example
[2.359s] Installing turtlebot3_patrol_server script to /home/vodka/turtlebot3_ws/install/turtlebot3_example/lib/turtlebot3_example
[2.359s] Installing turtlebot3_position_control script to /home/vodka/turtlebot3_ws/install/turtlebot3_example/lib/turtlebot3_example
[2.360s] 
[2.360s] Installed /home/vodka/turtlebot3_ws/build/turtlebot3_example
[2.360s] running install_data
[2.426s] Invoked command in '/home/vodka/turtlebot3_ws/build/turtlebot3_example' returned '0': CMAKE_PREFIX_PATH=/home/vodka/turtlebot3_ws/install/turtlebot3_msgs:/home/vodka/turtlebot3_ws/install/turtlebot3:/home/vodka/turtlebot3_ws/install/turtlebot3_simulations:/home/vodka/turtlebot3_ws/install/turtlebot3_bringup:/home/vodka/turtlebot3_ws/install/turtlebot3_node:/home/vodka/turtlebot3_ws/install/turtlebot3_navigation2:/home/vodka/turtlebot3_ws/install/turtlebot3_fake_node:/home/vodka/turtlebot3_ws/install/turtlebot3_gazebo:/home/vodka/turtlebot3_ws/install/turtlebot3_description:/home/vodka/turtlebot3_ws/install/turtlebot3_cartographer:/home/vodka/turtlebot3_ws/install/dynamixel_sdk_examples:/home/vodka/turtlebot3_ws/install/dynamixel_sdk_custom_interfaces:/home/vodka/turtlebot3_ws/install/dynamixel_sdk PYTHONPATH=/home/vodka/turtlebot3_ws/build/turtlebot3_example/prefix_override:/home/vodka/turtlebot3_ws/install/turtlebot3_example/lib/python3.10/site-packages:${PYTHONPATH} /usr/bin/python3 setup.py develop --editable --build-directory /home/vodka/turtlebot3_ws/build/turtlebot3_example/build --no-deps install_data
