[0.236s] Invoking command in '/home/vodka/turtlebot3_ws/build/turtlebot3_fake_node': CMAKE_PREFIX_PATH=/home/vodka/turtlebot3_ws/install/turtlebot3_msgs:/home/vodka/turtlebot3_ws/install/turtlebot3:/home/vodka/turtlebot3_ws/install/turtlebot3_solver:/home/vodka/turtlebot3_ws/install/turtlebot3_simulations:/home/vodka/turtlebot3_ws/install/turtlebot3_bringup:/home/vodka/turtlebot3_ws/install/turtlebot3_node:/home/vodka/turtlebot3_ws/install/turtlebot3_navigation2:/home/vodka/turtlebot3_ws/install/turtlebot3_fake_node:/home/vodka/turtlebot3_ws/install/turtlebot3_gazebo:/home/vodka/turtlebot3_ws/install/turtlebot3_description:/home/vodka/turtlebot3_ws/install/turtlebot3_cartographer:/home/vodka/turtlebot3_ws/install/dynamixel_sdk_examples:/home/vodka/turtlebot3_ws/install/dynamixel_sdk_custom_interfaces:/home/vodka/turtlebot3_ws/install/dynamixel_sdk:/home/vodka/turtlebot3_ws/install/turtlebot3_teleop:/home/vodka/turtlebot3_ws/install/turtlebot3_example:/opt/ros/humble /usr/bin/cmake --build /home/vodka/turtlebot3_ws/build/turtlebot3_fake_node -- -j4 -l4
[0.339s] [100%] Built target turtlebot3_fake_node
[0.665s] Invoked command in '/home/vodka/turtlebot3_ws/build/turtlebot3_fake_node' returned '0': CMAKE_PREFIX_PATH=/home/vodka/turtlebot3_ws/install/turtlebot3_msgs:/home/vodka/turtlebot3_ws/install/turtlebot3:/home/vodka/turtlebot3_ws/install/turtlebot3_solver:/home/vodka/turtlebot3_ws/install/turtlebot3_simulations:/home/vodka/turtlebot3_ws/install/turtlebot3_bringup:/home/vodka/turtlebot3_ws/install/turtlebot3_node:/home/vodka/turtlebot3_ws/install/turtlebot3_navigation2:/home/vodka/turtlebot3_ws/install/turtlebot3_fake_node:/home/vodka/turtlebot3_ws/install/turtlebot3_gazebo:/home/vodka/turtlebot3_ws/install/turtlebot3_description:/home/vodka/turtlebot3_ws/install/turtlebot3_cartographer:/home/vodka/turtlebot3_ws/install/dynamixel_sdk_examples:/home/vodka/turtlebot3_ws/install/dynamixel_sdk_custom_interfaces:/home/vodka/turtlebot3_ws/install/dynamixel_sdk:/home/vodka/turtlebot3_ws/install/turtlebot3_teleop:/home/vodka/turtlebot3_ws/install/turtlebot3_example:/opt/ros/humble /usr/bin/cmake --build /home/vodka/turtlebot3_ws/build/turtlebot3_fake_node -- -j4 -l4
[0.712s] Invoking command in '/home/vodka/turtlebot3_ws/build/turtlebot3_fake_node': CMAKE_PREFIX_PATH=/home/vodka/turtlebot3_ws/install/turtlebot3_msgs:/home/vodka/turtlebot3_ws/install/turtlebot3:/home/vodka/turtlebot3_ws/install/turtlebot3_solver:/home/vodka/turtlebot3_ws/install/turtlebot3_simulations:/home/vodka/turtlebot3_ws/install/turtlebot3_bringup:/home/vodka/turtlebot3_ws/install/turtlebot3_node:/home/vodka/turtlebot3_ws/install/turtlebot3_navigation2:/home/vodka/turtlebot3_ws/install/turtlebot3_fake_node:/home/vodka/turtlebot3_ws/install/turtlebot3_gazebo:/home/vodka/turtlebot3_ws/install/turtlebot3_description:/home/vodka/turtlebot3_ws/install/turtlebot3_cartographer:/home/vodka/turtlebot3_ws/install/dynamixel_sdk_examples:/home/vodka/turtlebot3_ws/install/dynamixel_sdk_custom_interfaces:/home/vodka/turtlebot3_ws/install/dynamixel_sdk:/home/vodka/turtlebot3_ws/install/turtlebot3_teleop:/home/vodka/turtlebot3_ws/install/turtlebot3_example:/opt/ros/humble /usr/bin/cmake --install /home/vodka/turtlebot3_ws/build/turtlebot3_fake_node
[0.728s] -- Install configuration: ""
[0.729s] -- Execute custom install script
[0.730s] -- Up-to-date symlink: /home/vodka/turtlebot3_ws/install/turtlebot3_fake_node/lib/turtlebot3_fake_node/turtlebot3_fake_node
[0.731s] -- Up-to-date symlink: /home/vodka/turtlebot3_ws/install/turtlebot3_fake_node/share/turtlebot3_fake_node/launch/rviz2.launch.py
[0.732s] -- Up-to-date symlink: /home/vodka/turtlebot3_ws/install/turtlebot3_fake_node/share/turtlebot3_fake_node/launch/turtlebot3_fake_node.launch.py
[0.733s] -- Up-to-date symlink: /home/vodka/turtlebot3_ws/install/turtlebot3_fake_node/share/turtlebot3_fake_node/param/burger.yaml
[0.733s] -- Up-to-date symlink: /home/vodka/turtlebot3_ws/install/turtlebot3_fake_node/share/turtlebot3_fake_node/param/waffle.yaml
[0.734s] -- Up-to-date symlink: /home/vodka/turtlebot3_ws/install/turtlebot3_fake_node/share/turtlebot3_fake_node/param/waffle_pi.yaml
[0.735s] -- Up-to-date symlink: /home/vodka/turtlebot3_ws/install/turtlebot3_fake_node/include//turtlebot3_fake_node/turtlebot3_fake_node.hpp
[0.735s] -- Up-to-date symlink: /home/vodka/turtlebot3_ws/install/turtlebot3_fake_node/share/ament_index/resource_index/package_run_dependencies/turtlebot3_fake_node
[0.736s] -- Up-to-date symlink: /home/vodka/turtlebot3_ws/install/turtlebot3_fake_node/share/ament_index/resource_index/parent_prefix_path/turtlebot3_fake_node
[0.737s] -- Up-to-date symlink: /home/vodka/turtlebot3_ws/install/turtlebot3_fake_node/share/turtlebot3_fake_node/environment/ament_prefix_path.sh
[0.737s] -- Up-to-date symlink: /home/vodka/turtlebot3_ws/install/turtlebot3_fake_node/share/turtlebot3_fake_node/environment/ament_prefix_path.dsv
[0.738s] -- Up-to-date symlink: /home/vodka/turtlebot3_ws/install/turtlebot3_fake_node/share/turtlebot3_fake_node/environment/path.sh
[0.738s] -- Up-to-date symlink: /home/vodka/turtlebot3_ws/install/turtlebot3_fake_node/share/turtlebot3_fake_node/environment/path.dsv
[0.739s] -- Up-to-date symlink: /home/vodka/turtlebot3_ws/install/turtlebot3_fake_node/share/turtlebot3_fake_node/local_setup.bash
[0.740s] -- Up-to-date symlink: /home/vodka/turtlebot3_ws/install/turtlebot3_fake_node/share/turtlebot3_fake_node/local_setup.sh
[0.740s] -- Up-to-date symlink: /home/vodka/turtlebot3_ws/install/turtlebot3_fake_node/share/turtlebot3_fake_node/local_setup.zsh
[0.741s] -- Up-to-date symlink: /home/vodka/turtlebot3_ws/install/turtlebot3_fake_node/share/turtlebot3_fake_node/local_setup.dsv
[0.741s] -- Symlinking: /home/vodka/turtlebot3_ws/install/turtlebot3_fake_node/share/turtlebot3_fake_node/package.dsv
[0.760s] -- Up-to-date symlink: /home/vodka/turtlebot3_ws/install/turtlebot3_fake_node/share/ament_index/resource_index/packages/turtlebot3_fake_node
[0.760s] -- Up-to-date symlink: /home/vodka/turtlebot3_ws/install/turtlebot3_fake_node/share/turtlebot3_fake_node/cmake/ament_cmake_export_include_directories-extras.cmake
[0.760s] -- Up-to-date symlink: /home/vodka/turtlebot3_ws/install/turtlebot3_fake_node/share/turtlebot3_fake_node/cmake/ament_cmake_export_dependencies-extras.cmake
[0.761s] -- Up-to-date symlink: /home/vodka/turtlebot3_ws/install/turtlebot3_fake_node/share/turtlebot3_fake_node/cmake/turtlebot3_fake_nodeConfig.cmake
[0.761s] -- Up-to-date symlink: /home/vodka/turtlebot3_ws/install/turtlebot3_fake_node/share/turtlebot3_fake_node/cmake/turtlebot3_fake_nodeConfig-version.cmake
[0.761s] -- Up-to-date symlink: /home/vodka/turtlebot3_ws/install/turtlebot3_fake_node/share/turtlebot3_fake_node/package.xml
[0.773s] Invoked command in '/home/vodka/turtlebot3_ws/build/turtlebot3_fake_node' returned '0': CMAKE_PREFIX_PATH=/home/vodka/turtlebot3_ws/install/turtlebot3_msgs:/home/vodka/turtlebot3_ws/install/turtlebot3:/home/vodka/turtlebot3_ws/install/turtlebot3_solver:/home/vodka/turtlebot3_ws/install/turtlebot3_simulations:/home/vodka/turtlebot3_ws/install/turtlebot3_bringup:/home/vodka/turtlebot3_ws/install/turtlebot3_node:/home/vodka/turtlebot3_ws/install/turtlebot3_navigation2:/home/vodka/turtlebot3_ws/install/turtlebot3_fake_node:/home/vodka/turtlebot3_ws/install/turtlebot3_gazebo:/home/vodka/turtlebot3_ws/install/turtlebot3_description:/home/vodka/turtlebot3_ws/install/turtlebot3_cartographer:/home/vodka/turtlebot3_ws/install/dynamixel_sdk_examples:/home/vodka/turtlebot3_ws/install/dynamixel_sdk_custom_interfaces:/home/vodka/turtlebot3_ws/install/dynamixel_sdk:/home/vodka/turtlebot3_ws/install/turtlebot3_teleop:/home/vodka/turtlebot3_ws/install/turtlebot3_example:/opt/ros/humble /usr/bin/cmake --install /home/vodka/turtlebot3_ws/build/turtlebot3_fake_node
