[2.772s] Invoking command in '/home/vodka/turtlebot3_ws/build/turtlebot3_example': AMENT_PREFIX_PATH=/home/vodka/turtlebot3_ws/install/turtlebot3_msgs:${AMENT_PREFIX_PATH} CMAKE_PREFIX_PATH=/home/vodka/turtlebot3_ws/install/turtlebot3_msgs LD_LIBRARY_PATH=/home/vodka/turtlebot3_ws/install/turtlebot3_msgs/lib:${LD_LIBRARY_PATH} PYTHONPATH=/home/vodka/turtlebot3_ws/build/turtlebot3_example/prefix_override:/home/vodka/turtlebot3_ws/install/turtlebot3_example/lib/python3.10/site-packages:/home/vodka/turtlebot3_ws/install/turtlebot3_msgs/local/lib/python3.10/dist-packages:${PYTHONPATH} /usr/bin/python3 setup.py develop --editable --build-directory /home/vodka/turtlebot3_ws/build/turtlebot3_example/build --no-deps install_data
[3.720s] running develop
[4.240s] running egg_info
[4.241s] writing turtlebot3_example.egg-info/PKG-INFO
[4.241s] writing dependency_links to turtlebot3_example.egg-info/dependency_links.txt
[4.242s] writing entry points to turtlebot3_example.egg-info/entry_points.txt
[4.242s] writing requirements to turtlebot3_example.egg-info/requires.txt
[4.242s] writing top-level names to turtlebot3_example.egg-info/top_level.txt
[4.247s] reading manifest file 'turtlebot3_example.egg-info/SOURCES.txt'
[4.249s] writing manifest file 'turtlebot3_example.egg-info/SOURCES.txt'
[4.253s] running build_ext
[4.254s] Creating /home/vodka/turtlebot3_ws/install/turtlebot3_example/lib/python3.10/site-packages/turtlebot3-example.egg-link (link to .)
[4.254s] Installing turtlebot3_obstacle_detection script to /home/vodka/turtlebot3_ws/install/turtlebot3_example/lib/turtlebot3_example
[4.255s] Installing turtlebot3_patrol_client script to /home/vodka/turtlebot3_ws/install/turtlebot3_example/lib/turtlebot3_example
[4.255s] Installing turtlebot3_patrol_server script to /home/vodka/turtlebot3_ws/install/turtlebot3_example/lib/turtlebot3_example
[4.262s] Installing turtlebot3_position_control script to /home/vodka/turtlebot3_ws/install/turtlebot3_example/lib/turtlebot3_example
[4.262s] 
[4.262s] Installed /home/vodka/turtlebot3_ws/build/turtlebot3_example
[4.263s] running install_data
[4.368s] Invoked command in '/home/vodka/turtlebot3_ws/build/turtlebot3_example' returned '0': AMENT_PREFIX_PATH=/home/vodka/turtlebot3_ws/install/turtlebot3_msgs:${AMENT_PREFIX_PATH} CMAKE_PREFIX_PATH=/home/vodka/turtlebot3_ws/install/turtlebot3_msgs LD_LIBRARY_PATH=/home/vodka/turtlebot3_ws/install/turtlebot3_msgs/lib:${LD_LIBRARY_PATH} PYTHONPATH=/home/vodka/turtlebot3_ws/build/turtlebot3_example/prefix_override:/home/vodka/turtlebot3_ws/install/turtlebot3_example/lib/python3.10/site-packages:/home/vodka/turtlebot3_ws/install/turtlebot3_msgs/local/lib/python3.10/dist-packages:${PYTHONPATH} /usr/bin/python3 setup.py develop --editable --build-directory /home/vodka/turtlebot3_ws/build/turtlebot3_example/build --no-deps install_data
