[0.303s] Invoking command in '/home/vodka/turtlebot3_ws/build/turtlebot3_gazebo': CMAKE_PREFIX_PATH=${CMAKE_PREFIX_PATH}:/home/vodka/turtlebot3_ws/install/turtlebot3_teleop:/home/vodka/turtlebot3_ws/install/turtlebot3_example:/opt/ros/humble /usr/bin/cmake /home/vodka/turtlebot3_ws/src/turtlebot3_simulations/turtlebot3_gazebo -DAMENT_CMAKE_SYMLINK_INSTALL=1 -DCMAKE_INSTALL_PREFIX=/home/vodka/turtlebot3_ws/install/turtlebot3_gazebo
[0.594s] -- The C compiler identification is GNU 11.4.0
[0.933s] -- The CXX compiler identification is GNU 11.4.0
[0.966s] -- Detecting C compiler ABI info
[1.430s] -- Detecting C compiler ABI info - done
[1.471s] -- Check for working C compiler: /usr/bin/cc - skipped
[1.472s] -- Detecting C compile features
[1.473s] -- Detecting C compile features - done
[1.497s] -- Detecting CXX compiler ABI info
[1.922s] -- Detecting CXX compiler ABI info - done
[1.950s] -- Check for working CXX compiler: /usr/bin/c++ - skipped
[1.951s] -- Detecting CXX compile features
[1.952s] -- Detecting CXX compile features - done
[1.970s] -- Found ament_cmake: 1.3.6 (/opt/ros/humble/share/ament_cmake/cmake)
[2.755s] -- Found Python3: /usr/bin/python3.10 (found version "3.10.12") found components: Interpreter 
[2.996s] -- Override CMake install command with custom implementation using symlinks instead of copying resources
[3.130s] [33mCMake Warning (dev) at /usr/share/cmake-3.22/Modules/FindPackageHandleStandardArgs.cmake:438 (message):
[3.130s]   The package name passed to `find_package_handle_standard_args` (PkgConfig)
[3.130s]   does not match the name of the calling package (gazebo).  This can lead to
[3.130s]   problems in calling code that expects `find_package` result variables
[3.130s]   (e.g., `_FOUND`) to follow a certain pattern.
[3.130s] Call Stack (most recent call first):
[3.130s]   /usr/share/cmake-3.22/Modules/FindPkgConfig.cmake:99 (find_package_handle_standard_args)
[3.131s]   /usr/lib/x86_64-linux-gnu/cmake/gazebo/gazebo-config.cmake:72 (include)
[3.131s]   CMakeLists.txt:23 (find_package)
[3.131s] This warning is for project developers.  Use -Wno-dev to suppress it.
[3.131s] [0m
[3.131s] -- Found PkgConfig: /usr/bin/pkg-config (found version "0.29.2") 
[3.145s] -- Checking for module 'bullet>=2.82'
[3.242s] --   Found bullet, version 3.05
[4.063s] -- Found fcl: /usr/include (found suitable version "0.7.0", minimum required is "0.5.0") 
[4.482s] -- Found assimp: /usr/include (found version "5.2.0") 
[4.605s] -- Found DART: /usr/include (Required is at least version "6.6") found components: dart 
[5.758s] -- Found Boost: /usr/lib/x86_64-linux-gnu/cmake/Boost-1.74.0/BoostConfig.cmake (found suitable version "1.74.0", minimum required is "1.40.0") found components: thread system filesystem program_options regex iostreams date_time 
[5.871s] -- Found Protobuf: /usr/lib/x86_64-linux-gnu/libprotobuf.so (found version "3.12.4") 
[5.891s] -- Looking for ignition-math6 -- found version 6.15.0
[5.908s] -- Searching for dependencies of ignition-math6
[5.928s] -- Looking for OGRE...
[5.929s] -- OGRE_PREFIX_WATCH changed.
[5.953s] -- Checking for module 'OGRE'
[6.065s] --   Found OGRE, version 1.9.0
[6.247s] -- Found Ogre Ghadamon (1.9.0)
[6.277s] -- Found OGRE: optimized;/usr/lib/x86_64-linux-gnu/libOgreMain.so;debug;/usr/lib/x86_64-linux-gnu/libOgreMain.so
[6.302s] -- Looking for OGRE_Paging...
[6.374s] -- Found OGRE_Paging: optimized;/usr/lib/x86_64-linux-gnu/libOgrePaging.so;debug;/usr/lib/x86_64-linux-gnu/libOgrePaging.so
[6.374s] -- Looking for OGRE_Terrain...
[6.442s] -- Found OGRE_Terrain: optimized;/usr/lib/x86_64-linux-gnu/libOgreTerrain.so;debug;/usr/lib/x86_64-linux-gnu/libOgreTerrain.so
[6.442s] -- Looking for OGRE_Property...
[6.473s] -- Found OGRE_Property: optimized;/usr/lib/x86_64-linux-gnu/libOgreProperty.so;debug;/usr/lib/x86_64-linux-gnu/libOgreProperty.so
[6.474s] -- Looking for OGRE_RTShaderSystem...
[6.492s] -- Found OGRE_RTShaderSystem: optimized;/usr/lib/x86_64-linux-gnu/libOgreRTShaderSystem.so;debug;/usr/lib/x86_64-linux-gnu/libOgreRTShaderSystem.so
[6.493s] -- Looking for OGRE_Volume...
[6.518s] -- Found OGRE_Volume: optimized;/usr/lib/x86_64-linux-gnu/libOgreVolume.so;debug;/usr/lib/x86_64-linux-gnu/libOgreVolume.so
[6.519s] -- Looking for OGRE_Overlay...
[6.552s] -- Found OGRE_Overlay: optimized;/usr/lib/x86_64-linux-gnu/libOgreOverlay.so;debug;/usr/lib/x86_64-linux-gnu/libOgreOverlay.so
[7.131s] -- Looking for ignition-math6 -- found version 6.15.0
[7.137s] -- Looking for ignition-transport8 -- found version 8.2.1
[7.139s] -- Searching for dependencies of ignition-transport8
[7.193s] -- Found Protobuf: /usr/lib/x86_64-linux-gnu/libprotobuf.so (found suitable version "3.12.4", minimum required is "3") 
[7.225s] -- Config-file not installed for ZeroMQ -- checking for pkg-config
[7.252s] -- Checking for module 'libzmq >= 4'
[7.334s] --   Found libzmq , version 4.3.4
[7.673s] -- Found ZeroMQ: TRUE (Required is at least version "4") 
[7.698s] -- Checking for module 'uuid'
[7.796s] --   Found uuid, version 2.37.2
[8.058s] -- Found UUID: TRUE  
[8.078s] -- Looking for ignition-msgs5 -- found version 5.8.1
[8.078s] -- Searching for dependencies of ignition-msgs5
[8.158s] -- Looking for ignition-math6 -- found version 6.15.0
[8.178s] -- Checking for module 'tinyxml2'
[8.286s] --   Found tinyxml2, version 9.0.0
[8.578s] -- Looking for ignition-msgs5 -- found version 5.8.1
[8.579s] -- Looking for ignition-common3 -- found version 3.14.0
[8.579s] -- Searching for dependencies of ignition-common3
[8.580s] -- Looking for dlfcn.h - found
[8.585s] -- Looking for libdl - found
[8.598s] -- Found DL: TRUE  
[8.653s] -- Found tinyobjloader: /usr/lib/x86_64-linux-gnu/cmake/tinyobjloader/tinyobjloader-config.cmake (found version "2.0.0") 
[8.655s] -- Searching for <ignition-common3> component [graphics]
[8.665s] -- Looking for ignition-common3-graphics -- found version 3.14.0
[8.665s] -- Searching for dependencies of ignition-common3-graphics
[8.665s] -- Looking for ignition-math6 -- found version 6.15.0
[8.690s] -- Looking for ignition-fuel_tools4 -- found version 4.4.0
[8.691s] -- Searching for dependencies of ignition-fuel_tools4
[9.230s] -- Found CURL: /usr/lib/x86_64-linux-gnu/libcurl.so (found version "7.81.0")  
[9.277s] -- Checking for module 'jsoncpp'
[9.369s] --   Found jsoncpp, version 1.9.5
[9.609s] -- Found JSONCPP: TRUE  
[9.641s] -- Checking for module 'libzip'
[9.738s] --   Found libzip, version 1.7.3
[10.104s] -- Found ZIP: TRUE  
[10.104s] -- Looking for ignition-common3 -- found version 3.14.0
[10.105s] -- Looking for ignition-math6 -- found version 6.15.0
[10.105s] -- Looking for ignition-msgs5 -- found version 5.8.1
[10.136s] -- Found gazebo_ros_pkgs: 3.7.0 (/opt/ros/humble/share/gazebo_ros_pkgs/cmake)
[10.139s] -- Found geometry_msgs: 4.2.3 (/opt/ros/humble/share/geometry_msgs/cmake)
[10.278s] -- Found rosidl_generator_c: 3.1.5 (/opt/ros/humble/share/rosidl_generator_c/cmake)
[10.324s] -- Found rosidl_adapter: 3.1.5 (/opt/ros/humble/share/rosidl_adapter/cmake)
[10.369s] -- Found rosidl_generator_cpp: 3.1.5 (/opt/ros/humble/share/rosidl_generator_cpp/cmake)
[10.470s] -- Using all available rosidl_typesupport_c: rosidl_typesupport_fastrtps_c;rosidl_typesupport_introspection_c
[10.571s] -- Using all available rosidl_typesupport_cpp: rosidl_typesupport_fastrtps_cpp;rosidl_typesupport_introspection_cpp
[11.114s] -- Found nav_msgs: 4.2.3 (/opt/ros/humble/share/nav_msgs/cmake)
[11.618s] -- Found rclcpp: 16.0.7 (/opt/ros/humble/share/rclcpp/cmake)
[11.912s] -- Found rmw_implementation_cmake: 6.1.1 (/opt/ros/humble/share/rmw_implementation_cmake/cmake)
[11.920s] -- Found rmw_fastrtps_cpp: 6.2.5 (/opt/ros/humble/share/rmw_fastrtps_cpp/cmake)
[12.470s] -- Found OpenSSL: /usr/lib/x86_64-linux-gnu/libcrypto.so (found version "3.0.2")  
[12.577s] -- Found FastRTPS: /opt/ros/humble/include  
[12.778s] -- Using RMW implementation 'rmw_fastrtps_cpp' as default
[12.826s] -- Found Threads: TRUE  
[13.406s] -- Found sensor_msgs: 4.2.3 (/opt/ros/humble/share/sensor_msgs/cmake)
[13.818s] -- Found tf2: 0.25.5 (/opt/ros/humble/share/tf2/cmake)
[14.052s] -- Configuring done
[14.183s] -- Generating done
[14.188s] -- Build files have been written to: /home/vodka/turtlebot3_ws/build/turtlebot3_gazebo
[14.266s] Invoked command in '/home/vodka/turtlebot3_ws/build/turtlebot3_gazebo' returned '0': CMAKE_PREFIX_PATH=${CMAKE_PREFIX_PATH}:/home/vodka/turtlebot3_ws/install/turtlebot3_teleop:/home/vodka/turtlebot3_ws/install/turtlebot3_example:/opt/ros/humble /usr/bin/cmake /home/vodka/turtlebot3_ws/src/turtlebot3_simulations/turtlebot3_gazebo -DAMENT_CMAKE_SYMLINK_INSTALL=1 -DCMAKE_INSTALL_PREFIX=/home/vodka/turtlebot3_ws/install/turtlebot3_gazebo
[14.267s] Invoking command in '/home/vodka/turtlebot3_ws/build/turtlebot3_gazebo': CMAKE_PREFIX_PATH=${CMAKE_PREFIX_PATH}:/home/vodka/turtlebot3_ws/install/turtlebot3_teleop:/home/vodka/turtlebot3_ws/install/turtlebot3_example:/opt/ros/humble /usr/bin/cmake --build /home/vodka/turtlebot3_ws/build/turtlebot3_gazebo -- -j4 -l4
[14.472s] [ 12%] [32mBuilding CXX object CMakeFiles/turtlebot3_drive.dir/src/turtlebot3_drive.cpp.o[0m
[14.473s] [ 25%] [32mBuilding CXX object CMakeFiles/obstacle1.dir/models/turtlebot3_dqn_world/obstacle_plugin/obstacle1.cc.o[0m
[14.496s] [ 37%] [32mBuilding CXX object CMakeFiles/obstacle2.dir/models/turtlebot3_dqn_world/obstacle_plugin/obstacle2.cc.o[0m
[14.552s] [ 50%] [32mBuilding CXX object CMakeFiles/obstacles.dir/models/turtlebot3_dqn_world/obstacle_plugin/obstacles.cc.o[0m
[52.412s] [ 62%] [32m[1mLinking CXX shared library libobstacles.so[0m
[52.986s] [ 62%] Built target obstacles
[53.067s] [ 75%] [32m[1mLinking CXX shared library libobstacle1.so[0m
[53.412s] [ 87%] [32m[1mLinking CXX executable turtlebot3_drive[0m
[53.900s] [100%] [32m[1mLinking CXX shared library libobstacle2.so[0m
[53.943s] [100%] Built target obstacle1
[54.521s] [100%] Built target obstacle2
[54.866s] [100%] Built target turtlebot3_drive
[54.888s] Invoked command in '/home/vodka/turtlebot3_ws/build/turtlebot3_gazebo' returned '0': CMAKE_PREFIX_PATH=${CMAKE_PREFIX_PATH}:/home/vodka/turtlebot3_ws/install/turtlebot3_teleop:/home/vodka/turtlebot3_ws/install/turtlebot3_example:/opt/ros/humble /usr/bin/cmake --build /home/vodka/turtlebot3_ws/build/turtlebot3_gazebo -- -j4 -l4
[54.950s] Invoking command in '/home/vodka/turtlebot3_ws/build/turtlebot3_gazebo': CMAKE_PREFIX_PATH=${CMAKE_PREFIX_PATH}:/home/vodka/turtlebot3_ws/install/turtlebot3_teleop:/home/vodka/turtlebot3_ws/install/turtlebot3_example:/opt/ros/humble /usr/bin/cmake --install /home/vodka/turtlebot3_ws/build/turtlebot3_gazebo
[54.963s] -- Install configuration: ""
[54.964s] -- Execute custom install script
[54.965s] -- Symlinking: /home/vodka/turtlebot3_ws/install/turtlebot3_gazebo/lib/turtlebot3_gazebo/turtlebot3_drive
[54.982s] -- Symlinking: /home/vodka/turtlebot3_ws/install/turtlebot3_gazebo/share/turtlebot3_gazebo//launch/empty_world.launch.py
[54.998s] -- Symlinking: /home/vodka/turtlebot3_ws/install/turtlebot3_gazebo/share/turtlebot3_gazebo//launch/robot_state_publisher.launch.py
[55.014s] -- Symlinking: /home/vodka/turtlebot3_ws/install/turtlebot3_gazebo/share/turtlebot3_gazebo//launch/spawn_turtlebot3.launch.py
[55.030s] -- Symlinking: /home/vodka/turtlebot3_ws/install/turtlebot3_gazebo/share/turtlebot3_gazebo//launch/turtlebot3_dqn_stage1.launch.py
[55.046s] -- Symlinking: /home/vodka/turtlebot3_ws/install/turtlebot3_gazebo/share/turtlebot3_gazebo//launch/turtlebot3_dqn_stage2.launch.py
[55.059s] -- Symlinking: /home/vodka/turtlebot3_ws/install/turtlebot3_gazebo/share/turtlebot3_gazebo//launch/turtlebot3_dqn_stage3.launch.py
[55.069s] -- Symlinking: /home/vodka/turtlebot3_ws/install/turtlebot3_gazebo/share/turtlebot3_gazebo//launch/turtlebot3_dqn_stage4.launch.py
[55.081s] -- Symlinking: /home/vodka/turtlebot3_ws/install/turtlebot3_gazebo/share/turtlebot3_gazebo//launch/turtlebot3_house.launch.py
[55.093s] -- Symlinking: /home/vodka/turtlebot3_ws/install/turtlebot3_gazebo/share/turtlebot3_gazebo//launch/turtlebot3_world.launch.py
[55.104s] -- Symlinking: /home/vodka/turtlebot3_ws/install/turtlebot3_gazebo/share/turtlebot3_gazebo//models/turtlebot3_burger/model-1_4.sdf
[55.115s] -- Symlinking: /home/vodka/turtlebot3_ws/install/turtlebot3_gazebo/share/turtlebot3_gazebo//models/turtlebot3_burger/model.config
[55.128s] -- Symlinking: /home/vodka/turtlebot3_ws/install/turtlebot3_gazebo/share/turtlebot3_gazebo//models/turtlebot3_burger/model.sdf
[55.138s] -- Symlinking: /home/vodka/turtlebot3_ws/install/turtlebot3_gazebo/share/turtlebot3_gazebo//models/turtlebot3_common/meshes/burger_base.dae
[55.152s] -- Symlinking: /home/vodka/turtlebot3_ws/install/turtlebot3_gazebo/share/turtlebot3_gazebo//models/turtlebot3_common/meshes/lds.dae
[55.163s] -- Symlinking: /home/vodka/turtlebot3_ws/install/turtlebot3_gazebo/share/turtlebot3_gazebo//models/turtlebot3_common/meshes/r200.dae
[55.173s] -- Symlinking: /home/vodka/turtlebot3_ws/install/turtlebot3_gazebo/share/turtlebot3_gazebo//models/turtlebot3_common/meshes/tire.dae
[55.184s] -- Symlinking: /home/vodka/turtlebot3_ws/install/turtlebot3_gazebo/share/turtlebot3_gazebo//models/turtlebot3_common/meshes/waffle_base.dae
[55.195s] -- Symlinking: /home/vodka/turtlebot3_ws/install/turtlebot3_gazebo/share/turtlebot3_gazebo//models/turtlebot3_common/meshes/waffle_pi_base.dae
[55.206s] -- Symlinking: /home/vodka/turtlebot3_ws/install/turtlebot3_gazebo/share/turtlebot3_gazebo//models/turtlebot3_common/model.config
[55.217s] -- Symlinking: /home/vodka/turtlebot3_ws/install/turtlebot3_gazebo/share/turtlebot3_gazebo//models/turtlebot3_dqn_world/goal_box/model.config
[55.228s] -- Symlinking: /home/vodka/turtlebot3_ws/install/turtlebot3_gazebo/share/turtlebot3_gazebo//models/turtlebot3_dqn_world/goal_box/model.sdf
[55.239s] -- Symlinking: /home/vodka/turtlebot3_ws/install/turtlebot3_gazebo/share/turtlebot3_gazebo//models/turtlebot3_dqn_world/inner_walls/model.config
[55.252s] -- Symlinking: /home/vodka/turtlebot3_ws/install/turtlebot3_gazebo/share/turtlebot3_gazebo//models/turtlebot3_dqn_world/inner_walls/model.sdf
[55.264s] -- Symlinking: /home/vodka/turtlebot3_ws/install/turtlebot3_gazebo/share/turtlebot3_gazebo//models/turtlebot3_dqn_world/model.config
[55.275s] -- Symlinking: /home/vodka/turtlebot3_ws/install/turtlebot3_gazebo/share/turtlebot3_gazebo//models/turtlebot3_dqn_world/model.sdf
[55.286s] -- Symlinking: /home/vodka/turtlebot3_ws/install/turtlebot3_gazebo/share/turtlebot3_gazebo//models/turtlebot3_dqn_world/obstacle1/model.config
[55.297s] -- Symlinking: /home/vodka/turtlebot3_ws/install/turtlebot3_gazebo/share/turtlebot3_gazebo//models/turtlebot3_dqn_world/obstacle1/model.sdf
[55.309s] -- Symlinking: /home/vodka/turtlebot3_ws/install/turtlebot3_gazebo/share/turtlebot3_gazebo//models/turtlebot3_dqn_world/obstacle2/model.config
[55.320s] -- Symlinking: /home/vodka/turtlebot3_ws/install/turtlebot3_gazebo/share/turtlebot3_gazebo//models/turtlebot3_dqn_world/obstacle2/model.sdf
[55.332s] -- Symlinking: /home/vodka/turtlebot3_ws/install/turtlebot3_gazebo/share/turtlebot3_gazebo//models/turtlebot3_dqn_world/obstacle_plugin/CMakeLists.txt
[55.348s] -- Symlinking: /home/vodka/turtlebot3_ws/install/turtlebot3_gazebo/share/turtlebot3_gazebo//models/turtlebot3_dqn_world/obstacle_plugin/obstacle1.cc
[55.357s] -- Symlinking: /home/vodka/turtlebot3_ws/install/turtlebot3_gazebo/share/turtlebot3_gazebo//models/turtlebot3_dqn_world/obstacle_plugin/obstacle2.cc
[55.368s] -- Symlinking: /home/vodka/turtlebot3_ws/install/turtlebot3_gazebo/share/turtlebot3_gazebo//models/turtlebot3_dqn_world/obstacle_plugin/obstacles.cc
[55.379s] -- Symlinking: /home/vodka/turtlebot3_ws/install/turtlebot3_gazebo/share/turtlebot3_gazebo//models/turtlebot3_dqn_world/obstacles/model.config
[55.390s] -- Symlinking: /home/vodka/turtlebot3_ws/install/turtlebot3_gazebo/share/turtlebot3_gazebo//models/turtlebot3_dqn_world/obstacles/model.sdf
[55.401s] -- Symlinking: /home/vodka/turtlebot3_ws/install/turtlebot3_gazebo/share/turtlebot3_gazebo//models/turtlebot3_house/model.config
[55.412s] -- Symlinking: /home/vodka/turtlebot3_ws/install/turtlebot3_gazebo/share/turtlebot3_gazebo//models/turtlebot3_house/model.sdf
[55.423s] -- Symlinking: /home/vodka/turtlebot3_ws/install/turtlebot3_gazebo/share/turtlebot3_gazebo//models/turtlebot3_waffle/model-1_4.sdf
[55.435s] -- Symlinking: /home/vodka/turtlebot3_ws/install/turtlebot3_gazebo/share/turtlebot3_gazebo//models/turtlebot3_waffle/model.config
[55.449s] -- Symlinking: /home/vodka/turtlebot3_ws/install/turtlebot3_gazebo/share/turtlebot3_gazebo//models/turtlebot3_waffle/model.sdf
[55.461s] -- Symlinking: /home/vodka/turtlebot3_ws/install/turtlebot3_gazebo/share/turtlebot3_gazebo//models/turtlebot3_waffle_pi/model-1_4_.sdf
[55.472s] -- Symlinking: /home/vodka/turtlebot3_ws/install/turtlebot3_gazebo/share/turtlebot3_gazebo//models/turtlebot3_waffle_pi/model.config
[55.483s] -- Symlinking: /home/vodka/turtlebot3_ws/install/turtlebot3_gazebo/share/turtlebot3_gazebo//models/turtlebot3_waffle_pi/model.sdf
[55.495s] -- Symlinking: /home/vodka/turtlebot3_ws/install/turtlebot3_gazebo/share/turtlebot3_gazebo//models/turtlebot3_world/meshes/hexagon.dae
[55.506s] -- Symlinking: /home/vodka/turtlebot3_ws/install/turtlebot3_gazebo/share/turtlebot3_gazebo//models/turtlebot3_world/meshes/wall.dae
[55.518s] -- Symlinking: /home/vodka/turtlebot3_ws/install/turtlebot3_gazebo/share/turtlebot3_gazebo//models/turtlebot3_world/model-1_4.sdf
[55.530s] -- Symlinking: /home/vodka/turtlebot3_ws/install/turtlebot3_gazebo/share/turtlebot3_gazebo//models/turtlebot3_world/model.config
[55.541s] -- Symlinking: /home/vodka/turtlebot3_ws/install/turtlebot3_gazebo/share/turtlebot3_gazebo//models/turtlebot3_world/model.sdf
[55.555s] -- Symlinking: /home/vodka/turtlebot3_ws/install/turtlebot3_gazebo/share/turtlebot3_gazebo//rviz/tb3_gazebo.rviz
[55.566s] -- Symlinking: /home/vodka/turtlebot3_ws/install/turtlebot3_gazebo/share/turtlebot3_gazebo//urdf/common_properties.urdf
[55.577s] -- Symlinking: /home/vodka/turtlebot3_ws/install/turtlebot3_gazebo/share/turtlebot3_gazebo//urdf/turtlebot3_burger.urdf
[55.588s] -- Symlinking: /home/vodka/turtlebot3_ws/install/turtlebot3_gazebo/share/turtlebot3_gazebo//urdf/turtlebot3_waffle.urdf
[55.600s] -- Symlinking: /home/vodka/turtlebot3_ws/install/turtlebot3_gazebo/share/turtlebot3_gazebo//urdf/turtlebot3_waffle_pi.urdf
[55.612s] -- Symlinking: /home/vodka/turtlebot3_ws/install/turtlebot3_gazebo/share/turtlebot3_gazebo//worlds/empty_world.world
[55.623s] -- Symlinking: /home/vodka/turtlebot3_ws/install/turtlebot3_gazebo/share/turtlebot3_gazebo//worlds/turtlebot3_dqn_stage1.world
[55.635s] -- Symlinking: /home/vodka/turtlebot3_ws/install/turtlebot3_gazebo/share/turtlebot3_gazebo//worlds/turtlebot3_dqn_stage2.world
[55.648s] -- Symlinking: /home/vodka/turtlebot3_ws/install/turtlebot3_gazebo/share/turtlebot3_gazebo//worlds/turtlebot3_dqn_stage3.world
[55.660s] -- Symlinking: /home/vodka/turtlebot3_ws/install/turtlebot3_gazebo/share/turtlebot3_gazebo//worlds/turtlebot3_dqn_stage4.world
[55.671s] -- Symlinking: /home/vodka/turtlebot3_ws/install/turtlebot3_gazebo/share/turtlebot3_gazebo//worlds/turtlebot3_house.world
[55.682s] -- Symlinking: /home/vodka/turtlebot3_ws/install/turtlebot3_gazebo/share/turtlebot3_gazebo//worlds/turtlebot3_world.world
[55.693s] -- Symlinking: /home/vodka/turtlebot3_ws/install/turtlebot3_gazebo/include//turtlebot3_gazebo/turtlebot3_drive.hpp
[55.705s] -- Symlinking: /home/vodka/turtlebot3_ws/install/turtlebot3_gazebo/share/ament_index/resource_index/package_run_dependencies/turtlebot3_gazebo
[55.716s] -- Symlinking: /home/vodka/turtlebot3_ws/install/turtlebot3_gazebo/share/ament_index/resource_index/parent_prefix_path/turtlebot3_gazebo
[55.729s] -- Symlinking: /home/vodka/turtlebot3_ws/install/turtlebot3_gazebo/share/turtlebot3_gazebo/environment/ament_prefix_path.sh
[55.746s] -- Symlinking: /home/vodka/turtlebot3_ws/install/turtlebot3_gazebo/share/turtlebot3_gazebo/environment/ament_prefix_path.dsv
[55.764s] -- Symlinking: /home/vodka/turtlebot3_ws/install/turtlebot3_gazebo/share/turtlebot3_gazebo/environment/path.sh
[55.781s] -- Symlinking: /home/vodka/turtlebot3_ws/install/turtlebot3_gazebo/share/turtlebot3_gazebo/environment/path.dsv
[55.798s] -- Symlinking: /home/vodka/turtlebot3_ws/install/turtlebot3_gazebo/share/turtlebot3_gazebo/local_setup.bash
[55.815s] -- Symlinking: /home/vodka/turtlebot3_ws/install/turtlebot3_gazebo/share/turtlebot3_gazebo/local_setup.sh
[55.833s] -- Symlinking: /home/vodka/turtlebot3_ws/install/turtlebot3_gazebo/share/turtlebot3_gazebo/local_setup.zsh
[55.850s] -- Symlinking: /home/vodka/turtlebot3_ws/install/turtlebot3_gazebo/share/turtlebot3_gazebo/local_setup.dsv
[55.861s] -- Symlinking: /home/vodka/turtlebot3_ws/install/turtlebot3_gazebo/share/turtlebot3_gazebo/package.dsv
[55.872s] -- Symlinking: /home/vodka/turtlebot3_ws/install/turtlebot3_gazebo/share/ament_index/resource_index/packages/turtlebot3_gazebo
[55.883s] -- Symlinking: /home/vodka/turtlebot3_ws/install/turtlebot3_gazebo/share/turtlebot3_gazebo/cmake/ament_cmake_export_include_directories-extras.cmake
[55.894s] -- Symlinking: /home/vodka/turtlebot3_ws/install/turtlebot3_gazebo/share/turtlebot3_gazebo/cmake/ament_cmake_export_dependencies-extras.cmake
[55.905s] -- Symlinking: /home/vodka/turtlebot3_ws/install/turtlebot3_gazebo/share/turtlebot3_gazebo/cmake/turtlebot3_gazeboConfig.cmake
[55.918s] -- Symlinking: /home/vodka/turtlebot3_ws/install/turtlebot3_gazebo/share/turtlebot3_gazebo/cmake/turtlebot3_gazeboConfig-version.cmake
[55.929s] -- Symlinking: /home/vodka/turtlebot3_ws/install/turtlebot3_gazebo/share/turtlebot3_gazebo/package.xml
[55.946s] Invoked command in '/home/vodka/turtlebot3_ws/build/turtlebot3_gazebo' returned '0': CMAKE_PREFIX_PATH=${CMAKE_PREFIX_PATH}:/home/vodka/turtlebot3_ws/install/turtlebot3_teleop:/home/vodka/turtlebot3_ws/install/turtlebot3_example:/opt/ros/humble /usr/bin/cmake --install /home/vodka/turtlebot3_ws/build/turtlebot3_gazebo
