[2.022s] Invoking command in '/home/vodka/turtlebot3_ws/build/turtlebot3_teleop': PYTHONPATH=/home/vodka/turtlebot3_ws/build/turtlebot3_teleop/prefix_override:/home/vodka/turtlebot3_ws/install/turtlebot3_teleop/lib/python3.10/site-packages:${PYTHONPATH} /usr/bin/python3 setup.py develop --editable --build-directory /home/vodka/turtlebot3_ws/build/turtlebot3_teleop/build --no-deps install_data
[2.614s] running develop
[2.615s] /usr/lib/python3/dist-packages/setuptools/command/easy_install.py:158: EasyInstallDeprecationWarning: easy_install command is deprecated. Use build and pip and other standards-based tools.
[2.615s]   warnings.warn(
[2.617s] /usr/lib/python3/dist-packages/setuptools/command/install.py:34: SetuptoolsDeprecationWarning: setup.py install is deprecated. Use build and pip and other standards-based tools.
[2.617s]   warnings.warn(
[2.989s] running egg_info
[2.989s] writing turtlebot3_teleop.egg-info/PKG-INFO
[2.989s] writing dependency_links to turtlebot3_teleop.egg-info/dependency_links.txt
[2.990s] writing entry points to turtlebot3_teleop.egg-info/entry_points.txt
[2.990s] writing requirements to turtlebot3_teleop.egg-info/requires.txt
[2.990s] writing top-level names to turtlebot3_teleop.egg-info/top_level.txt
[2.994s] reading manifest file 'turtlebot3_teleop.egg-info/SOURCES.txt'
[2.995s] writing manifest file 'turtlebot3_teleop.egg-info/SOURCES.txt'
[2.999s] running build_ext
[2.999s] Creating /home/vodka/turtlebot3_ws/install/turtlebot3_teleop/lib/python3.10/site-packages/turtlebot3-teleop.egg-link (link to .)
[2.999s] Installing teleop_keyboard script to /home/vodka/turtlebot3_ws/install/turtlebot3_teleop/lib/turtlebot3_teleop
[3.000s] 
[3.000s] Installed /home/vodka/turtlebot3_ws/build/turtlebot3_teleop
[3.000s] running install_data
[3.128s] Invoked command in '/home/vodka/turtlebot3_ws/build/turtlebot3_teleop' returned '0': PYTHONPATH=/home/vodka/turtlebot3_ws/build/turtlebot3_teleop/prefix_override:/home/vodka/turtlebot3_ws/install/turtlebot3_teleop/lib/python3.10/site-packages:${PYTHONPATH} /usr/bin/python3 setup.py develop --editable --build-directory /home/vodka/turtlebot3_ws/build/turtlebot3_teleop/build --no-deps install_data
