[0.258s] Invoking command in '/home/vodka/turtlebot3_ws/build/dynamixel_sdk_examples': AMENT_PREFIX_PATH=/home/vodka/turtlebot3_ws/install/dynamixel_sdk_custom_interfaces:/home/vodka/turtlebot3_ws/install/dynamixel_sdk:${AMENT_PREFIX_PATH} CMAKE_PREFIX_PATH=/home/vodka/turtlebot3_ws/install/dynamixel_sdk_custom_interfaces:/home/vodka/turtlebot3_ws/install/dynamixel_sdk:/opt/ros/humble LD_LIBRARY_PATH=/home/vodka/turtlebot3_ws/install/dynamixel_sdk_custom_interfaces/lib:/home/vodka/turtlebot3_ws/install/dynamixel_sdk/lib:${LD_LIBRARY_PATH} PYTHONPATH=/home/vodka/turtlebot3_ws/install/dynamixel_sdk_custom_interfaces/local/lib/python3.10/dist-packages:${PYTHONPATH} /usr/bin/cmake --build /home/vodka/turtlebot3_ws/build/dynamixel_sdk_examples -- -j4 -l4
[0.364s] [100%] Built target read_write_node
[0.433s] Invoked command in '/home/vodka/turtlebot3_ws/build/dynamixel_sdk_examples' returned '0': AMENT_PREFIX_PATH=/home/vodka/turtlebot3_ws/install/dynamixel_sdk_custom_interfaces:/home/vodka/turtlebot3_ws/install/dynamixel_sdk:${AMENT_PREFIX_PATH} CMAKE_PREFIX_PATH=/home/vodka/turtlebot3_ws/install/dynamixel_sdk_custom_interfaces:/home/vodka/turtlebot3_ws/install/dynamixel_sdk:/opt/ros/humble LD_LIBRARY_PATH=/home/vodka/turtlebot3_ws/install/dynamixel_sdk_custom_interfaces/lib:/home/vodka/turtlebot3_ws/install/dynamixel_sdk/lib:${LD_LIBRARY_PATH} PYTHONPATH=/home/vodka/turtlebot3_ws/install/dynamixel_sdk_custom_interfaces/local/lib/python3.10/dist-packages:${PYTHONPATH} /usr/bin/cmake --build /home/vodka/turtlebot3_ws/build/dynamixel_sdk_examples -- -j4 -l4
[0.475s] Invoking command in '/home/vodka/turtlebot3_ws/build/dynamixel_sdk_examples': AMENT_PREFIX_PATH=/home/vodka/turtlebot3_ws/install/dynamixel_sdk_custom_interfaces:/home/vodka/turtlebot3_ws/install/dynamixel_sdk:${AMENT_PREFIX_PATH} CMAKE_PREFIX_PATH=/home/vodka/turtlebot3_ws/install/dynamixel_sdk_custom_interfaces:/home/vodka/turtlebot3_ws/install/dynamixel_sdk:/opt/ros/humble LD_LIBRARY_PATH=/home/vodka/turtlebot3_ws/install/dynamixel_sdk_custom_interfaces/lib:/home/vodka/turtlebot3_ws/install/dynamixel_sdk/lib:${LD_LIBRARY_PATH} PYTHONPATH=/home/vodka/turtlebot3_ws/install/dynamixel_sdk_custom_interfaces/local/lib/python3.10/dist-packages:${PYTHONPATH} /usr/bin/cmake --install /home/vodka/turtlebot3_ws/build/dynamixel_sdk_examples
[0.485s] -- Install configuration: ""
[0.486s] -- Execute custom install script
[0.486s] -- Up-to-date symlink: /home/vodka/turtlebot3_ws/install/dynamixel_sdk_examples/lib/dynamixel_sdk_examples/read_write_node
[0.486s] -- Up-to-date symlink: /home/vodka/turtlebot3_ws/install/dynamixel_sdk_examples/share/ament_index/resource_index/package_run_dependencies/dynamixel_sdk_examples
[0.487s] -- Up-to-date symlink: /home/vodka/turtlebot3_ws/install/dynamixel_sdk_examples/share/ament_index/resource_index/parent_prefix_path/dynamixel_sdk_examples
[0.487s] -- Up-to-date symlink: /home/vodka/turtlebot3_ws/install/dynamixel_sdk_examples/share/dynamixel_sdk_examples/environment/ament_prefix_path.sh
[0.487s] -- Up-to-date symlink: /home/vodka/turtlebot3_ws/install/dynamixel_sdk_examples/share/dynamixel_sdk_examples/environment/ament_prefix_path.dsv
[0.488s] -- Up-to-date symlink: /home/vodka/turtlebot3_ws/install/dynamixel_sdk_examples/share/dynamixel_sdk_examples/environment/path.sh
[0.488s] -- Up-to-date symlink: /home/vodka/turtlebot3_ws/install/dynamixel_sdk_examples/share/dynamixel_sdk_examples/environment/path.dsv
[0.488s] -- Up-to-date symlink: /home/vodka/turtlebot3_ws/install/dynamixel_sdk_examples/share/dynamixel_sdk_examples/local_setup.bash
[0.489s] -- Up-to-date symlink: /home/vodka/turtlebot3_ws/install/dynamixel_sdk_examples/share/dynamixel_sdk_examples/local_setup.sh
[0.489s] -- Up-to-date symlink: /home/vodka/turtlebot3_ws/install/dynamixel_sdk_examples/share/dynamixel_sdk_examples/local_setup.zsh
[0.489s] -- Up-to-date symlink: /home/vodka/turtlebot3_ws/install/dynamixel_sdk_examples/share/dynamixel_sdk_examples/local_setup.dsv
[0.489s] -- Symlinking: /home/vodka/turtlebot3_ws/install/dynamixel_sdk_examples/share/dynamixel_sdk_examples/package.dsv
[0.503s] -- Up-to-date symlink: /home/vodka/turtlebot3_ws/install/dynamixel_sdk_examples/share/ament_index/resource_index/packages/dynamixel_sdk_examples
[0.504s] -- Up-to-date symlink: /home/vodka/turtlebot3_ws/install/dynamixel_sdk_examples/share/dynamixel_sdk_examples/cmake/dynamixel_sdk_examplesConfig.cmake
[0.504s] -- Up-to-date symlink: /home/vodka/turtlebot3_ws/install/dynamixel_sdk_examples/share/dynamixel_sdk_examples/cmake/dynamixel_sdk_examplesConfig-version.cmake
[0.504s] -- Up-to-date symlink: /home/vodka/turtlebot3_ws/install/dynamixel_sdk_examples/share/dynamixel_sdk_examples/package.xml
[0.508s] Invoked command in '/home/vodka/turtlebot3_ws/build/dynamixel_sdk_examples' returned '0': AMENT_PREFIX_PATH=/home/vodka/turtlebot3_ws/install/dynamixel_sdk_custom_interfaces:/home/vodka/turtlebot3_ws/install/dynamixel_sdk:${AMENT_PREFIX_PATH} CMAKE_PREFIX_PATH=/home/vodka/turtlebot3_ws/install/dynamixel_sdk_custom_interfaces:/home/vodka/turtlebot3_ws/install/dynamixel_sdk:/opt/ros/humble LD_LIBRARY_PATH=/home/vodka/turtlebot3_ws/install/dynamixel_sdk_custom_interfaces/lib:/home/vodka/turtlebot3_ws/install/dynamixel_sdk/lib:${LD_LIBRARY_PATH} PYTHONPATH=/home/vodka/turtlebot3_ws/install/dynamixel_sdk_custom_interfaces/local/lib/python3.10/dist-packages:${PYTHONPATH} /usr/bin/cmake --install /home/vodka/turtlebot3_ws/build/dynamixel_sdk_examples
