[0.391s] Invoking command in '/home/vodka/turtlebot3_ws/build/turtlebot3_navigation2': CMAKE_PREFIX_PATH=/opt/ros/humble /usr/bin/cmake --build /home/vodka/turtlebot3_ws/build/turtlebot3_navigation2 -- -j4 -l4
[0.576s] Invoked command in '/home/vodka/turtlebot3_ws/build/turtlebot3_navigation2' returned '0': CMAKE_PREFIX_PATH=/opt/ros/humble /usr/bin/cmake --build /home/vodka/turtlebot3_ws/build/turtlebot3_navigation2 -- -j4 -l4
[0.745s] Invoking command in '/home/vodka/turtlebot3_ws/build/turtlebot3_navigation2': CMAKE_PREFIX_PATH=/opt/ros/humble /usr/bin/cmake --install /home/vodka/turtlebot3_ws/build/turtlebot3_navigation2
[0.758s] -- Install configuration: ""
[0.759s] -- Execute custom install script
[0.760s] -- Up-to-date symlink: /home/vodka/turtlebot3_ws/install/turtlebot3_navigation2/share/turtlebot3_navigation2/launch/navigation2.launch.py
[0.761s] -- Up-to-date symlink: /home/vodka/turtlebot3_ws/install/turtlebot3_navigation2/share/turtlebot3_navigation2/map/map.pgm
[0.761s] -- Up-to-date symlink: /home/vodka/turtlebot3_ws/install/turtlebot3_navigation2/share/turtlebot3_navigation2/map/map.yaml
[0.762s] -- Up-to-date symlink: /home/vodka/turtlebot3_ws/install/turtlebot3_navigation2/share/turtlebot3_navigation2/param/burger.yaml
[0.762s] -- Up-to-date symlink: /home/vodka/turtlebot3_ws/install/turtlebot3_navigation2/share/turtlebot3_navigation2/param/waffle.yaml
[0.763s] -- Up-to-date symlink: /home/vodka/turtlebot3_ws/install/turtlebot3_navigation2/share/turtlebot3_navigation2/param/waffle_pi.yaml
[0.764s] -- Up-to-date symlink: /home/vodka/turtlebot3_ws/install/turtlebot3_navigation2/share/turtlebot3_navigation2/rviz/tb3_navigation2.rviz
[0.764s] -- Up-to-date symlink: /home/vodka/turtlebot3_ws/install/turtlebot3_navigation2/share/ament_index/resource_index/package_run_dependencies/turtlebot3_navigation2
[0.765s] -- Up-to-date symlink: /home/vodka/turtlebot3_ws/install/turtlebot3_navigation2/share/ament_index/resource_index/parent_prefix_path/turtlebot3_navigation2
[0.766s] -- Up-to-date symlink: /home/vodka/turtlebot3_ws/install/turtlebot3_navigation2/share/turtlebot3_navigation2/environment/ament_prefix_path.sh
[0.766s] -- Up-to-date symlink: /home/vodka/turtlebot3_ws/install/turtlebot3_navigation2/share/turtlebot3_navigation2/environment/ament_prefix_path.dsv
[0.767s] -- Up-to-date symlink: /home/vodka/turtlebot3_ws/install/turtlebot3_navigation2/share/turtlebot3_navigation2/environment/path.sh
[0.767s] -- Up-to-date symlink: /home/vodka/turtlebot3_ws/install/turtlebot3_navigation2/share/turtlebot3_navigation2/environment/path.dsv
[0.768s] -- Up-to-date symlink: /home/vodka/turtlebot3_ws/install/turtlebot3_navigation2/share/turtlebot3_navigation2/local_setup.bash
[0.768s] -- Up-to-date symlink: /home/vodka/turtlebot3_ws/install/turtlebot3_navigation2/share/turtlebot3_navigation2/local_setup.sh
[0.769s] -- Up-to-date symlink: /home/vodka/turtlebot3_ws/install/turtlebot3_navigation2/share/turtlebot3_navigation2/local_setup.zsh
[0.769s] -- Up-to-date symlink: /home/vodka/turtlebot3_ws/install/turtlebot3_navigation2/share/turtlebot3_navigation2/local_setup.dsv
[0.770s] -- Symlinking: /home/vodka/turtlebot3_ws/install/turtlebot3_navigation2/share/turtlebot3_navigation2/package.dsv
[0.780s] -- Up-to-date symlink: /home/vodka/turtlebot3_ws/install/turtlebot3_navigation2/share/ament_index/resource_index/packages/turtlebot3_navigation2
[0.781s] -- Up-to-date symlink: /home/vodka/turtlebot3_ws/install/turtlebot3_navigation2/share/turtlebot3_navigation2/cmake/turtlebot3_navigation2Config.cmake
[0.781s] -- Up-to-date symlink: /home/vodka/turtlebot3_ws/install/turtlebot3_navigation2/share/turtlebot3_navigation2/cmake/turtlebot3_navigation2Config-version.cmake
[0.781s] -- Up-to-date symlink: /home/vodka/turtlebot3_ws/install/turtlebot3_navigation2/share/turtlebot3_navigation2/package.xml
[1.137s] Invoked command in '/home/vodka/turtlebot3_ws/build/turtlebot3_navigation2' returned '0': CMAKE_PREFIX_PATH=/opt/ros/humble /usr/bin/cmake --install /home/vodka/turtlebot3_ws/build/turtlebot3_navigation2
