[0.103s] Invoking command in '/home/vodka/turtlebot3_ws/build/turtlebot3_bringup': AMENT_PREFIX_PATH=/home/vodka/turtlebot3_ws/install/turtlebot3_node:/home/vodka/turtlebot3_ws/install/turtlebot3_msgs:/home/vodka/turtlebot3_ws/install/turtlebot3_description:/home/vodka/turtlebot3_ws/install/dynamixel_sdk:${AMENT_PREFIX_PATH} CMAKE_PREFIX_PATH=/home/vodka/turtlebot3_ws/install/turtlebot3_node:/home/vodka/turtlebot3_ws/install/turtlebot3_msgs:/home/vodka/turtlebot3_ws/install/turtlebot3_description:/home/vodka/turtlebot3_ws/install/dynamixel_sdk:/opt/ros/humble LD_LIBRARY_PATH=/home/vodka/turtlebot3_ws/install/turtlebot3_msgs/lib:/home/vodka/turtlebot3_ws/install/dynamixel_sdk/lib:${LD_LIBRARY_PATH} PYTHONPATH=/home/vodka/turtlebot3_ws/install/turtlebot3_msgs/local/lib/python3.10/dist-packages:${PYTHONPATH} /usr/bin/cmake --build /home/vodka/turtlebot3_ws/build/turtlebot3_bringup -- -j4 -l4
[0.203s] Invoked command in '/home/vodka/turtlebot3_ws/build/turtlebot3_bringup' returned '0': AMENT_PREFIX_PATH=/home/vodka/turtlebot3_ws/install/turtlebot3_node:/home/vodka/turtlebot3_ws/install/turtlebot3_msgs:/home/vodka/turtlebot3_ws/install/turtlebot3_description:/home/vodka/turtlebot3_ws/install/dynamixel_sdk:${AMENT_PREFIX_PATH} CMAKE_PREFIX_PATH=/home/vodka/turtlebot3_ws/install/turtlebot3_node:/home/vodka/turtlebot3_ws/install/turtlebot3_msgs:/home/vodka/turtlebot3_ws/install/turtlebot3_description:/home/vodka/turtlebot3_ws/install/dynamixel_sdk:/opt/ros/humble LD_LIBRARY_PATH=/home/vodka/turtlebot3_ws/install/turtlebot3_msgs/lib:/home/vodka/turtlebot3_ws/install/dynamixel_sdk/lib:${LD_LIBRARY_PATH} PYTHONPATH=/home/vodka/turtlebot3_ws/install/turtlebot3_msgs/local/lib/python3.10/dist-packages:${PYTHONPATH} /usr/bin/cmake --build /home/vodka/turtlebot3_ws/build/turtlebot3_bringup -- -j4 -l4
[0.322s] Invoking command in '/home/vodka/turtlebot3_ws/build/turtlebot3_bringup': AMENT_PREFIX_PATH=/home/vodka/turtlebot3_ws/install/turtlebot3_node:/home/vodka/turtlebot3_ws/install/turtlebot3_msgs:/home/vodka/turtlebot3_ws/install/turtlebot3_description:/home/vodka/turtlebot3_ws/install/dynamixel_sdk:${AMENT_PREFIX_PATH} CMAKE_PREFIX_PATH=/home/vodka/turtlebot3_ws/install/turtlebot3_node:/home/vodka/turtlebot3_ws/install/turtlebot3_msgs:/home/vodka/turtlebot3_ws/install/turtlebot3_description:/home/vodka/turtlebot3_ws/install/dynamixel_sdk:/opt/ros/humble LD_LIBRARY_PATH=/home/vodka/turtlebot3_ws/install/turtlebot3_msgs/lib:/home/vodka/turtlebot3_ws/install/dynamixel_sdk/lib:${LD_LIBRARY_PATH} PYTHONPATH=/home/vodka/turtlebot3_ws/install/turtlebot3_msgs/local/lib/python3.10/dist-packages:${PYTHONPATH} /usr/bin/cmake --install /home/vodka/turtlebot3_ws/build/turtlebot3_bringup
[0.338s] -- Install configuration: ""
[0.339s] -- Execute custom install script
[0.340s] -- Up-to-date symlink: /home/vodka/turtlebot3_ws/install/turtlebot3_bringup/share/turtlebot3_bringup/launch/robot.launch.py
[0.341s] -- Up-to-date symlink: /home/vodka/turtlebot3_ws/install/turtlebot3_bringup/share/turtlebot3_bringup/launch/rviz2.launch.py
[0.342s] -- Up-to-date symlink: /home/vodka/turtlebot3_ws/install/turtlebot3_bringup/share/turtlebot3_bringup/launch/turtlebot3_state_publisher.launch.py
[0.343s] -- Up-to-date symlink: /home/vodka/turtlebot3_ws/install/turtlebot3_bringup/share/turtlebot3_bringup/param/burger.yaml
[0.343s] -- Up-to-date symlink: /home/vodka/turtlebot3_ws/install/turtlebot3_bringup/share/turtlebot3_bringup/param/waffle.yaml
[0.344s] -- Up-to-date symlink: /home/vodka/turtlebot3_ws/install/turtlebot3_bringup/share/turtlebot3_bringup/param/waffle_pi.yaml
[0.344s] -- Up-to-date symlink: /home/vodka/turtlebot3_ws/install/turtlebot3_bringup/share/turtlebot3_bringup/script/99-turtlebot3-cdc.rules
[0.345s] -- Up-to-date symlink: /home/vodka/turtlebot3_ws/install/turtlebot3_bringup/share/turtlebot3_bringup/script/create_udev_rules
[0.346s] -- Up-to-date symlink: /home/vodka/turtlebot3_ws/install/turtlebot3_bringup/share/ament_index/resource_index/package_run_dependencies/turtlebot3_bringup
[0.346s] -- Up-to-date symlink: /home/vodka/turtlebot3_ws/install/turtlebot3_bringup/share/ament_index/resource_index/parent_prefix_path/turtlebot3_bringup
[0.347s] -- Up-to-date symlink: /home/vodka/turtlebot3_ws/install/turtlebot3_bringup/share/turtlebot3_bringup/environment/ament_prefix_path.sh
[0.348s] -- Up-to-date symlink: /home/vodka/turtlebot3_ws/install/turtlebot3_bringup/share/turtlebot3_bringup/environment/ament_prefix_path.dsv
[0.348s] -- Up-to-date symlink: /home/vodka/turtlebot3_ws/install/turtlebot3_bringup/share/turtlebot3_bringup/environment/path.sh
[0.349s] -- Up-to-date symlink: /home/vodka/turtlebot3_ws/install/turtlebot3_bringup/share/turtlebot3_bringup/environment/path.dsv
[0.350s] -- Up-to-date symlink: /home/vodka/turtlebot3_ws/install/turtlebot3_bringup/share/turtlebot3_bringup/local_setup.bash
[0.350s] -- Up-to-date symlink: /home/vodka/turtlebot3_ws/install/turtlebot3_bringup/share/turtlebot3_bringup/local_setup.sh
[0.351s] -- Up-to-date symlink: /home/vodka/turtlebot3_ws/install/turtlebot3_bringup/share/turtlebot3_bringup/local_setup.zsh
[0.352s] -- Up-to-date symlink: /home/vodka/turtlebot3_ws/install/turtlebot3_bringup/share/turtlebot3_bringup/local_setup.dsv
[0.352s] -- Symlinking: /home/vodka/turtlebot3_ws/install/turtlebot3_bringup/share/turtlebot3_bringup/package.dsv
[0.374s] -- Up-to-date symlink: /home/vodka/turtlebot3_ws/install/turtlebot3_bringup/share/ament_index/resource_index/packages/turtlebot3_bringup
[0.374s] -- Up-to-date symlink: /home/vodka/turtlebot3_ws/install/turtlebot3_bringup/share/turtlebot3_bringup/cmake/turtlebot3_bringupConfig.cmake
[0.375s] -- Up-to-date symlink: /home/vodka/turtlebot3_ws/install/turtlebot3_bringup/share/turtlebot3_bringup/cmake/turtlebot3_bringupConfig-version.cmake
[0.375s] -- Up-to-date symlink: /home/vodka/turtlebot3_ws/install/turtlebot3_bringup/share/turtlebot3_bringup/package.xml
[0.382s] Invoked command in '/home/vodka/turtlebot3_ws/build/turtlebot3_bringup' returned '0': AMENT_PREFIX_PATH=/home/vodka/turtlebot3_ws/install/turtlebot3_node:/home/vodka/turtlebot3_ws/install/turtlebot3_msgs:/home/vodka/turtlebot3_ws/install/turtlebot3_description:/home/vodka/turtlebot3_ws/install/dynamixel_sdk:${AMENT_PREFIX_PATH} CMAKE_PREFIX_PATH=/home/vodka/turtlebot3_ws/install/turtlebot3_node:/home/vodka/turtlebot3_ws/install/turtlebot3_msgs:/home/vodka/turtlebot3_ws/install/turtlebot3_description:/home/vodka/turtlebot3_ws/install/dynamixel_sdk:/opt/ros/humble LD_LIBRARY_PATH=/home/vodka/turtlebot3_ws/install/turtlebot3_msgs/lib:/home/vodka/turtlebot3_ws/install/dynamixel_sdk/lib:${LD_LIBRARY_PATH} PYTHONPATH=/home/vodka/turtlebot3_ws/install/turtlebot3_msgs/local/lib/python3.10/dist-packages:${PYTHONPATH} /usr/bin/cmake --install /home/vodka/turtlebot3_ws/build/turtlebot3_bringup
