[0.142s] Invoking command in '/home/vodka/turtlebot3_ws/build/dynamixel_sdk_custom_interfaces': CMAKE_PREFIX_PATH=/opt/ros/humble /usr/bin/cmake --build /home/vodka/turtlebot3_ws/build/dynamixel_sdk_custom_interfaces -- -j4 -l4
[0.374s] [  2%] Built target dynamixel_sdk_custom_interfaces__cpp
[0.455s] [ 12%] Built target dynamixel_sdk_custom_interfaces__rosidl_generator_c
[0.458s] [ 12%] Built target ament_cmake_python_symlink_dynamixel_sdk_custom_interfaces
[0.515s] [ 23%] Built target dynamixel_sdk_custom_interfaces__rosidl_typesupport_cpp
[0.636s] [ 33%] Built target dynamixel_sdk_custom_interfaces__rosidl_typesupport_fastrtps_cpp
[0.674s] [ 43%] Built target dynamixel_sdk_custom_interfaces__rosidl_typesupport_introspection_cpp
[0.763s] [ 53%] Built target dynamixel_sdk_custom_interfaces__rosidl_typesupport_fastrtps_c
[0.818s] [ 64%] Built target dynamixel_sdk_custom_interfaces__rosidl_typesupport_introspection_c
[0.892s] [ 74%] Built target dynamixel_sdk_custom_interfaces__rosidl_typesupport_c
[1.009s] [ 74%] Built target dynamixel_sdk_custom_interfaces
[1.146s] [ 76%] Built target dynamixel_sdk_custom_interfaces__py
[1.245s] [ 84%] Built target dynamixel_sdk_custom_interfaces__rosidl_generator_py
[1.421s] [ 89%] Built target dynamixel_sdk_custom_interfaces__rosidl_typesupport_fastrtps_c__pyext
[1.475s] [ 94%] Built target dynamixel_sdk_custom_interfaces__rosidl_typesupport_introspection_c__pyext
[1.506s] [100%] Built target dynamixel_sdk_custom_interfaces__rosidl_typesupport_c__pyext
[1.599s] running egg_info
[1.601s] writing dynamixel_sdk_custom_interfaces.egg-info/PKG-INFO
[1.602s] writing dependency_links to dynamixel_sdk_custom_interfaces.egg-info/dependency_links.txt
[1.602s] writing top-level names to dynamixel_sdk_custom_interfaces.egg-info/top_level.txt
[1.608s] reading manifest file 'dynamixel_sdk_custom_interfaces.egg-info/SOURCES.txt'
[1.610s] writing manifest file 'dynamixel_sdk_custom_interfaces.egg-info/SOURCES.txt'
[1.706s] [100%] Built target ament_cmake_python_build_dynamixel_sdk_custom_interfaces_egg
[2.339s] Invoked command in '/home/vodka/turtlebot3_ws/build/dynamixel_sdk_custom_interfaces' returned '0': CMAKE_PREFIX_PATH=/opt/ros/humble /usr/bin/cmake --build /home/vodka/turtlebot3_ws/build/dynamixel_sdk_custom_interfaces -- -j4 -l4
[2.895s] Invoking command in '/home/vodka/turtlebot3_ws/build/dynamixel_sdk_custom_interfaces': CMAKE_PREFIX_PATH=/opt/ros/humble /usr/bin/cmake --install /home/vodka/turtlebot3_ws/build/dynamixel_sdk_custom_interfaces
[2.925s] -- Install configuration: ""
[2.926s] -- Execute custom install script
[2.926s] -- Up-to-date symlink: /home/vodka/turtlebot3_ws/install/dynamixel_sdk_custom_interfaces/share/ament_index/resource_index/rosidl_interfaces/dynamixel_sdk_custom_interfaces
[2.926s] -- Up-to-date symlink: /home/vodka/turtlebot3_ws/install/dynamixel_sdk_custom_interfaces/include/dynamixel_sdk_custom_interfaces/dynamixel_sdk_custom_interfaces/msg/detail/set_position__functions.h
[2.927s] -- Up-to-date symlink: /home/vodka/turtlebot3_ws/install/dynamixel_sdk_custom_interfaces/include/dynamixel_sdk_custom_interfaces/dynamixel_sdk_custom_interfaces/msg/detail/set_position__struct.h
[2.927s] -- Up-to-date symlink: /home/vodka/turtlebot3_ws/install/dynamixel_sdk_custom_interfaces/include/dynamixel_sdk_custom_interfaces/dynamixel_sdk_custom_interfaces/msg/detail/set_position__type_support.h
[2.927s] -- Up-to-date symlink: /home/vodka/turtlebot3_ws/install/dynamixel_sdk_custom_interfaces/include/dynamixel_sdk_custom_interfaces/dynamixel_sdk_custom_interfaces/msg/rosidl_generator_c__visibility_control.h
[2.928s] -- Up-to-date symlink: /home/vodka/turtlebot3_ws/install/dynamixel_sdk_custom_interfaces/include/dynamixel_sdk_custom_interfaces/dynamixel_sdk_custom_interfaces/msg/set_position.h
[2.932s] -- Up-to-date symlink: /home/vodka/turtlebot3_ws/install/dynamixel_sdk_custom_interfaces/include/dynamixel_sdk_custom_interfaces/dynamixel_sdk_custom_interfaces/srv/detail/get_position__functions.h
[2.933s] -- Up-to-date symlink: /home/vodka/turtlebot3_ws/install/dynamixel_sdk_custom_interfaces/include/dynamixel_sdk_custom_interfaces/dynamixel_sdk_custom_interfaces/srv/detail/get_position__struct.h
[2.934s] -- Up-to-date symlink: /home/vodka/turtlebot3_ws/install/dynamixel_sdk_custom_interfaces/include/dynamixel_sdk_custom_interfaces/dynamixel_sdk_custom_interfaces/srv/detail/get_position__type_support.h
[2.935s] -- Up-to-date symlink: /home/vodka/turtlebot3_ws/install/dynamixel_sdk_custom_interfaces/include/dynamixel_sdk_custom_interfaces/dynamixel_sdk_custom_interfaces/srv/get_position.h
[2.936s] -- Up-to-date symlink: /home/vodka/turtlebot3_ws/install/dynamixel_sdk_custom_interfaces/share/dynamixel_sdk_custom_interfaces/environment/library_path.sh
[2.938s] -- Up-to-date symlink: /home/vodka/turtlebot3_ws/install/dynamixel_sdk_custom_interfaces/share/dynamixel_sdk_custom_interfaces/environment/library_path.dsv
[2.940s] -- Up-to-date symlink: /home/vodka/turtlebot3_ws/install/dynamixel_sdk_custom_interfaces/include/dynamixel_sdk_custom_interfaces/dynamixel_sdk_custom_interfaces/msg/detail/set_position__rosidl_typesupport_fastrtps_c.h
[2.942s] -- Up-to-date symlink: /home/vodka/turtlebot3_ws/install/dynamixel_sdk_custom_interfaces/include/dynamixel_sdk_custom_interfaces/dynamixel_sdk_custom_interfaces/msg/rosidl_typesupport_fastrtps_c__visibility_control.h
[2.949s] -- Up-to-date symlink: /home/vodka/turtlebot3_ws/install/dynamixel_sdk_custom_interfaces/include/dynamixel_sdk_custom_interfaces/dynamixel_sdk_custom_interfaces/srv/detail/get_position__rosidl_typesupport_fastrtps_c.h
[2.951s] -- Up-to-date symlink: /home/vodka/turtlebot3_ws/install/dynamixel_sdk_custom_interfaces/include/dynamixel_sdk_custom_interfaces/dynamixel_sdk_custom_interfaces/msg/detail/set_position__builder.hpp
[2.952s] -- Up-to-date symlink: /home/vodka/turtlebot3_ws/install/dynamixel_sdk_custom_interfaces/include/dynamixel_sdk_custom_interfaces/dynamixel_sdk_custom_interfaces/msg/detail/set_position__struct.hpp
[2.953s] -- Up-to-date symlink: /home/vodka/turtlebot3_ws/install/dynamixel_sdk_custom_interfaces/include/dynamixel_sdk_custom_interfaces/dynamixel_sdk_custom_interfaces/msg/detail/set_position__traits.hpp
[2.954s] -- Up-to-date symlink: /home/vodka/turtlebot3_ws/install/dynamixel_sdk_custom_interfaces/include/dynamixel_sdk_custom_interfaces/dynamixel_sdk_custom_interfaces/msg/set_position.hpp
[2.954s] -- Up-to-date symlink: /home/vodka/turtlebot3_ws/install/dynamixel_sdk_custom_interfaces/include/dynamixel_sdk_custom_interfaces/dynamixel_sdk_custom_interfaces/srv/detail/get_position__builder.hpp
[2.955s] -- Up-to-date symlink: /home/vodka/turtlebot3_ws/install/dynamixel_sdk_custom_interfaces/include/dynamixel_sdk_custom_interfaces/dynamixel_sdk_custom_interfaces/srv/detail/get_position__struct.hpp
[2.956s] -- Up-to-date symlink: /home/vodka/turtlebot3_ws/install/dynamixel_sdk_custom_interfaces/include/dynamixel_sdk_custom_interfaces/dynamixel_sdk_custom_interfaces/srv/detail/get_position__traits.hpp
[2.958s] -- Up-to-date symlink: /home/vodka/turtlebot3_ws/install/dynamixel_sdk_custom_interfaces/include/dynamixel_sdk_custom_interfaces/dynamixel_sdk_custom_interfaces/srv/get_position.hpp
[2.959s] -- Up-to-date symlink: /home/vodka/turtlebot3_ws/install/dynamixel_sdk_custom_interfaces/include/dynamixel_sdk_custom_interfaces/dynamixel_sdk_custom_interfaces/msg/detail/set_position__rosidl_typesupport_fastrtps_cpp.hpp
[2.961s] -- Up-to-date symlink: /home/vodka/turtlebot3_ws/install/dynamixel_sdk_custom_interfaces/include/dynamixel_sdk_custom_interfaces/dynamixel_sdk_custom_interfaces/msg/rosidl_typesupport_fastrtps_cpp__visibility_control.h
[2.963s] -- Up-to-date symlink: /home/vodka/turtlebot3_ws/install/dynamixel_sdk_custom_interfaces/include/dynamixel_sdk_custom_interfaces/dynamixel_sdk_custom_interfaces/srv/detail/get_position__rosidl_typesupport_fastrtps_cpp.hpp
[2.964s] -- Up-to-date symlink: /home/vodka/turtlebot3_ws/install/dynamixel_sdk_custom_interfaces/include/dynamixel_sdk_custom_interfaces/dynamixel_sdk_custom_interfaces/msg/detail/set_position__rosidl_typesupport_introspection_c.h
[2.966s] -- Up-to-date symlink: /home/vodka/turtlebot3_ws/install/dynamixel_sdk_custom_interfaces/include/dynamixel_sdk_custom_interfaces/dynamixel_sdk_custom_interfaces/msg/rosidl_typesupport_introspection_c__visibility_control.h
[2.967s] -- Up-to-date symlink: /home/vodka/turtlebot3_ws/install/dynamixel_sdk_custom_interfaces/include/dynamixel_sdk_custom_interfaces/dynamixel_sdk_custom_interfaces/srv/detail/get_position__rosidl_typesupport_introspection_c.h
[2.968s] -- Up-to-date symlink: /home/vodka/turtlebot3_ws/install/dynamixel_sdk_custom_interfaces/include/dynamixel_sdk_custom_interfaces/dynamixel_sdk_custom_interfaces/msg/detail/set_position__rosidl_typesupport_introspection_cpp.hpp
[2.969s] -- Up-to-date symlink: /home/vodka/turtlebot3_ws/install/dynamixel_sdk_custom_interfaces/include/dynamixel_sdk_custom_interfaces/dynamixel_sdk_custom_interfaces/srv/detail/get_position__rosidl_typesupport_introspection_cpp.hpp
[2.970s] -- Up-to-date symlink: /home/vodka/turtlebot3_ws/install/dynamixel_sdk_custom_interfaces/share/dynamixel_sdk_custom_interfaces/environment/pythonpath.sh
[2.971s] -- Up-to-date symlink: /home/vodka/turtlebot3_ws/install/dynamixel_sdk_custom_interfaces/share/dynamixel_sdk_custom_interfaces/environment/pythonpath.dsv
[2.972s] -- Up-to-date symlink: /home/vodka/turtlebot3_ws/install/dynamixel_sdk_custom_interfaces/local/lib/python3.10/dist-packages/dynamixel_sdk_custom_interfaces-3.7.60-py3.10.egg-info/PKG-INFO
[2.973s] -- Up-to-date symlink: /home/vodka/turtlebot3_ws/install/dynamixel_sdk_custom_interfaces/local/lib/python3.10/dist-packages/dynamixel_sdk_custom_interfaces-3.7.60-py3.10.egg-info/SOURCES.txt
[2.974s] -- Up-to-date symlink: /home/vodka/turtlebot3_ws/install/dynamixel_sdk_custom_interfaces/local/lib/python3.10/dist-packages/dynamixel_sdk_custom_interfaces-3.7.60-py3.10.egg-info/dependency_links.txt
[2.975s] -- Up-to-date symlink: /home/vodka/turtlebot3_ws/install/dynamixel_sdk_custom_interfaces/local/lib/python3.10/dist-packages/dynamixel_sdk_custom_interfaces-3.7.60-py3.10.egg-info/top_level.txt
[2.981s] -- Up-to-date symlink: /home/vodka/turtlebot3_ws/install/dynamixel_sdk_custom_interfaces/local/lib/python3.10/dist-packages/dynamixel_sdk_custom_interfaces/__init__.py
[2.981s] -- Up-to-date symlink: /home/vodka/turtlebot3_ws/install/dynamixel_sdk_custom_interfaces/local/lib/python3.10/dist-packages/dynamixel_sdk_custom_interfaces/_dynamixel_sdk_custom_interfaces_s.ep.rosidl_typesupport_c.c
[2.981s] -- Up-to-date symlink: /home/vodka/turtlebot3_ws/install/dynamixel_sdk_custom_interfaces/local/lib/python3.10/dist-packages/dynamixel_sdk_custom_interfaces/_dynamixel_sdk_custom_interfaces_s.ep.rosidl_typesupport_fastrtps_c.c
[2.982s] -- Up-to-date symlink: /home/vodka/turtlebot3_ws/install/dynamixel_sdk_custom_interfaces/local/lib/python3.10/dist-packages/dynamixel_sdk_custom_interfaces/_dynamixel_sdk_custom_interfaces_s.ep.rosidl_typesupport_introspection_c.c
[2.983s] -- Up-to-date symlink: /home/vodka/turtlebot3_ws/install/dynamixel_sdk_custom_interfaces/local/lib/python3.10/dist-packages/dynamixel_sdk_custom_interfaces/dynamixel_sdk_custom_interfaces_s__rosidl_typesupport_c.cpython-310-x86_64-linux-gnu.so
[2.984s] -- Up-to-date symlink: /home/vodka/turtlebot3_ws/install/dynamixel_sdk_custom_interfaces/local/lib/python3.10/dist-packages/dynamixel_sdk_custom_interfaces/dynamixel_sdk_custom_interfaces_s__rosidl_typesupport_fastrtps_c.cpython-310-x86_64-linux-gnu.so
[2.985s] -- Up-to-date symlink: /home/vodka/turtlebot3_ws/install/dynamixel_sdk_custom_interfaces/local/lib/python3.10/dist-packages/dynamixel_sdk_custom_interfaces/dynamixel_sdk_custom_interfaces_s__rosidl_typesupport_introspection_c.cpython-310-x86_64-linux-gnu.so
[2.986s] -- Up-to-date symlink: /home/vodka/turtlebot3_ws/install/dynamixel_sdk_custom_interfaces/local/lib/python3.10/dist-packages/dynamixel_sdk_custom_interfaces/libdynamixel_sdk_custom_interfaces__rosidl_generator_py.so
[2.987s] -- Up-to-date symlink: /home/vodka/turtlebot3_ws/install/dynamixel_sdk_custom_interfaces/local/lib/python3.10/dist-packages/dynamixel_sdk_custom_interfaces/msg/__init__.py
[2.987s] -- Up-to-date symlink: /home/vodka/turtlebot3_ws/install/dynamixel_sdk_custom_interfaces/local/lib/python3.10/dist-packages/dynamixel_sdk_custom_interfaces/msg/_set_position.py
[2.990s] -- Up-to-date symlink: /home/vodka/turtlebot3_ws/install/dynamixel_sdk_custom_interfaces/local/lib/python3.10/dist-packages/dynamixel_sdk_custom_interfaces/msg/_set_position_s.c
[2.990s] -- Up-to-date symlink: /home/vodka/turtlebot3_ws/install/dynamixel_sdk_custom_interfaces/local/lib/python3.10/dist-packages/dynamixel_sdk_custom_interfaces/srv/__init__.py
[2.991s] -- Up-to-date symlink: /home/vodka/turtlebot3_ws/install/dynamixel_sdk_custom_interfaces/local/lib/python3.10/dist-packages/dynamixel_sdk_custom_interfaces/srv/_get_position.py
[2.991s] -- Up-to-date symlink: /home/vodka/turtlebot3_ws/install/dynamixel_sdk_custom_interfaces/local/lib/python3.10/dist-packages/dynamixel_sdk_custom_interfaces/srv/_get_position_s.c
[2.991s] -- Up-to-date symlink: /home/vodka/turtlebot3_ws/install/dynamixel_sdk_custom_interfaces/local/lib/python3.10/dist-packages/dynamixel_sdk_custom_interfaces/dynamixel_sdk_custom_interfaces_s__rosidl_typesupport_fastrtps_c.cpython-310-x86_64-linux-gnu.so
[2.994s] -- Up-to-date symlink: /home/vodka/turtlebot3_ws/install/dynamixel_sdk_custom_interfaces/local/lib/python3.10/dist-packages/dynamixel_sdk_custom_interfaces/dynamixel_sdk_custom_interfaces_s__rosidl_typesupport_introspection_c.cpython-310-x86_64-linux-gnu.so
[2.995s] -- Up-to-date symlink: /home/vodka/turtlebot3_ws/install/dynamixel_sdk_custom_interfaces/local/lib/python3.10/dist-packages/dynamixel_sdk_custom_interfaces/dynamixel_sdk_custom_interfaces_s__rosidl_typesupport_c.cpython-310-x86_64-linux-gnu.so
[2.997s] -- Up-to-date symlink: /home/vodka/turtlebot3_ws/install/dynamixel_sdk_custom_interfaces/share/dynamixel_sdk_custom_interfaces/msg/SetPosition.idl
[2.999s] -- Up-to-date symlink: /home/vodka/turtlebot3_ws/install/dynamixel_sdk_custom_interfaces/share/dynamixel_sdk_custom_interfaces/srv/GetPosition.idl
[3.013s] -- Up-to-date symlink: /home/vodka/turtlebot3_ws/install/dynamixel_sdk_custom_interfaces/share/dynamixel_sdk_custom_interfaces/msg/SetPosition.msg
[3.013s] -- Up-to-date symlink: /home/vodka/turtlebot3_ws/install/dynamixel_sdk_custom_interfaces/share/dynamixel_sdk_custom_interfaces/srv/GetPosition.srv
[3.014s] -- Up-to-date symlink: /home/vodka/turtlebot3_ws/install/dynamixel_sdk_custom_interfaces/share/dynamixel_sdk_custom_interfaces/srv/GetPosition_Request.msg
[3.014s] -- Up-to-date symlink: /home/vodka/turtlebot3_ws/install/dynamixel_sdk_custom_interfaces/share/dynamixel_sdk_custom_interfaces/srv/GetPosition_Response.msg
[3.014s] -- Up-to-date symlink: /home/vodka/turtlebot3_ws/install/dynamixel_sdk_custom_interfaces/share/ament_index/resource_index/package_run_dependencies/dynamixel_sdk_custom_interfaces
[3.014s] -- Up-to-date symlink: /home/vodka/turtlebot3_ws/install/dynamixel_sdk_custom_interfaces/share/ament_index/resource_index/parent_prefix_path/dynamixel_sdk_custom_interfaces
[3.015s] -- Up-to-date symlink: /home/vodka/turtlebot3_ws/install/dynamixel_sdk_custom_interfaces/share/dynamixel_sdk_custom_interfaces/environment/ament_prefix_path.sh
[3.015s] -- Up-to-date symlink: /home/vodka/turtlebot3_ws/install/dynamixel_sdk_custom_interfaces/share/dynamixel_sdk_custom_interfaces/environment/ament_prefix_path.dsv
[3.015s] -- Up-to-date symlink: /home/vodka/turtlebot3_ws/install/dynamixel_sdk_custom_interfaces/share/dynamixel_sdk_custom_interfaces/environment/path.sh
[3.015s] -- Up-to-date symlink: /home/vodka/turtlebot3_ws/install/dynamixel_sdk_custom_interfaces/share/dynamixel_sdk_custom_interfaces/environment/path.dsv
[3.016s] -- Up-to-date symlink: /home/vodka/turtlebot3_ws/install/dynamixel_sdk_custom_interfaces/share/dynamixel_sdk_custom_interfaces/local_setup.bash
[3.016s] -- Up-to-date symlink: /home/vodka/turtlebot3_ws/install/dynamixel_sdk_custom_interfaces/share/dynamixel_sdk_custom_interfaces/local_setup.sh
[3.016s] -- Up-to-date symlink: /home/vodka/turtlebot3_ws/install/dynamixel_sdk_custom_interfaces/share/dynamixel_sdk_custom_interfaces/local_setup.zsh
[3.017s] -- Up-to-date symlink: /home/vodka/turtlebot3_ws/install/dynamixel_sdk_custom_interfaces/share/dynamixel_sdk_custom_interfaces/local_setup.dsv
[3.017s] -- Symlinking: /home/vodka/turtlebot3_ws/install/dynamixel_sdk_custom_interfaces/share/dynamixel_sdk_custom_interfaces/package.dsv
[3.035s] -- Up-to-date symlink: /home/vodka/turtlebot3_ws/install/dynamixel_sdk_custom_interfaces/share/ament_index/resource_index/packages/dynamixel_sdk_custom_interfaces
[3.035s] -- Up-to-date symlink: /home/vodka/turtlebot3_ws/install/dynamixel_sdk_custom_interfaces/share/dynamixel_sdk_custom_interfaces/cmake/rosidl_cmake-extras.cmake
[3.036s] -- Up-to-date symlink: /home/vodka/turtlebot3_ws/install/dynamixel_sdk_custom_interfaces/share/dynamixel_sdk_custom_interfaces/cmake/ament_cmake_export_dependencies-extras.cmake
[3.037s] -- Up-to-date symlink: /home/vodka/turtlebot3_ws/install/dynamixel_sdk_custom_interfaces/share/dynamixel_sdk_custom_interfaces/cmake/ament_cmake_export_include_directories-extras.cmake
[3.038s] -- Up-to-date symlink: /home/vodka/turtlebot3_ws/install/dynamixel_sdk_custom_interfaces/share/dynamixel_sdk_custom_interfaces/cmake/ament_cmake_export_libraries-extras.cmake
[3.039s] -- Up-to-date symlink: /home/vodka/turtlebot3_ws/install/dynamixel_sdk_custom_interfaces/share/dynamixel_sdk_custom_interfaces/cmake/ament_cmake_export_targets-extras.cmake
[3.040s] -- Up-to-date symlink: /home/vodka/turtlebot3_ws/install/dynamixel_sdk_custom_interfaces/share/dynamixel_sdk_custom_interfaces/cmake/rosidl_cmake_export_typesupport_targets-extras.cmake
[3.046s] -- Up-to-date symlink: /home/vodka/turtlebot3_ws/install/dynamixel_sdk_custom_interfaces/share/dynamixel_sdk_custom_interfaces/cmake/rosidl_cmake_export_typesupport_libraries-extras.cmake
[3.046s] -- Up-to-date symlink: /home/vodka/turtlebot3_ws/install/dynamixel_sdk_custom_interfaces/share/dynamixel_sdk_custom_interfaces/cmake/dynamixel_sdk_custom_interfacesConfig.cmake
[3.046s] -- Up-to-date symlink: /home/vodka/turtlebot3_ws/install/dynamixel_sdk_custom_interfaces/share/dynamixel_sdk_custom_interfaces/cmake/dynamixel_sdk_custom_interfacesConfig-version.cmake
[3.054s] -- Up-to-date symlink: /home/vodka/turtlebot3_ws/install/dynamixel_sdk_custom_interfaces/share/dynamixel_sdk_custom_interfaces/package.xml
[3.055s] -- Up-to-date: /home/vodka/turtlebot3_ws/install/dynamixel_sdk_custom_interfaces/lib/libdynamixel_sdk_custom_interfaces__rosidl_generator_c.so
[3.055s] -- Up-to-date: /home/vodka/turtlebot3_ws/install/dynamixel_sdk_custom_interfaces/lib/libdynamixel_sdk_custom_interfaces__rosidl_typesupport_fastrtps_c.so
[3.055s] -- Up-to-date: /home/vodka/turtlebot3_ws/install/dynamixel_sdk_custom_interfaces/lib/libdynamixel_sdk_custom_interfaces__rosidl_typesupport_fastrtps_cpp.so
[3.060s] -- Up-to-date: /home/vodka/turtlebot3_ws/install/dynamixel_sdk_custom_interfaces/lib/libdynamixel_sdk_custom_interfaces__rosidl_typesupport_introspection_c.so
[3.060s] -- Up-to-date: /home/vodka/turtlebot3_ws/install/dynamixel_sdk_custom_interfaces/lib/libdynamixel_sdk_custom_interfaces__rosidl_typesupport_c.so
[3.066s] -- Up-to-date: /home/vodka/turtlebot3_ws/install/dynamixel_sdk_custom_interfaces/lib/libdynamixel_sdk_custom_interfaces__rosidl_typesupport_introspection_cpp.so
[3.066s] -- Up-to-date: /home/vodka/turtlebot3_ws/install/dynamixel_sdk_custom_interfaces/lib/libdynamixel_sdk_custom_interfaces__rosidl_typesupport_cpp.so
[3.163s] Listing '/home/vodka/turtlebot3_ws/install/dynamixel_sdk_custom_interfaces/local/lib/python3.10/dist-packages/dynamixel_sdk_custom_interfaces'...
[3.163s] Listing '/home/vodka/turtlebot3_ws/install/dynamixel_sdk_custom_interfaces/local/lib/python3.10/dist-packages/dynamixel_sdk_custom_interfaces/msg'...
[3.163s] Listing '/home/vodka/turtlebot3_ws/install/dynamixel_sdk_custom_interfaces/local/lib/python3.10/dist-packages/dynamixel_sdk_custom_interfaces/srv'...
[3.168s] -- Up-to-date: /home/vodka/turtlebot3_ws/install/dynamixel_sdk_custom_interfaces/lib/libdynamixel_sdk_custom_interfaces__rosidl_generator_py.so
[3.168s] -- Up-to-date: /home/vodka/turtlebot3_ws/install/dynamixel_sdk_custom_interfaces/share/dynamixel_sdk_custom_interfaces/cmake/export_dynamixel_sdk_custom_interfaces__rosidl_generator_cExport.cmake
[3.169s] -- Up-to-date: /home/vodka/turtlebot3_ws/install/dynamixel_sdk_custom_interfaces/share/dynamixel_sdk_custom_interfaces/cmake/export_dynamixel_sdk_custom_interfaces__rosidl_generator_cExport-noconfig.cmake
[3.170s] -- Up-to-date: /home/vodka/turtlebot3_ws/install/dynamixel_sdk_custom_interfaces/share/dynamixel_sdk_custom_interfaces/cmake/export_dynamixel_sdk_custom_interfaces__rosidl_typesupport_fastrtps_cExport.cmake
[3.170s] -- Up-to-date: /home/vodka/turtlebot3_ws/install/dynamixel_sdk_custom_interfaces/share/dynamixel_sdk_custom_interfaces/cmake/export_dynamixel_sdk_custom_interfaces__rosidl_typesupport_fastrtps_cExport-noconfig.cmake
[3.170s] -- Up-to-date: /home/vodka/turtlebot3_ws/install/dynamixel_sdk_custom_interfaces/share/dynamixel_sdk_custom_interfaces/cmake/export_dynamixel_sdk_custom_interfaces__rosidl_generator_cppExport.cmake
[3.171s] -- Up-to-date: /home/vodka/turtlebot3_ws/install/dynamixel_sdk_custom_interfaces/share/dynamixel_sdk_custom_interfaces/cmake/export_dynamixel_sdk_custom_interfaces__rosidl_typesupport_fastrtps_cppExport.cmake
[3.172s] -- Up-to-date: /home/vodka/turtlebot3_ws/install/dynamixel_sdk_custom_interfaces/share/dynamixel_sdk_custom_interfaces/cmake/export_dynamixel_sdk_custom_interfaces__rosidl_typesupport_fastrtps_cppExport-noconfig.cmake
[3.172s] -- Up-to-date: /home/vodka/turtlebot3_ws/install/dynamixel_sdk_custom_interfaces/share/dynamixel_sdk_custom_interfaces/cmake/dynamixel_sdk_custom_interfaces__rosidl_typesupport_introspection_cExport.cmake
[3.172s] -- Up-to-date: /home/vodka/turtlebot3_ws/install/dynamixel_sdk_custom_interfaces/share/dynamixel_sdk_custom_interfaces/cmake/dynamixel_sdk_custom_interfaces__rosidl_typesupport_introspection_cExport-noconfig.cmake
[3.172s] -- Up-to-date: /home/vodka/turtlebot3_ws/install/dynamixel_sdk_custom_interfaces/share/dynamixel_sdk_custom_interfaces/cmake/dynamixel_sdk_custom_interfaces__rosidl_typesupport_cExport.cmake
[3.172s] -- Up-to-date: /home/vodka/turtlebot3_ws/install/dynamixel_sdk_custom_interfaces/share/dynamixel_sdk_custom_interfaces/cmake/dynamixel_sdk_custom_interfaces__rosidl_typesupport_cExport-noconfig.cmake
[3.173s] -- Up-to-date: /home/vodka/turtlebot3_ws/install/dynamixel_sdk_custom_interfaces/share/dynamixel_sdk_custom_interfaces/cmake/dynamixel_sdk_custom_interfaces__rosidl_typesupport_introspection_cppExport.cmake
[3.173s] -- Up-to-date: /home/vodka/turtlebot3_ws/install/dynamixel_sdk_custom_interfaces/share/dynamixel_sdk_custom_interfaces/cmake/dynamixel_sdk_custom_interfaces__rosidl_typesupport_introspection_cppExport-noconfig.cmake
[3.173s] -- Up-to-date: /home/vodka/turtlebot3_ws/install/dynamixel_sdk_custom_interfaces/share/dynamixel_sdk_custom_interfaces/cmake/dynamixel_sdk_custom_interfaces__rosidl_typesupport_cppExport.cmake
[3.173s] -- Up-to-date: /home/vodka/turtlebot3_ws/install/dynamixel_sdk_custom_interfaces/share/dynamixel_sdk_custom_interfaces/cmake/dynamixel_sdk_custom_interfaces__rosidl_typesupport_cppExport-noconfig.cmake
[3.173s] -- Up-to-date: /home/vodka/turtlebot3_ws/install/dynamixel_sdk_custom_interfaces/share/dynamixel_sdk_custom_interfaces/cmake/export_dynamixel_sdk_custom_interfaces__rosidl_generator_pyExport.cmake
[3.173s] -- Up-to-date: /home/vodka/turtlebot3_ws/install/dynamixel_sdk_custom_interfaces/share/dynamixel_sdk_custom_interfaces/cmake/export_dynamixel_sdk_custom_interfaces__rosidl_generator_pyExport-noconfig.cmake
[3.364s] Invoked command in '/home/vodka/turtlebot3_ws/build/dynamixel_sdk_custom_interfaces' returned '0': CMAKE_PREFIX_PATH=/opt/ros/humble /usr/bin/cmake --install /home/vodka/turtlebot3_ws/build/dynamixel_sdk_custom_interfaces
