[0.225s] Invoking command in '/home/vodka/turtlebot3_ws/build/turtlebot3_solver': CMAKE_PREFIX_PATH=/opt/ros/humble /usr/bin/cmake --build /home/vodka/turtlebot3_ws/build/turtlebot3_solver -- -j4 -l4
[0.445s] Invoked command in '/home/vodka/turtlebot3_ws/build/turtlebot3_solver' returned '0': CMAKE_PREFIX_PATH=/opt/ros/humble /usr/bin/cmake --build /home/vodka/turtlebot3_ws/build/turtlebot3_solver -- -j4 -l4
[0.983s] Invoking command in '/home/vodka/turtlebot3_ws/build/turtlebot3_solver': CMAKE_PREFIX_PATH=/opt/ros/humble /usr/bin/cmake --install /home/vodka/turtlebot3_ws/build/turtlebot3_solver
[0.996s] -- Install configuration: ""
[0.996s] -- Execute custom install script
[0.996s] -- Up-to-date symlink: /home/vodka/turtlebot3_ws/install/turtlebot3_solver/share/ament_index/resource_index/package_run_dependencies/turtlebot3_solver
[0.997s] -- Up-to-date symlink: /home/vodka/turtlebot3_ws/install/turtlebot3_solver/share/ament_index/resource_index/parent_prefix_path/turtlebot3_solver
[0.997s] -- Up-to-date symlink: /home/vodka/turtlebot3_ws/install/turtlebot3_solver/share/turtlebot3_solver/environment/ament_prefix_path.sh
[0.997s] -- Up-to-date symlink: /home/vodka/turtlebot3_ws/install/turtlebot3_solver/share/turtlebot3_solver/environment/ament_prefix_path.dsv
[0.998s] -- Up-to-date symlink: /home/vodka/turtlebot3_ws/install/turtlebot3_solver/share/turtlebot3_solver/environment/path.sh
[0.998s] -- Up-to-date symlink: /home/vodka/turtlebot3_ws/install/turtlebot3_solver/share/turtlebot3_solver/environment/path.dsv
[1.007s] -- Up-to-date symlink: /home/vodka/turtlebot3_ws/install/turtlebot3_solver/share/turtlebot3_solver/local_setup.bash
[1.008s] -- Up-to-date symlink: /home/vodka/turtlebot3_ws/install/turtlebot3_solver/share/turtlebot3_solver/local_setup.sh
[1.014s] -- Up-to-date symlink: /home/vodka/turtlebot3_ws/install/turtlebot3_solver/share/turtlebot3_solver/local_setup.zsh
[1.014s] -- Up-to-date symlink: /home/vodka/turtlebot3_ws/install/turtlebot3_solver/share/turtlebot3_solver/local_setup.dsv
[1.015s] -- Symlinking: /home/vodka/turtlebot3_ws/install/turtlebot3_solver/share/turtlebot3_solver/package.dsv
[1.044s] -- Up-to-date symlink: /home/vodka/turtlebot3_ws/install/turtlebot3_solver/share/ament_index/resource_index/packages/turtlebot3_solver
[1.045s] -- Up-to-date symlink: /home/vodka/turtlebot3_ws/install/turtlebot3_solver/share/turtlebot3_solver/cmake/turtlebot3_solverConfig.cmake
[1.045s] -- Up-to-date symlink: /home/vodka/turtlebot3_ws/install/turtlebot3_solver/share/turtlebot3_solver/cmake/turtlebot3_solverConfig-version.cmake
[1.045s] -- Up-to-date symlink: /home/vodka/turtlebot3_ws/install/turtlebot3_solver/share/turtlebot3_solver/package.xml
[1.160s] Invoked command in '/home/vodka/turtlebot3_ws/build/turtlebot3_solver' returned '0': CMAKE_PREFIX_PATH=/opt/ros/humble /usr/bin/cmake --install /home/vodka/turtlebot3_ws/build/turtlebot3_solver
