[0.193s] Invoking command in '/home/vodka/turtlebot3_ws/build/dynamixel_sdk': CMAKE_PREFIX_PATH=/opt/ros/humble /usr/bin/cmake --build /home/vodka/turtlebot3_ws/build/dynamixel_sdk -- -j4 -l4
[0.322s] [100%] Built target dynamixel_sdk
[0.357s] Invoked command in '/home/vodka/turtlebot3_ws/build/dynamixel_sdk' returned '0': CMAKE_PREFIX_PATH=/opt/ros/humble /usr/bin/cmake --build /home/vodka/turtlebot3_ws/build/dynamixel_sdk -- -j4 -l4
[0.659s] Invoking command in '/home/vodka/turtlebot3_ws/build/dynamixel_sdk': CMAKE_PREFIX_PATH=/opt/ros/humble /usr/bin/cmake --install /home/vodka/turtlebot3_ws/build/dynamixel_sdk
[0.674s] -- Install configuration: ""
[0.676s] -- Execute custom install script
[0.677s] -- Up-to-date symlink: /home/vodka/turtlebot3_ws/install/dynamixel_sdk/include//dynamixel_sdk/dynamixel_sdk.h
[0.677s] -- Up-to-date symlink: /home/vodka/turtlebot3_ws/install/dynamixel_sdk/include//dynamixel_sdk/group_bulk_read.h
[0.678s] -- Up-to-date symlink: /home/vodka/turtlebot3_ws/install/dynamixel_sdk/include//dynamixel_sdk/group_bulk_write.h
[0.678s] -- Up-to-date symlink: /home/vodka/turtlebot3_ws/install/dynamixel_sdk/include//dynamixel_sdk/group_sync_read.h
[0.678s] -- Up-to-date symlink: /home/vodka/turtlebot3_ws/install/dynamixel_sdk/include//dynamixel_sdk/group_sync_write.h
[0.678s] -- Up-to-date symlink: /home/vodka/turtlebot3_ws/install/dynamixel_sdk/include//dynamixel_sdk/packet_handler.h
[0.679s] -- Up-to-date symlink: /home/vodka/turtlebot3_ws/install/dynamixel_sdk/include//dynamixel_sdk/port_handler.h
[0.679s] -- Up-to-date symlink: /home/vodka/turtlebot3_ws/install/dynamixel_sdk/include//dynamixel_sdk/port_handler_arduino.h
[0.679s] -- Up-to-date symlink: /home/vodka/turtlebot3_ws/install/dynamixel_sdk/include//dynamixel_sdk/port_handler_linux.h
[0.679s] -- Up-to-date symlink: /home/vodka/turtlebot3_ws/install/dynamixel_sdk/include//dynamixel_sdk/port_handler_mac.h
[0.679s] -- Up-to-date symlink: /home/vodka/turtlebot3_ws/install/dynamixel_sdk/include//dynamixel_sdk/port_handler_windows.h
[0.680s] -- Up-to-date symlink: /home/vodka/turtlebot3_ws/install/dynamixel_sdk/include//dynamixel_sdk/protocol1_packet_handler.h
[0.680s] -- Up-to-date symlink: /home/vodka/turtlebot3_ws/install/dynamixel_sdk/include//dynamixel_sdk/protocol2_packet_handler.h
[0.681s] -- Up-to-date symlink: /home/vodka/turtlebot3_ws/install/dynamixel_sdk/lib/libdynamixel_sdk.so
[0.681s] -- Up-to-date symlink: /home/vodka/turtlebot3_ws/install/dynamixel_sdk/share/dynamixel_sdk/environment/library_path.sh
[0.681s] -- Up-to-date symlink: /home/vodka/turtlebot3_ws/install/dynamixel_sdk/share/dynamixel_sdk/environment/library_path.dsv
[0.682s] -- Up-to-date symlink: /home/vodka/turtlebot3_ws/install/dynamixel_sdk/share/ament_index/resource_index/package_run_dependencies/dynamixel_sdk
[0.682s] -- Up-to-date symlink: /home/vodka/turtlebot3_ws/install/dynamixel_sdk/share/ament_index/resource_index/parent_prefix_path/dynamixel_sdk
[0.682s] -- Up-to-date symlink: /home/vodka/turtlebot3_ws/install/dynamixel_sdk/share/dynamixel_sdk/environment/ament_prefix_path.sh
[0.683s] -- Up-to-date symlink: /home/vodka/turtlebot3_ws/install/dynamixel_sdk/share/dynamixel_sdk/environment/ament_prefix_path.dsv
[0.683s] -- Up-to-date symlink: /home/vodka/turtlebot3_ws/install/dynamixel_sdk/share/dynamixel_sdk/environment/path.sh
[0.683s] -- Up-to-date symlink: /home/vodka/turtlebot3_ws/install/dynamixel_sdk/share/dynamixel_sdk/environment/path.dsv
[0.684s] -- Up-to-date symlink: /home/vodka/turtlebot3_ws/install/dynamixel_sdk/share/dynamixel_sdk/local_setup.bash
[0.685s] -- Up-to-date symlink: /home/vodka/turtlebot3_ws/install/dynamixel_sdk/share/dynamixel_sdk/local_setup.sh
[0.685s] -- Up-to-date symlink: /home/vodka/turtlebot3_ws/install/dynamixel_sdk/share/dynamixel_sdk/local_setup.zsh
[0.686s] -- Up-to-date symlink: /home/vodka/turtlebot3_ws/install/dynamixel_sdk/share/dynamixel_sdk/local_setup.dsv
[0.686s] -- Symlinking: /home/vodka/turtlebot3_ws/install/dynamixel_sdk/share/dynamixel_sdk/package.dsv
[0.703s] -- Up-to-date symlink: /home/vodka/turtlebot3_ws/install/dynamixel_sdk/share/ament_index/resource_index/packages/dynamixel_sdk
[0.704s] -- Up-to-date symlink: /home/vodka/turtlebot3_ws/install/dynamixel_sdk/share/dynamixel_sdk/cmake/ament_cmake_export_include_directories-extras.cmake
[0.705s] -- Up-to-date symlink: /home/vodka/turtlebot3_ws/install/dynamixel_sdk/share/dynamixel_sdk/cmake/ament_cmake_export_libraries-extras.cmake
[0.706s] -- Up-to-date symlink: /home/vodka/turtlebot3_ws/install/dynamixel_sdk/share/dynamixel_sdk/cmake/dynamixel_sdkConfig.cmake
[0.707s] -- Up-to-date symlink: /home/vodka/turtlebot3_ws/install/dynamixel_sdk/share/dynamixel_sdk/cmake/dynamixel_sdkConfig-version.cmake
[0.707s] -- Up-to-date symlink: /home/vodka/turtlebot3_ws/install/dynamixel_sdk/share/dynamixel_sdk/package.xml
[1.008s] Invoked command in '/home/vodka/turtlebot3_ws/build/dynamixel_sdk' returned '0': CMAKE_PREFIX_PATH=/opt/ros/humble /usr/bin/cmake --install /home/vodka/turtlebot3_ws/build/dynamixel_sdk
