[0.144s] Invoking command in '/home/vodka/turtlebot3_ws/build/turtlebot3_fake_node': AMENT_PREFIX_PATH=/home/vodka/turtlebot3_ws/install/turtlebot3_msgs:${AMENT_PREFIX_PATH} CMAKE_PREFIX_PATH=/home/vodka/turtlebot3_ws/install/turtlebot3_msgs:/opt/ros/humble LD_LIBRARY_PATH=/home/vodka/turtlebot3_ws/install/turtlebot3_msgs/lib:${LD_LIBRARY_PATH} PYTHONPATH=/home/vodka/turtlebot3_ws/install/turtlebot3_msgs/local/lib/python3.10/dist-packages:${PYTHONPATH} /usr/bin/cmake --build /home/vodka/turtlebot3_ws/build/turtlebot3_fake_node -- -j4 -l4
[0.253s] [100%] Built target turtlebot3_fake_node
[0.275s] Invoked command in '/home/vodka/turtlebot3_ws/build/turtlebot3_fake_node' returned '0': AMENT_PREFIX_PATH=/home/vodka/turtlebot3_ws/install/turtlebot3_msgs:${AMENT_PREFIX_PATH} CMAKE_PREFIX_PATH=/home/vodka/turtlebot3_ws/install/turtlebot3_msgs:/opt/ros/humble LD_LIBRARY_PATH=/home/vodka/turtlebot3_ws/install/turtlebot3_msgs/lib:${LD_LIBRARY_PATH} PYTHONPATH=/home/vodka/turtlebot3_ws/install/turtlebot3_msgs/local/lib/python3.10/dist-packages:${PYTHONPATH} /usr/bin/cmake --build /home/vodka/turtlebot3_ws/build/turtlebot3_fake_node -- -j4 -l4
[0.445s] Invoking command in '/home/vodka/turtlebot3_ws/build/turtlebot3_fake_node': AMENT_PREFIX_PATH=/home/vodka/turtlebot3_ws/install/turtlebot3_msgs:${AMENT_PREFIX_PATH} CMAKE_PREFIX_PATH=/home/vodka/turtlebot3_ws/install/turtlebot3_msgs:/opt/ros/humble LD_LIBRARY_PATH=/home/vodka/turtlebot3_ws/install/turtlebot3_msgs/lib:${LD_LIBRARY_PATH} PYTHONPATH=/home/vodka/turtlebot3_ws/install/turtlebot3_msgs/local/lib/python3.10/dist-packages:${PYTHONPATH} /usr/bin/cmake --install /home/vodka/turtlebot3_ws/build/turtlebot3_fake_node
[0.459s] -- Install configuration: ""
[0.461s] -- Execute custom install script
[0.462s] -- Up-to-date symlink: /home/vodka/turtlebot3_ws/install/turtlebot3_fake_node/lib/turtlebot3_fake_node/turtlebot3_fake_node
[0.463s] -- Up-to-date symlink: /home/vodka/turtlebot3_ws/install/turtlebot3_fake_node/share/turtlebot3_fake_node/launch/rviz2.launch.py
[0.464s] -- Up-to-date symlink: /home/vodka/turtlebot3_ws/install/turtlebot3_fake_node/share/turtlebot3_fake_node/launch/turtlebot3_fake_node.launch.py
[0.465s] -- Up-to-date symlink: /home/vodka/turtlebot3_ws/install/turtlebot3_fake_node/share/turtlebot3_fake_node/param/burger.yaml
[0.465s] -- Up-to-date symlink: /home/vodka/turtlebot3_ws/install/turtlebot3_fake_node/share/turtlebot3_fake_node/param/waffle.yaml
[0.466s] -- Up-to-date symlink: /home/vodka/turtlebot3_ws/install/turtlebot3_fake_node/share/turtlebot3_fake_node/param/waffle_pi.yaml
[0.467s] -- Up-to-date symlink: /home/vodka/turtlebot3_ws/install/turtlebot3_fake_node/include//turtlebot3_fake_node/turtlebot3_fake_node.hpp
[0.468s] -- Up-to-date symlink: /home/vodka/turtlebot3_ws/install/turtlebot3_fake_node/share/ament_index/resource_index/package_run_dependencies/turtlebot3_fake_node
[0.469s] -- Up-to-date symlink: /home/vodka/turtlebot3_ws/install/turtlebot3_fake_node/share/ament_index/resource_index/parent_prefix_path/turtlebot3_fake_node
[0.470s] -- Up-to-date symlink: /home/vodka/turtlebot3_ws/install/turtlebot3_fake_node/share/turtlebot3_fake_node/environment/ament_prefix_path.sh
[0.470s] -- Up-to-date symlink: /home/vodka/turtlebot3_ws/install/turtlebot3_fake_node/share/turtlebot3_fake_node/environment/ament_prefix_path.dsv
[0.471s] -- Up-to-date symlink: /home/vodka/turtlebot3_ws/install/turtlebot3_fake_node/share/turtlebot3_fake_node/environment/path.sh
[0.472s] -- Up-to-date symlink: /home/vodka/turtlebot3_ws/install/turtlebot3_fake_node/share/turtlebot3_fake_node/environment/path.dsv
[0.473s] -- Up-to-date symlink: /home/vodka/turtlebot3_ws/install/turtlebot3_fake_node/share/turtlebot3_fake_node/local_setup.bash
[0.473s] -- Up-to-date symlink: /home/vodka/turtlebot3_ws/install/turtlebot3_fake_node/share/turtlebot3_fake_node/local_setup.sh
[0.474s] -- Up-to-date symlink: /home/vodka/turtlebot3_ws/install/turtlebot3_fake_node/share/turtlebot3_fake_node/local_setup.zsh
[0.475s] -- Up-to-date symlink: /home/vodka/turtlebot3_ws/install/turtlebot3_fake_node/share/turtlebot3_fake_node/local_setup.dsv
[0.475s] -- Symlinking: /home/vodka/turtlebot3_ws/install/turtlebot3_fake_node/share/turtlebot3_fake_node/package.dsv
[0.497s] -- Up-to-date symlink: /home/vodka/turtlebot3_ws/install/turtlebot3_fake_node/share/ament_index/resource_index/packages/turtlebot3_fake_node
[0.498s] -- Up-to-date symlink: /home/vodka/turtlebot3_ws/install/turtlebot3_fake_node/share/turtlebot3_fake_node/cmake/ament_cmake_export_include_directories-extras.cmake
[0.499s] -- Up-to-date symlink: /home/vodka/turtlebot3_ws/install/turtlebot3_fake_node/share/turtlebot3_fake_node/cmake/ament_cmake_export_dependencies-extras.cmake
[0.499s] -- Up-to-date symlink: /home/vodka/turtlebot3_ws/install/turtlebot3_fake_node/share/turtlebot3_fake_node/cmake/turtlebot3_fake_nodeConfig.cmake
[0.500s] -- Up-to-date symlink: /home/vodka/turtlebot3_ws/install/turtlebot3_fake_node/share/turtlebot3_fake_node/cmake/turtlebot3_fake_nodeConfig-version.cmake
[0.500s] -- Up-to-date symlink: /home/vodka/turtlebot3_ws/install/turtlebot3_fake_node/share/turtlebot3_fake_node/package.xml
[0.779s] Invoked command in '/home/vodka/turtlebot3_ws/build/turtlebot3_fake_node' returned '0': AMENT_PREFIX_PATH=/home/vodka/turtlebot3_ws/install/turtlebot3_msgs:${AMENT_PREFIX_PATH} CMAKE_PREFIX_PATH=/home/vodka/turtlebot3_ws/install/turtlebot3_msgs:/opt/ros/humble LD_LIBRARY_PATH=/home/vodka/turtlebot3_ws/install/turtlebot3_msgs/lib:${LD_LIBRARY_PATH} PYTHONPATH=/home/vodka/turtlebot3_ws/install/turtlebot3_msgs/local/lib/python3.10/dist-packages:${PYTHONPATH} /usr/bin/cmake --install /home/vodka/turtlebot3_ws/build/turtlebot3_fake_node
