[0.162s] Invoking command in '/home/vodka/turtlebot3_ws/build/turtlebot3_cartographer': CMAKE_PREFIX_PATH=${CMAKE_PREFIX_PATH}:/home/vodka/turtlebot3_ws/install/turtlebot3_teleop:/home/vodka/turtlebot3_ws/install/turtlebot3_example:/opt/ros/humble /usr/bin/cmake /home/vodka/turtlebot3_ws/src/turtlebot3/turtlebot3_cartographer -DAMENT_CMAKE_SYMLINK_INSTALL=1 -DCMAKE_INSTALL_PREFIX=/home/vodka/turtlebot3_ws/install/turtlebot3_cartographer
[0.276s] -- The C compiler identification is GNU 11.4.0
[0.390s] -- The CXX compiler identification is GNU 11.4.0
[0.405s] -- Detecting C compiler ABI info
[0.576s] -- Detecting C compiler ABI info - done
[0.595s] -- Check for working C compiler: /usr/bin/cc - skipped
[0.596s] -- Detecting C compile features
[0.597s] -- Detecting C compile features - done
[0.604s] -- Detecting CXX compiler ABI info
[0.984s] -- Detecting CXX compiler ABI info - done
[1.010s] -- Check for working CXX compiler: /usr/bin/c++ - skipped
[1.013s] -- Detecting CXX compile features
[1.014s] -- Detecting CXX compile features - done
[1.019s] -- Found ament_cmake: 1.3.6 (/opt/ros/humble/share/ament_cmake/cmake)
[1.569s] -- Found Python3: /usr/bin/python3.10 (found version "3.10.12") found components: Interpreter 
[1.694s] -- Override CMake install command with custom implementation using symlinks instead of copying resources
[2.132s] -- Configuring done
[2.132s] -- Generating done
[2.133s] -- Build files have been written to: /home/vodka/turtlebot3_ws/build/turtlebot3_cartographer
[2.673s] Invoked command in '/home/vodka/turtlebot3_ws/build/turtlebot3_cartographer' returned '0': CMAKE_PREFIX_PATH=${CMAKE_PREFIX_PATH}:/home/vodka/turtlebot3_ws/install/turtlebot3_teleop:/home/vodka/turtlebot3_ws/install/turtlebot3_example:/opt/ros/humble /usr/bin/cmake /home/vodka/turtlebot3_ws/src/turtlebot3/turtlebot3_cartographer -DAMENT_CMAKE_SYMLINK_INSTALL=1 -DCMAKE_INSTALL_PREFIX=/home/vodka/turtlebot3_ws/install/turtlebot3_cartographer
[2.674s] Invoking command in '/home/vodka/turtlebot3_ws/build/turtlebot3_cartographer': CMAKE_PREFIX_PATH=${CMAKE_PREFIX_PATH}:/home/vodka/turtlebot3_ws/install/turtlebot3_teleop:/home/vodka/turtlebot3_ws/install/turtlebot3_example:/opt/ros/humble /usr/bin/cmake --build /home/vodka/turtlebot3_ws/build/turtlebot3_cartographer -- -j4 -l4
[2.960s] Invoked command in '/home/vodka/turtlebot3_ws/build/turtlebot3_cartographer' returned '0': CMAKE_PREFIX_PATH=${CMAKE_PREFIX_PATH}:/home/vodka/turtlebot3_ws/install/turtlebot3_teleop:/home/vodka/turtlebot3_ws/install/turtlebot3_example:/opt/ros/humble /usr/bin/cmake --build /home/vodka/turtlebot3_ws/build/turtlebot3_cartographer -- -j4 -l4
[3.244s] Invoking command in '/home/vodka/turtlebot3_ws/build/turtlebot3_cartographer': CMAKE_PREFIX_PATH=${CMAKE_PREFIX_PATH}:/home/vodka/turtlebot3_ws/install/turtlebot3_teleop:/home/vodka/turtlebot3_ws/install/turtlebot3_example:/opt/ros/humble /usr/bin/cmake --install /home/vodka/turtlebot3_ws/build/turtlebot3_cartographer
[3.296s] -- Install configuration: ""
[3.297s] -- Execute custom install script
[3.304s] -- Symlinking: /home/vodka/turtlebot3_ws/install/turtlebot3_cartographer/share/turtlebot3_cartographer/config/turtlebot3_lds_2d.lua
[3.340s] -- Symlinking: /home/vodka/turtlebot3_ws/install/turtlebot3_cartographer/share/turtlebot3_cartographer/launch/cartographer.launch.py
[3.393s] -- Symlinking: /home/vodka/turtlebot3_ws/install/turtlebot3_cartographer/share/turtlebot3_cartographer/launch/occupancy_grid.launch.py
[3.427s] -- Symlinking: /home/vodka/turtlebot3_ws/install/turtlebot3_cartographer/share/turtlebot3_cartographer/rviz/tb3_cartographer.rviz
[3.481s] -- Symlinking: /home/vodka/turtlebot3_ws/install/turtlebot3_cartographer/share/ament_index/resource_index/package_run_dependencies/turtlebot3_cartographer
[3.532s] -- Symlinking: /home/vodka/turtlebot3_ws/install/turtlebot3_cartographer/share/ament_index/resource_index/parent_prefix_path/turtlebot3_cartographer
[3.578s] -- Symlinking: /home/vodka/turtlebot3_ws/install/turtlebot3_cartographer/share/turtlebot3_cartographer/environment/ament_prefix_path.sh
[3.637s] -- Symlinking: /home/vodka/turtlebot3_ws/install/turtlebot3_cartographer/share/turtlebot3_cartographer/environment/ament_prefix_path.dsv
[3.676s] -- Symlinking: /home/vodka/turtlebot3_ws/install/turtlebot3_cartographer/share/turtlebot3_cartographer/environment/path.sh
[3.720s] -- Symlinking: /home/vodka/turtlebot3_ws/install/turtlebot3_cartographer/share/turtlebot3_cartographer/environment/path.dsv
[3.799s] -- Symlinking: /home/vodka/turtlebot3_ws/install/turtlebot3_cartographer/share/turtlebot3_cartographer/local_setup.bash
[3.853s] -- Symlinking: /home/vodka/turtlebot3_ws/install/turtlebot3_cartographer/share/turtlebot3_cartographer/local_setup.sh
[3.920s] -- Symlinking: /home/vodka/turtlebot3_ws/install/turtlebot3_cartographer/share/turtlebot3_cartographer/local_setup.zsh
[3.985s] -- Symlinking: /home/vodka/turtlebot3_ws/install/turtlebot3_cartographer/share/turtlebot3_cartographer/local_setup.dsv
[4.048s] -- Symlinking: /home/vodka/turtlebot3_ws/install/turtlebot3_cartographer/share/turtlebot3_cartographer/package.dsv
[4.092s] -- Symlinking: /home/vodka/turtlebot3_ws/install/turtlebot3_cartographer/share/ament_index/resource_index/packages/turtlebot3_cartographer
[4.149s] -- Symlinking: /home/vodka/turtlebot3_ws/install/turtlebot3_cartographer/share/turtlebot3_cartographer/cmake/turtlebot3_cartographerConfig.cmake
[4.193s] -- Symlinking: /home/vodka/turtlebot3_ws/install/turtlebot3_cartographer/share/turtlebot3_cartographer/cmake/turtlebot3_cartographerConfig-version.cmake
[4.245s] -- Symlinking: /home/vodka/turtlebot3_ws/install/turtlebot3_cartographer/share/turtlebot3_cartographer/package.xml
[4.312s] Invoked command in '/home/vodka/turtlebot3_ws/build/turtlebot3_cartographer' returned '0': CMAKE_PREFIX_PATH=${CMAKE_PREFIX_PATH}:/home/vodka/turtlebot3_ws/install/turtlebot3_teleop:/home/vodka/turtlebot3_ws/install/turtlebot3_example:/opt/ros/humble /usr/bin/cmake --install /home/vodka/turtlebot3_ws/build/turtlebot3_cartographer
