[0.283s] Invoking command in '/home/vodka/turtlebot3_ws/build/dynamixel_sdk': CMAKE_PREFIX_PATH=/opt/ros/humble /usr/bin/cmake --build /home/vodka/turtlebot3_ws/build/dynamixel_sdk -- -j4 -l4
[0.435s] [100%] Built target dynamixel_sdk
[0.490s] Invoked command in '/home/vodka/turtlebot3_ws/build/dynamixel_sdk' returned '0': CMAKE_PREFIX_PATH=/opt/ros/humble /usr/bin/cmake --build /home/vodka/turtlebot3_ws/build/dynamixel_sdk -- -j4 -l4
[1.028s] Invoking command in '/home/vodka/turtlebot3_ws/build/dynamixel_sdk': CMAKE_PREFIX_PATH=/opt/ros/humble /usr/bin/cmake --install /home/vodka/turtlebot3_ws/build/dynamixel_sdk
[1.065s] -- Install configuration: ""
[1.068s] -- Execute custom install script
[1.072s] -- Up-to-date symlink: /home/vodka/turtlebot3_ws/install/dynamixel_sdk/include//dynamixel_sdk/dynamixel_sdk.h
[1.073s] -- Up-to-date symlink: /home/vodka/turtlebot3_ws/install/dynamixel_sdk/include//dynamixel_sdk/group_bulk_read.h
[1.073s] -- Up-to-date symlink: /home/vodka/turtlebot3_ws/install/dynamixel_sdk/include//dynamixel_sdk/group_bulk_write.h
[1.073s] -- Up-to-date symlink: /home/vodka/turtlebot3_ws/install/dynamixel_sdk/include//dynamixel_sdk/group_sync_read.h
[1.078s] -- Up-to-date symlink: /home/vodka/turtlebot3_ws/install/dynamixel_sdk/include//dynamixel_sdk/group_sync_write.h
[1.078s] -- Up-to-date symlink: /home/vodka/turtlebot3_ws/install/dynamixel_sdk/include//dynamixel_sdk/packet_handler.h
[1.078s] -- Up-to-date symlink: /home/vodka/turtlebot3_ws/install/dynamixel_sdk/include//dynamixel_sdk/port_handler.h
[1.078s] -- Up-to-date symlink: /home/vodka/turtlebot3_ws/install/dynamixel_sdk/include//dynamixel_sdk/port_handler_arduino.h
[1.079s] -- Up-to-date symlink: /home/vodka/turtlebot3_ws/install/dynamixel_sdk/include//dynamixel_sdk/port_handler_linux.h
[1.080s] -- Up-to-date symlink: /home/vodka/turtlebot3_ws/install/dynamixel_sdk/include//dynamixel_sdk/port_handler_mac.h
[1.082s] -- Up-to-date symlink: /home/vodka/turtlebot3_ws/install/dynamixel_sdk/include//dynamixel_sdk/port_handler_windows.h
[1.084s] -- Up-to-date symlink: /home/vodka/turtlebot3_ws/install/dynamixel_sdk/include//dynamixel_sdk/protocol1_packet_handler.h
[1.085s] -- Up-to-date symlink: /home/vodka/turtlebot3_ws/install/dynamixel_sdk/include//dynamixel_sdk/protocol2_packet_handler.h
[1.090s] -- Up-to-date symlink: /home/vodka/turtlebot3_ws/install/dynamixel_sdk/lib/libdynamixel_sdk.so
[1.090s] -- Up-to-date symlink: /home/vodka/turtlebot3_ws/install/dynamixel_sdk/share/dynamixel_sdk/environment/library_path.sh
[1.090s] -- Up-to-date symlink: /home/vodka/turtlebot3_ws/install/dynamixel_sdk/share/dynamixel_sdk/environment/library_path.dsv
[1.091s] -- Up-to-date symlink: /home/vodka/turtlebot3_ws/install/dynamixel_sdk/share/ament_index/resource_index/package_run_dependencies/dynamixel_sdk
[1.093s] -- Up-to-date symlink: /home/vodka/turtlebot3_ws/install/dynamixel_sdk/share/ament_index/resource_index/parent_prefix_path/dynamixel_sdk
[1.099s] -- Up-to-date symlink: /home/vodka/turtlebot3_ws/install/dynamixel_sdk/share/dynamixel_sdk/environment/ament_prefix_path.sh
[1.099s] -- Up-to-date symlink: /home/vodka/turtlebot3_ws/install/dynamixel_sdk/share/dynamixel_sdk/environment/ament_prefix_path.dsv
[1.099s] -- Up-to-date symlink: /home/vodka/turtlebot3_ws/install/dynamixel_sdk/share/dynamixel_sdk/environment/path.sh
[1.099s] -- Up-to-date symlink: /home/vodka/turtlebot3_ws/install/dynamixel_sdk/share/dynamixel_sdk/environment/path.dsv
[1.105s] -- Up-to-date symlink: /home/vodka/turtlebot3_ws/install/dynamixel_sdk/share/dynamixel_sdk/local_setup.bash
[1.116s] -- Up-to-date symlink: /home/vodka/turtlebot3_ws/install/dynamixel_sdk/share/dynamixel_sdk/local_setup.sh
[1.116s] -- Up-to-date symlink: /home/vodka/turtlebot3_ws/install/dynamixel_sdk/share/dynamixel_sdk/local_setup.zsh
[1.116s] -- Up-to-date symlink: /home/vodka/turtlebot3_ws/install/dynamixel_sdk/share/dynamixel_sdk/local_setup.dsv
[1.116s] -- Symlinking: /home/vodka/turtlebot3_ws/install/dynamixel_sdk/share/dynamixel_sdk/package.dsv
[1.174s] -- Up-to-date symlink: /home/vodka/turtlebot3_ws/install/dynamixel_sdk/share/ament_index/resource_index/packages/dynamixel_sdk
[1.174s] -- Up-to-date symlink: /home/vodka/turtlebot3_ws/install/dynamixel_sdk/share/dynamixel_sdk/cmake/ament_cmake_export_include_directories-extras.cmake
[1.174s] -- Up-to-date symlink: /home/vodka/turtlebot3_ws/install/dynamixel_sdk/share/dynamixel_sdk/cmake/ament_cmake_export_libraries-extras.cmake
[1.174s] -- Up-to-date symlink: /home/vodka/turtlebot3_ws/install/dynamixel_sdk/share/dynamixel_sdk/cmake/dynamixel_sdkConfig.cmake
[1.174s] -- Up-to-date symlink: /home/vodka/turtlebot3_ws/install/dynamixel_sdk/share/dynamixel_sdk/cmake/dynamixel_sdkConfig-version.cmake
[1.174s] -- Up-to-date symlink: /home/vodka/turtlebot3_ws/install/dynamixel_sdk/share/dynamixel_sdk/package.xml
[1.487s] Invoked command in '/home/vodka/turtlebot3_ws/build/dynamixel_sdk' returned '0': CMAKE_PREFIX_PATH=/opt/ros/humble /usr/bin/cmake --install /home/vodka/turtlebot3_ws/build/dynamixel_sdk
