[2.893s] Invoking command in '/home/vodka/turtlebot3_ws/build/turtlebot3_example': CMAKE_PREFIX_PATH=/home/vodka/turtlebot3_ws/install/turtlebot3_msgs:/home/vodka/turtlebot3_ws/install/turtlebot3:/home/vodka/turtlebot3_ws/install/turtlebot3_simulations:/home/vodka/turtlebot3_ws/install/turtlebot3_bringup:/home/vodka/turtlebot3_ws/install/turtlebot3_node:/home/vodka/turtlebot3_ws/install/turtlebot3_navigation2:/home/vodka/turtlebot3_ws/install/turtlebot3_fake_node:/home/vodka/turtlebot3_ws/install/turtlebot3_gazebo:/home/vodka/turtlebot3_ws/install/turtlebot3_description:/home/vodka/turtlebot3_ws/install/turtlebot3_cartographer:/home/vodka/turtlebot3_ws/install/dynamixel_sdk_examples:/home/vodka/turtlebot3_ws/install/dynamixel_sdk_custom_interfaces:/home/vodka/turtlebot3_ws/install/dynamixel_sdk PYTHONPATH=/home/vodka/turtlebot3_ws/build/turtlebot3_example/prefix_override:/home/vodka/turtlebot3_ws/install/turtlebot3_example/lib/python3.10/site-packages:${PYTHONPATH} /usr/bin/python3 setup.py develop --editable --build-directory /home/vodka/turtlebot3_ws/build/turtlebot3_example/build --no-deps install_data
[3.908s] running develop
[3.916s] /usr/lib/python3/dist-packages/setuptools/command/easy_install.py:158: EasyInstallDeprecationWarning: easy_install command is deprecated. Use build and pip and other standards-based tools.
[3.916s]   warnings.warn(
[3.919s] /usr/lib/python3/dist-packages/setuptools/command/install.py:34: SetuptoolsDeprecationWarning: setup.py install is deprecated. Use build and pip and other standards-based tools.
[3.920s]   warnings.warn(
[4.655s] running egg_info
[4.655s] creating turtlebot3_example.egg-info
[4.656s] writing turtlebot3_example.egg-info/PKG-INFO
[4.656s] writing dependency_links to turtlebot3_example.egg-info/dependency_links.txt
[4.656s] writing entry points to turtlebot3_example.egg-info/entry_points.txt
[4.657s] writing requirements to turtlebot3_example.egg-info/requires.txt
[4.657s] writing top-level names to turtlebot3_example.egg-info/top_level.txt
[4.657s] writing manifest file 'turtlebot3_example.egg-info/SOURCES.txt'
[4.664s] reading manifest file 'turtlebot3_example.egg-info/SOURCES.txt'
[4.666s] writing manifest file 'turtlebot3_example.egg-info/SOURCES.txt'
[4.676s] running build_ext
[4.676s] Creating /home/vodka/turtlebot3_ws/install/turtlebot3_example/lib/python3.10/site-packages/turtlebot3-example.egg-link (link to .)
[4.678s] Installing turtlebot3_obstacle_detection script to /home/vodka/turtlebot3_ws/install/turtlebot3_example/lib/turtlebot3_example
[4.678s] Installing turtlebot3_patrol_client script to /home/vodka/turtlebot3_ws/install/turtlebot3_example/lib/turtlebot3_example
[4.680s] Installing turtlebot3_patrol_server script to /home/vodka/turtlebot3_ws/install/turtlebot3_example/lib/turtlebot3_example
[4.680s] Installing turtlebot3_position_control script to /home/vodka/turtlebot3_ws/install/turtlebot3_example/lib/turtlebot3_example
[4.680s] 
[4.680s] Installed /home/vodka/turtlebot3_ws/build/turtlebot3_example
[4.680s] running install_data
[4.681s] creating /home/vodka/turtlebot3_ws/install/turtlebot3_example/share/ament_index
[4.681s] creating /home/vodka/turtlebot3_ws/install/turtlebot3_example/share/ament_index/resource_index
[4.681s] creating /home/vodka/turtlebot3_ws/install/turtlebot3_example/share/ament_index/resource_index/packages
[4.681s] copying resource/turtlebot3_example -> /home/vodka/turtlebot3_ws/install/turtlebot3_example/share/ament_index/resource_index/packages
[4.681s] copying package.xml -> /home/vodka/turtlebot3_ws/install/turtlebot3_example/share/turtlebot3_example
[4.813s] Invoked command in '/home/vodka/turtlebot3_ws/build/turtlebot3_example' returned '0': CMAKE_PREFIX_PATH=/home/vodka/turtlebot3_ws/install/turtlebot3_msgs:/home/vodka/turtlebot3_ws/install/turtlebot3:/home/vodka/turtlebot3_ws/install/turtlebot3_simulations:/home/vodka/turtlebot3_ws/install/turtlebot3_bringup:/home/vodka/turtlebot3_ws/install/turtlebot3_node:/home/vodka/turtlebot3_ws/install/turtlebot3_navigation2:/home/vodka/turtlebot3_ws/install/turtlebot3_fake_node:/home/vodka/turtlebot3_ws/install/turtlebot3_gazebo:/home/vodka/turtlebot3_ws/install/turtlebot3_description:/home/vodka/turtlebot3_ws/install/turtlebot3_cartographer:/home/vodka/turtlebot3_ws/install/dynamixel_sdk_examples:/home/vodka/turtlebot3_ws/install/dynamixel_sdk_custom_interfaces:/home/vodka/turtlebot3_ws/install/dynamixel_sdk PYTHONPATH=/home/vodka/turtlebot3_ws/build/turtlebot3_example/prefix_override:/home/vodka/turtlebot3_ws/install/turtlebot3_example/lib/python3.10/site-packages:${PYTHONPATH} /usr/bin/python3 setup.py develop --editable --build-directory /home/vodka/turtlebot3_ws/build/turtlebot3_example/build --no-deps install_data
