[0.282s] Invoking command in '/home/vodka/turtlebot3_ws/build/dynamixel_sdk': CMAKE_PREFIX_PATH=/opt/ros/humble /usr/bin/cmake --build /home/vodka/turtlebot3_ws/build/dynamixel_sdk -- -j4 -l4
[0.464s] [100%] Built target dynamixel_sdk
[0.530s] Invoked command in '/home/vodka/turtlebot3_ws/build/dynamixel_sdk' returned '0': CMAKE_PREFIX_PATH=/opt/ros/humble /usr/bin/cmake --build /home/vodka/turtlebot3_ws/build/dynamixel_sdk -- -j4 -l4
[1.281s] Invoking command in '/home/vodka/turtlebot3_ws/build/dynamixel_sdk': CMAKE_PREFIX_PATH=/opt/ros/humble /usr/bin/cmake --install /home/vodka/turtlebot3_ws/build/dynamixel_sdk
[1.322s] -- Install configuration: ""
[1.326s] -- Execute custom install script
[1.328s] -- Up-to-date symlink: /home/vodka/turtlebot3_ws/install/dynamixel_sdk/include//dynamixel_sdk/dynamixel_sdk.h
[1.333s] -- Up-to-date symlink: /home/vodka/turtlebot3_ws/install/dynamixel_sdk/include//dynamixel_sdk/group_bulk_read.h
[1.334s] -- Up-to-date symlink: /home/vodka/turtlebot3_ws/install/dynamixel_sdk/include//dynamixel_sdk/group_bulk_write.h
[1.334s] -- Up-to-date symlink: /home/vodka/turtlebot3_ws/install/dynamixel_sdk/include//dynamixel_sdk/group_sync_read.h
[1.337s] -- Up-to-date symlink: /home/vodka/turtlebot3_ws/install/dynamixel_sdk/include//dynamixel_sdk/group_sync_write.h
[1.338s] -- Up-to-date symlink: /home/vodka/turtlebot3_ws/install/dynamixel_sdk/include//dynamixel_sdk/packet_handler.h
[1.339s] -- Up-to-date symlink: /home/vodka/turtlebot3_ws/install/dynamixel_sdk/include//dynamixel_sdk/port_handler.h
[1.341s] -- Up-to-date symlink: /home/vodka/turtlebot3_ws/install/dynamixel_sdk/include//dynamixel_sdk/port_handler_arduino.h
[1.342s] -- Up-to-date symlink: /home/vodka/turtlebot3_ws/install/dynamixel_sdk/include//dynamixel_sdk/port_handler_linux.h
[1.343s] -- Up-to-date symlink: /home/vodka/turtlebot3_ws/install/dynamixel_sdk/include//dynamixel_sdk/port_handler_mac.h
[1.344s] -- Up-to-date symlink: /home/vodka/turtlebot3_ws/install/dynamixel_sdk/include//dynamixel_sdk/port_handler_windows.h
[1.344s] -- Up-to-date symlink: /home/vodka/turtlebot3_ws/install/dynamixel_sdk/include//dynamixel_sdk/protocol1_packet_handler.h
[1.345s] -- Up-to-date symlink: /home/vodka/turtlebot3_ws/install/dynamixel_sdk/include//dynamixel_sdk/protocol2_packet_handler.h
[1.346s] -- Up-to-date symlink: /home/vodka/turtlebot3_ws/install/dynamixel_sdk/lib/libdynamixel_sdk.so
[1.349s] -- Up-to-date symlink: /home/vodka/turtlebot3_ws/install/dynamixel_sdk/share/dynamixel_sdk/environment/library_path.sh
[1.351s] -- Up-to-date symlink: /home/vodka/turtlebot3_ws/install/dynamixel_sdk/share/dynamixel_sdk/environment/library_path.dsv
[1.352s] -- Up-to-date symlink: /home/vodka/turtlebot3_ws/install/dynamixel_sdk/share/ament_index/resource_index/package_run_dependencies/dynamixel_sdk
[1.352s] -- Up-to-date symlink: /home/vodka/turtlebot3_ws/install/dynamixel_sdk/share/ament_index/resource_index/parent_prefix_path/dynamixel_sdk
[1.353s] -- Up-to-date symlink: /home/vodka/turtlebot3_ws/install/dynamixel_sdk/share/dynamixel_sdk/environment/ament_prefix_path.sh
[1.354s] -- Up-to-date symlink: /home/vodka/turtlebot3_ws/install/dynamixel_sdk/share/dynamixel_sdk/environment/ament_prefix_path.dsv
[1.354s] -- Up-to-date symlink: /home/vodka/turtlebot3_ws/install/dynamixel_sdk/share/dynamixel_sdk/environment/path.sh
[1.355s] -- Up-to-date symlink: /home/vodka/turtlebot3_ws/install/dynamixel_sdk/share/dynamixel_sdk/environment/path.dsv
[1.358s] -- Up-to-date symlink: /home/vodka/turtlebot3_ws/install/dynamixel_sdk/share/dynamixel_sdk/local_setup.bash
[1.361s] -- Up-to-date symlink: /home/vodka/turtlebot3_ws/install/dynamixel_sdk/share/dynamixel_sdk/local_setup.sh
[1.364s] -- Up-to-date symlink: /home/vodka/turtlebot3_ws/install/dynamixel_sdk/share/dynamixel_sdk/local_setup.zsh
[1.365s] -- Up-to-date symlink: /home/vodka/turtlebot3_ws/install/dynamixel_sdk/share/dynamixel_sdk/local_setup.dsv
[1.365s] -- Symlinking: /home/vodka/turtlebot3_ws/install/dynamixel_sdk/share/dynamixel_sdk/package.dsv
[1.386s] -- Up-to-date symlink: /home/vodka/turtlebot3_ws/install/dynamixel_sdk/share/ament_index/resource_index/packages/dynamixel_sdk
[1.386s] -- Up-to-date symlink: /home/vodka/turtlebot3_ws/install/dynamixel_sdk/share/dynamixel_sdk/cmake/ament_cmake_export_include_directories-extras.cmake
[1.387s] -- Up-to-date symlink: /home/vodka/turtlebot3_ws/install/dynamixel_sdk/share/dynamixel_sdk/cmake/ament_cmake_export_libraries-extras.cmake
[1.388s] -- Up-to-date symlink: /home/vodka/turtlebot3_ws/install/dynamixel_sdk/share/dynamixel_sdk/cmake/dynamixel_sdkConfig.cmake
[1.389s] -- Up-to-date symlink: /home/vodka/turtlebot3_ws/install/dynamixel_sdk/share/dynamixel_sdk/cmake/dynamixel_sdkConfig-version.cmake
[1.390s] -- Up-to-date symlink: /home/vodka/turtlebot3_ws/install/dynamixel_sdk/share/dynamixel_sdk/package.xml
[1.401s] Invoked command in '/home/vodka/turtlebot3_ws/build/dynamixel_sdk' returned '0': CMAKE_PREFIX_PATH=/opt/ros/humble /usr/bin/cmake --install /home/vodka/turtlebot3_ws/build/dynamixel_sdk
