[3.205s] Invoking command in '/home/vodka/turtlebot3_ws/build/turtlebot3_teleop': PYTHONPATH=/home/vodka/turtlebot3_ws/build/turtlebot3_teleop/prefix_override:/home/vodka/turtlebot3_ws/install/turtlebot3_teleop/lib/python3.10/site-packages:${PYTHONPATH} /usr/bin/python3 setup.py develop --editable --build-directory /home/vodka/turtlebot3_ws/build/turtlebot3_teleop/build --no-deps install_data
[3.975s] running develop
[3.976s] /usr/lib/python3/dist-packages/setuptools/command/easy_install.py:158: EasyInstallDeprecationWarning: easy_install command is deprecated. Use build and pip and other standards-based tools.
[3.976s]   warnings.warn(
[3.979s] /usr/lib/python3/dist-packages/setuptools/command/install.py:34: SetuptoolsDeprecationWarning: setup.py install is deprecated. Use build and pip and other standards-based tools.
[3.979s]   warnings.warn(
[4.541s] running egg_info
[4.542s] creating turtlebot3_teleop.egg-info
[4.542s] writing turtlebot3_teleop.egg-info/PKG-INFO
[4.548s] writing dependency_links to turtlebot3_teleop.egg-info/dependency_links.txt
[4.548s] writing entry points to turtlebot3_teleop.egg-info/entry_points.txt
[4.549s] writing requirements to turtlebot3_teleop.egg-info/requires.txt
[4.549s] writing top-level names to turtlebot3_teleop.egg-info/top_level.txt
[4.550s] writing manifest file 'turtlebot3_teleop.egg-info/SOURCES.txt'
[4.564s] reading manifest file 'turtlebot3_teleop.egg-info/SOURCES.txt'
[4.566s] writing manifest file 'turtlebot3_teleop.egg-info/SOURCES.txt'
[4.569s] running build_ext
[4.569s] Creating /home/vodka/turtlebot3_ws/install/turtlebot3_teleop/lib/python3.10/site-packages/turtlebot3-teleop.egg-link (link to .)
[4.571s] Installing teleop_keyboard script to /home/vodka/turtlebot3_ws/install/turtlebot3_teleop/lib/turtlebot3_teleop
[4.571s] 
[4.572s] Installed /home/vodka/turtlebot3_ws/build/turtlebot3_teleop
[4.572s] running install_data
[4.572s] creating /home/vodka/turtlebot3_ws/install/turtlebot3_teleop/share/ament_index
[4.572s] creating /home/vodka/turtlebot3_ws/install/turtlebot3_teleop/share/ament_index/resource_index
[4.572s] creating /home/vodka/turtlebot3_ws/install/turtlebot3_teleop/share/ament_index/resource_index/packages
[4.573s] copying resource/turtlebot3_teleop -> /home/vodka/turtlebot3_ws/install/turtlebot3_teleop/share/ament_index/resource_index/packages
[4.573s] copying package.xml -> /home/vodka/turtlebot3_ws/install/turtlebot3_teleop/share/turtlebot3_teleop
[4.712s] Invoked command in '/home/vodka/turtlebot3_ws/build/turtlebot3_teleop' returned '0': PYTHONPATH=/home/vodka/turtlebot3_ws/build/turtlebot3_teleop/prefix_override:/home/vodka/turtlebot3_ws/install/turtlebot3_teleop/lib/python3.10/site-packages:${PYTHONPATH} /usr/bin/python3 setup.py develop --editable --build-directory /home/vodka/turtlebot3_ws/build/turtlebot3_teleop/build --no-deps install_data
