[0.202s] Invoking command in '/home/vodka/turtlebot3_ws/build/turtlebot3_solver': CMAKE_PREFIX_PATH=${CMAKE_PREFIX_PATH}:/home/vodka/turtlebot3_ws/install/turtlebot3_teleop:/home/vodka/turtlebot3_ws/install/turtlebot3_example:/opt/ros/humble /usr/bin/cmake --build /home/vodka/turtlebot3_ws/build/turtlebot3_solver -- -j4 -l4
[0.666s] Invoked command in '/home/vodka/turtlebot3_ws/build/turtlebot3_solver' returned '0': CMAKE_PREFIX_PATH=${CMAKE_PREFIX_PATH}:/home/vodka/turtlebot3_ws/install/turtlebot3_teleop:/home/vodka/turtlebot3_ws/install/turtlebot3_example:/opt/ros/humble /usr/bin/cmake --build /home/vodka/turtlebot3_ws/build/turtlebot3_solver -- -j4 -l4
[0.710s] Invoking command in '/home/vodka/turtlebot3_ws/build/turtlebot3_solver': CMAKE_PREFIX_PATH=${CMAKE_PREFIX_PATH}:/home/vodka/turtlebot3_ws/install/turtlebot3_teleop:/home/vodka/turtlebot3_ws/install/turtlebot3_example:/opt/ros/humble /usr/bin/cmake --install /home/vodka/turtlebot3_ws/build/turtlebot3_solver
[0.731s] -- Install configuration: ""
[0.732s] -- Execute custom install script
[0.733s] -- Up-to-date symlink: /home/vodka/turtlebot3_ws/install/turtlebot3_solver/share/ament_index/resource_index/package_run_dependencies/turtlebot3_solver
[0.733s] -- Up-to-date symlink: /home/vodka/turtlebot3_ws/install/turtlebot3_solver/share/ament_index/resource_index/parent_prefix_path/turtlebot3_solver
[0.734s] -- Up-to-date symlink: /home/vodka/turtlebot3_ws/install/turtlebot3_solver/share/turtlebot3_solver/environment/ament_prefix_path.sh
[0.735s] -- Up-to-date symlink: /home/vodka/turtlebot3_ws/install/turtlebot3_solver/share/turtlebot3_solver/environment/ament_prefix_path.dsv
[0.736s] -- Up-to-date symlink: /home/vodka/turtlebot3_ws/install/turtlebot3_solver/share/turtlebot3_solver/environment/path.sh
[0.736s] -- Up-to-date symlink: /home/vodka/turtlebot3_ws/install/turtlebot3_solver/share/turtlebot3_solver/environment/path.dsv
[0.738s] -- Up-to-date symlink: /home/vodka/turtlebot3_ws/install/turtlebot3_solver/share/turtlebot3_solver/local_setup.bash
[0.738s] -- Up-to-date symlink: /home/vodka/turtlebot3_ws/install/turtlebot3_solver/share/turtlebot3_solver/local_setup.sh
[0.739s] -- Up-to-date symlink: /home/vodka/turtlebot3_ws/install/turtlebot3_solver/share/turtlebot3_solver/local_setup.zsh
[0.739s] -- Up-to-date symlink: /home/vodka/turtlebot3_ws/install/turtlebot3_solver/share/turtlebot3_solver/local_setup.dsv
[0.740s] -- Symlinking: /home/vodka/turtlebot3_ws/install/turtlebot3_solver/share/turtlebot3_solver/package.dsv
[0.760s] -- Up-to-date symlink: /home/vodka/turtlebot3_ws/install/turtlebot3_solver/share/ament_index/resource_index/packages/turtlebot3_solver
[0.760s] -- Up-to-date symlink: /home/vodka/turtlebot3_ws/install/turtlebot3_solver/share/turtlebot3_solver/cmake/turtlebot3_solverConfig.cmake
[0.760s] -- Up-to-date symlink: /home/vodka/turtlebot3_ws/install/turtlebot3_solver/share/turtlebot3_solver/cmake/turtlebot3_solverConfig-version.cmake
[0.760s] -- Up-to-date symlink: /home/vodka/turtlebot3_ws/install/turtlebot3_solver/share/turtlebot3_solver/package.xml
[0.854s] Invoked command in '/home/vodka/turtlebot3_ws/build/turtlebot3_solver' returned '0': CMAKE_PREFIX_PATH=${CMAKE_PREFIX_PATH}:/home/vodka/turtlebot3_ws/install/turtlebot3_teleop:/home/vodka/turtlebot3_ws/install/turtlebot3_example:/opt/ros/humble /usr/bin/cmake --install /home/vodka/turtlebot3_ws/build/turtlebot3_solver
