[0.281s] Invoking command in '/home/vodka/turtlebot3_ws/build/turtlebot3_description': CMAKE_PREFIX_PATH=${CMAKE_PREFIX_PATH}:/home/vodka/turtlebot3_ws/install/turtlebot3_teleop:/home/vodka/turtlebot3_ws/install/turtlebot3_example:/opt/ros/humble /usr/bin/cmake --build /home/vodka/turtlebot3_ws/build/turtlebot3_description -- -j4 -l4
[0.441s] Invoked command in '/home/vodka/turtlebot3_ws/build/turtlebot3_description' returned '0': CMAKE_PREFIX_PATH=${CMAKE_PREFIX_PATH}:/home/vodka/turtlebot3_ws/install/turtlebot3_teleop:/home/vodka/turtlebot3_ws/install/turtlebot3_example:/opt/ros/humble /usr/bin/cmake --build /home/vodka/turtlebot3_ws/build/turtlebot3_description -- -j4 -l4
[0.735s] Invoking command in '/home/vodka/turtlebot3_ws/build/turtlebot3_description': CMAKE_PREFIX_PATH=${CMAKE_PREFIX_PATH}:/home/vodka/turtlebot3_ws/install/turtlebot3_teleop:/home/vodka/turtlebot3_ws/install/turtlebot3_example:/opt/ros/humble /usr/bin/cmake --install /home/vodka/turtlebot3_ws/build/turtlebot3_description
[0.778s] -- Install configuration: ""
[0.784s] -- Execute custom install script
[0.786s] -- Up-to-date symlink: /home/vodka/turtlebot3_ws/install/turtlebot3_description/share/turtlebot3_description/meshes/bases/burger_base.stl
[0.786s] -- Up-to-date symlink: /home/vodka/turtlebot3_ws/install/turtlebot3_description/share/turtlebot3_description/meshes/bases/waffle_base.stl
[0.786s] -- Up-to-date symlink: /home/vodka/turtlebot3_ws/install/turtlebot3_description/share/turtlebot3_description/meshes/bases/waffle_pi_base.stl
[0.786s] -- Up-to-date symlink: /home/vodka/turtlebot3_ws/install/turtlebot3_description/share/turtlebot3_description/meshes/sensors/astra.dae
[0.787s] -- Up-to-date symlink: /home/vodka/turtlebot3_ws/install/turtlebot3_description/share/turtlebot3_description/meshes/sensors/astra.jpg
[0.787s] -- Up-to-date symlink: /home/vodka/turtlebot3_ws/install/turtlebot3_description/share/turtlebot3_description/meshes/sensors/lds.stl
[0.787s] -- Up-to-date symlink: /home/vodka/turtlebot3_ws/install/turtlebot3_description/share/turtlebot3_description/meshes/sensors/r200.dae
[0.788s] -- Up-to-date symlink: /home/vodka/turtlebot3_ws/install/turtlebot3_description/share/turtlebot3_description/meshes/sensors/r200.jpg
[0.788s] -- Up-to-date symlink: /home/vodka/turtlebot3_ws/install/turtlebot3_description/share/turtlebot3_description/meshes/wheels/left_tire.stl
[0.788s] -- Up-to-date symlink: /home/vodka/turtlebot3_ws/install/turtlebot3_description/share/turtlebot3_description/meshes/wheels/right_tire.stl
[0.788s] -- Up-to-date symlink: /home/vodka/turtlebot3_ws/install/turtlebot3_description/share/turtlebot3_description/rviz/model.rviz
[0.795s] -- Up-to-date symlink: /home/vodka/turtlebot3_ws/install/turtlebot3_description/share/turtlebot3_description/urdf/common_properties.urdf
[0.796s] -- Up-to-date symlink: /home/vodka/turtlebot3_ws/install/turtlebot3_description/share/turtlebot3_description/urdf/turtlebot3_burger.urdf
[0.797s] -- Up-to-date symlink: /home/vodka/turtlebot3_ws/install/turtlebot3_description/share/turtlebot3_description/urdf/turtlebot3_waffle.urdf
[0.802s] -- Up-to-date symlink: /home/vodka/turtlebot3_ws/install/turtlebot3_description/share/turtlebot3_description/urdf/turtlebot3_waffle_pi.urdf
[0.806s] -- Up-to-date symlink: /home/vodka/turtlebot3_ws/install/turtlebot3_description/share/ament_index/resource_index/package_run_dependencies/turtlebot3_description
[0.811s] -- Up-to-date symlink: /home/vodka/turtlebot3_ws/install/turtlebot3_description/share/ament_index/resource_index/parent_prefix_path/turtlebot3_description
[0.812s] -- Up-to-date symlink: /home/vodka/turtlebot3_ws/install/turtlebot3_description/share/turtlebot3_description/environment/ament_prefix_path.sh
[0.815s] -- Up-to-date symlink: /home/vodka/turtlebot3_ws/install/turtlebot3_description/share/turtlebot3_description/environment/ament_prefix_path.dsv
[0.819s] -- Up-to-date symlink: /home/vodka/turtlebot3_ws/install/turtlebot3_description/share/turtlebot3_description/environment/path.sh
[0.822s] -- Up-to-date symlink: /home/vodka/turtlebot3_ws/install/turtlebot3_description/share/turtlebot3_description/environment/path.dsv
[0.822s] -- Up-to-date symlink: /home/vodka/turtlebot3_ws/install/turtlebot3_description/share/turtlebot3_description/local_setup.bash
[0.823s] -- Up-to-date symlink: /home/vodka/turtlebot3_ws/install/turtlebot3_description/share/turtlebot3_description/local_setup.sh
[0.823s] -- Up-to-date symlink: /home/vodka/turtlebot3_ws/install/turtlebot3_description/share/turtlebot3_description/local_setup.zsh
[0.824s] -- Up-to-date symlink: /home/vodka/turtlebot3_ws/install/turtlebot3_description/share/turtlebot3_description/local_setup.dsv
[0.826s] -- Symlinking: /home/vodka/turtlebot3_ws/install/turtlebot3_description/share/turtlebot3_description/package.dsv
[0.873s] -- Up-to-date symlink: /home/vodka/turtlebot3_ws/install/turtlebot3_description/share/ament_index/resource_index/packages/turtlebot3_description
[0.875s] -- Up-to-date symlink: /home/vodka/turtlebot3_ws/install/turtlebot3_description/share/turtlebot3_description/cmake/turtlebot3_descriptionConfig.cmake
[0.875s] -- Up-to-date symlink: /home/vodka/turtlebot3_ws/install/turtlebot3_description/share/turtlebot3_description/cmake/turtlebot3_descriptionConfig-version.cmake
[0.876s] -- Up-to-date symlink: /home/vodka/turtlebot3_ws/install/turtlebot3_description/share/turtlebot3_description/package.xml
[0.883s] Invoked command in '/home/vodka/turtlebot3_ws/build/turtlebot3_description' returned '0': CMAKE_PREFIX_PATH=${CMAKE_PREFIX_PATH}:/home/vodka/turtlebot3_ws/install/turtlebot3_teleop:/home/vodka/turtlebot3_ws/install/turtlebot3_example:/opt/ros/humble /usr/bin/cmake --install /home/vodka/turtlebot3_ws/build/turtlebot3_description
