[0.105s] Invoking command in '/home/vodka/turtlebot3_ws/build/turtlebot3_simulations': CMAKE_PREFIX_PATH=/home/vodka/turtlebot3_ws/install/turtlebot3_fake_node:/home/vodka/turtlebot3_ws/install/turtlebot3_msgs:/home/vodka/turtlebot3_ws/install/turtlebot3_gazebo:/home/vodka/turtlebot3_ws/install/turtlebot3:/home/vodka/turtlebot3_ws/install/turtlebot3_simulations:/home/vodka/turtlebot3_ws/install/turtlebot3_bringup:/home/vodka/turtlebot3_ws/install/turtlebot3_node:/home/vodka/turtlebot3_ws/install/turtlebot3_navigation2:/home/vodka/turtlebot3_ws/install/turtlebot3_description:/home/vodka/turtlebot3_ws/install/turtlebot3_cartographer:/home/vodka/turtlebot3_ws/install/dynamixel_sdk_examples:/home/vodka/turtlebot3_ws/install/dynamixel_sdk_custom_interfaces:/home/vodka/turtlebot3_ws/install/dynamixel_sdk:/home/vodka/turtlebot3_ws/install/turtlebot3_teleop:/home/vodka/turtlebot3_ws/install/turtlebot3_example:/opt/ros/humble /usr/bin/cmake /home/vodka/turtlebot3_ws/src/turtlebot3_simulations/turtlebot3_simulations -DAMENT_CMAKE_SYMLINK_INSTALL=1 -DCMAKE_INSTALL_PREFIX=/home/vodka/turtlebot3_ws/install/turtlebot3_simulations
[0.169s] -- The C compiler identification is GNU 11.4.0
[0.241s] -- The CXX compiler identification is GNU 11.4.0
[0.252s] -- Detecting C compiler ABI info
[0.336s] -- Detecting C compiler ABI info - done
[0.346s] -- Check for working C compiler: /usr/bin/cc - skipped
[0.346s] -- Detecting C compile features
[0.347s] -- Detecting C compile features - done
[0.350s] -- Detecting CXX compiler ABI info
[0.445s] -- Detecting CXX compiler ABI info - done
[0.463s] -- Check for working CXX compiler: /usr/bin/c++ - skipped
[0.463s] -- Detecting CXX compile features
[0.464s] -- Detecting CXX compile features - done
[0.470s] -- Found ament_cmake: 1.3.6 (/opt/ros/humble/share/ament_cmake/cmake)
[0.707s] -- Found Python3: /usr/bin/python3.10 (found version "3.10.12") found components: Interpreter 
[0.791s] -- Override CMake install command with custom implementation using symlinks instead of copying resources
[0.938s] -- Configuring done
[0.941s] -- Generating done
[0.943s] -- Build files have been written to: /home/vodka/turtlebot3_ws/build/turtlebot3_simulations
[0.948s] Invoked command in '/home/vodka/turtlebot3_ws/build/turtlebot3_simulations' returned '0': CMAKE_PREFIX_PATH=/home/vodka/turtlebot3_ws/install/turtlebot3_fake_node:/home/vodka/turtlebot3_ws/install/turtlebot3_msgs:/home/vodka/turtlebot3_ws/install/turtlebot3_gazebo:/home/vodka/turtlebot3_ws/install/turtlebot3:/home/vodka/turtlebot3_ws/install/turtlebot3_simulations:/home/vodka/turtlebot3_ws/install/turtlebot3_bringup:/home/vodka/turtlebot3_ws/install/turtlebot3_node:/home/vodka/turtlebot3_ws/install/turtlebot3_navigation2:/home/vodka/turtlebot3_ws/install/turtlebot3_description:/home/vodka/turtlebot3_ws/install/turtlebot3_cartographer:/home/vodka/turtlebot3_ws/install/dynamixel_sdk_examples:/home/vodka/turtlebot3_ws/install/dynamixel_sdk_custom_interfaces:/home/vodka/turtlebot3_ws/install/dynamixel_sdk:/home/vodka/turtlebot3_ws/install/turtlebot3_teleop:/home/vodka/turtlebot3_ws/install/turtlebot3_example:/opt/ros/humble /usr/bin/cmake /home/vodka/turtlebot3_ws/src/turtlebot3_simulations/turtlebot3_simulations -DAMENT_CMAKE_SYMLINK_INSTALL=1 -DCMAKE_INSTALL_PREFIX=/home/vodka/turtlebot3_ws/install/turtlebot3_simulations
[0.950s] Invoking command in '/home/vodka/turtlebot3_ws/build/turtlebot3_simulations': CMAKE_PREFIX_PATH=/home/vodka/turtlebot3_ws/install/turtlebot3_fake_node:/home/vodka/turtlebot3_ws/install/turtlebot3_msgs:/home/vodka/turtlebot3_ws/install/turtlebot3_gazebo:/home/vodka/turtlebot3_ws/install/turtlebot3:/home/vodka/turtlebot3_ws/install/turtlebot3_simulations:/home/vodka/turtlebot3_ws/install/turtlebot3_bringup:/home/vodka/turtlebot3_ws/install/turtlebot3_node:/home/vodka/turtlebot3_ws/install/turtlebot3_navigation2:/home/vodka/turtlebot3_ws/install/turtlebot3_description:/home/vodka/turtlebot3_ws/install/turtlebot3_cartographer:/home/vodka/turtlebot3_ws/install/dynamixel_sdk_examples:/home/vodka/turtlebot3_ws/install/dynamixel_sdk_custom_interfaces:/home/vodka/turtlebot3_ws/install/dynamixel_sdk:/home/vodka/turtlebot3_ws/install/turtlebot3_teleop:/home/vodka/turtlebot3_ws/install/turtlebot3_example:/opt/ros/humble /usr/bin/cmake --build /home/vodka/turtlebot3_ws/build/turtlebot3_simulations -- -j4 -l4
[0.996s] Invoked command in '/home/vodka/turtlebot3_ws/build/turtlebot3_simulations' returned '0': CMAKE_PREFIX_PATH=/home/vodka/turtlebot3_ws/install/turtlebot3_fake_node:/home/vodka/turtlebot3_ws/install/turtlebot3_msgs:/home/vodka/turtlebot3_ws/install/turtlebot3_gazebo:/home/vodka/turtlebot3_ws/install/turtlebot3:/home/vodka/turtlebot3_ws/install/turtlebot3_simulations:/home/vodka/turtlebot3_ws/install/turtlebot3_bringup:/home/vodka/turtlebot3_ws/install/turtlebot3_node:/home/vodka/turtlebot3_ws/install/turtlebot3_navigation2:/home/vodka/turtlebot3_ws/install/turtlebot3_description:/home/vodka/turtlebot3_ws/install/turtlebot3_cartographer:/home/vodka/turtlebot3_ws/install/dynamixel_sdk_examples:/home/vodka/turtlebot3_ws/install/dynamixel_sdk_custom_interfaces:/home/vodka/turtlebot3_ws/install/dynamixel_sdk:/home/vodka/turtlebot3_ws/install/turtlebot3_teleop:/home/vodka/turtlebot3_ws/install/turtlebot3_example:/opt/ros/humble /usr/bin/cmake --build /home/vodka/turtlebot3_ws/build/turtlebot3_simulations -- -j4 -l4
[1.028s] Invoking command in '/home/vodka/turtlebot3_ws/build/turtlebot3_simulations': CMAKE_PREFIX_PATH=/home/vodka/turtlebot3_ws/install/turtlebot3_fake_node:/home/vodka/turtlebot3_ws/install/turtlebot3_msgs:/home/vodka/turtlebot3_ws/install/turtlebot3_gazebo:/home/vodka/turtlebot3_ws/install/turtlebot3:/home/vodka/turtlebot3_ws/install/turtlebot3_simulations:/home/vodka/turtlebot3_ws/install/turtlebot3_bringup:/home/vodka/turtlebot3_ws/install/turtlebot3_node:/home/vodka/turtlebot3_ws/install/turtlebot3_navigation2:/home/vodka/turtlebot3_ws/install/turtlebot3_description:/home/vodka/turtlebot3_ws/install/turtlebot3_cartographer:/home/vodka/turtlebot3_ws/install/dynamixel_sdk_examples:/home/vodka/turtlebot3_ws/install/dynamixel_sdk_custom_interfaces:/home/vodka/turtlebot3_ws/install/dynamixel_sdk:/home/vodka/turtlebot3_ws/install/turtlebot3_teleop:/home/vodka/turtlebot3_ws/install/turtlebot3_example:/opt/ros/humble /usr/bin/cmake --install /home/vodka/turtlebot3_ws/build/turtlebot3_simulations
[1.042s] -- Install configuration: ""
[1.042s] -- Execute custom install script
[1.042s] -- Symlinking: /home/vodka/turtlebot3_ws/install/turtlebot3_simulations/share/ament_index/resource_index/package_run_dependencies/turtlebot3_simulations
[1.056s] -- Symlinking: /home/vodka/turtlebot3_ws/install/turtlebot3_simulations/share/ament_index/resource_index/parent_prefix_path/turtlebot3_simulations
[1.069s] -- Symlinking: /home/vodka/turtlebot3_ws/install/turtlebot3_simulations/share/turtlebot3_simulations/environment/ament_prefix_path.sh
[1.082s] -- Symlinking: /home/vodka/turtlebot3_ws/install/turtlebot3_simulations/share/turtlebot3_simulations/environment/ament_prefix_path.dsv
[1.100s] -- Symlinking: /home/vodka/turtlebot3_ws/install/turtlebot3_simulations/share/turtlebot3_simulations/environment/path.sh
[1.111s] -- Symlinking: /home/vodka/turtlebot3_ws/install/turtlebot3_simulations/share/turtlebot3_simulations/environment/path.dsv
[1.124s] -- Symlinking: /home/vodka/turtlebot3_ws/install/turtlebot3_simulations/share/turtlebot3_simulations/local_setup.bash
[1.136s] -- Symlinking: /home/vodka/turtlebot3_ws/install/turtlebot3_simulations/share/turtlebot3_simulations/local_setup.sh
[1.150s] -- Symlinking: /home/vodka/turtlebot3_ws/install/turtlebot3_simulations/share/turtlebot3_simulations/local_setup.zsh
[1.160s] -- Symlinking: /home/vodka/turtlebot3_ws/install/turtlebot3_simulations/share/turtlebot3_simulations/local_setup.dsv
[1.173s] -- Symlinking: /home/vodka/turtlebot3_ws/install/turtlebot3_simulations/share/turtlebot3_simulations/package.dsv
[1.186s] -- Symlinking: /home/vodka/turtlebot3_ws/install/turtlebot3_simulations/share/ament_index/resource_index/packages/turtlebot3_simulations
[1.199s] -- Symlinking: /home/vodka/turtlebot3_ws/install/turtlebot3_simulations/share/turtlebot3_simulations/cmake/turtlebot3_simulationsConfig.cmake
[1.210s] -- Symlinking: /home/vodka/turtlebot3_ws/install/turtlebot3_simulations/share/turtlebot3_simulations/cmake/turtlebot3_simulationsConfig-version.cmake
[1.222s] -- Symlinking: /home/vodka/turtlebot3_ws/install/turtlebot3_simulations/share/turtlebot3_simulations/package.xml
[1.236s] Invoked command in '/home/vodka/turtlebot3_ws/build/turtlebot3_simulations' returned '0': CMAKE_PREFIX_PATH=/home/vodka/turtlebot3_ws/install/turtlebot3_fake_node:/home/vodka/turtlebot3_ws/install/turtlebot3_msgs:/home/vodka/turtlebot3_ws/install/turtlebot3_gazebo:/home/vodka/turtlebot3_ws/install/turtlebot3:/home/vodka/turtlebot3_ws/install/turtlebot3_simulations:/home/vodka/turtlebot3_ws/install/turtlebot3_bringup:/home/vodka/turtlebot3_ws/install/turtlebot3_node:/home/vodka/turtlebot3_ws/install/turtlebot3_navigation2:/home/vodka/turtlebot3_ws/install/turtlebot3_description:/home/vodka/turtlebot3_ws/install/turtlebot3_cartographer:/home/vodka/turtlebot3_ws/install/dynamixel_sdk_examples:/home/vodka/turtlebot3_ws/install/dynamixel_sdk_custom_interfaces:/home/vodka/turtlebot3_ws/install/dynamixel_sdk:/home/vodka/turtlebot3_ws/install/turtlebot3_teleop:/home/vodka/turtlebot3_ws/install/turtlebot3_example:/opt/ros/humble /usr/bin/cmake --install /home/vodka/turtlebot3_ws/build/turtlebot3_simulations
